Using pre-set license
Built from '2021.2/staging' branch; Version is '2021.2.6f1 (8c4e826ba445) revision 9195138'; Using compiler version '192829333'; Build Type 'Release'
OS: 'Windows 10  (10.0.19041) 64bit Core' Language: 'pt' Physical Memory: 8144 MB
BatchMode: 1, IsHumanControllingUs: 0, StartBugReporterOnCrash: 0, Is64bit: 1, IsPro: 0

COMMAND LINE ARGUMENTS:
C:\Program Files\Unity\Hub\Editor\2021.2.6f1\Editor\Unity.exe
-adb2
-batchMode
-noUpm
-name
AssetImportWorker6
-projectPath
C:/Users/jonat/Documents/DevGames/UnityProjects/Tool/Tool
-logFile
Logs/AssetImportWorker6.log
-srvPort
61218
Successfully changed project path to: C:/Users/jonat/Documents/DevGames/UnityProjects/Tool/Tool
C:/Users/jonat/Documents/DevGames/UnityProjects/Tool/Tool
[UnityMemory] Configuration Parameters - Can be set up in boot.config
    "memorysetup-bucket-allocator-granularity=16"
    "memorysetup-bucket-allocator-bucket-count=8"
    "memorysetup-bucket-allocator-block-size=33554432"
    "memorysetup-bucket-allocator-block-count=8"
    "memorysetup-main-allocator-block-size=16777216"
    "memorysetup-thread-allocator-block-size=16777216"
    "memorysetup-gfx-main-allocator-block-size=16777216"
    "memorysetup-gfx-thread-allocator-block-size=16777216"
    "memorysetup-cache-allocator-block-size=4194304"
    "memorysetup-typetree-allocator-block-size=2097152"
    "memorysetup-profiler-bucket-allocator-granularity=16"
    "memorysetup-profiler-bucket-allocator-bucket-count=8"
    "memorysetup-profiler-bucket-allocator-block-size=33554432"
    "memorysetup-profiler-bucket-allocator-block-count=8"
    "memorysetup-profiler-allocator-block-size=16777216"
    "memorysetup-profiler-editor-allocator-block-size=1048576"
    "memorysetup-temp-allocator-size-main=16777216"
    "memorysetup-job-temp-allocator-block-size=2097152"
    "memorysetup-job-temp-allocator-block-size-background=1048576"
    "memorysetup-job-temp-allocator-reduction-small-platforms=262144"
    "memorysetup-temp-allocator-size-background-worker=32768"
    "memorysetup-temp-allocator-size-job-worker=262144"
    "memorysetup-temp-allocator-size-preload-manager=33554432"
    "memorysetup-temp-allocator-size-nav-mesh-worker=65536"
    "memorysetup-temp-allocator-size-audio-worker=65536"
    "memorysetup-temp-allocator-size-cloud-worker=32768"
    "memorysetup-temp-allocator-size-gi-baking-worker=262144"
    "memorysetup-temp-allocator-size-gfx=262144"
Refreshing native plugins compatible for Editor in 231.23 ms, found 3 plugins.
Preloading 0 native plugins for Editor in 0.00 ms.
Initialize engine version: 2021.2.6f1 (8c4e826ba445)
[Subsystems] Discovering subsystems at path C:/Program Files/Unity/Hub/Editor/2021.2.6f1/Editor/Data/Resources/UnitySubsystems
[Subsystems] Discovering subsystems at path C:/Users/jonat/Documents/DevGames/UnityProjects/Tool/Tool/Assets
GfxDevice: creating device client; threaded=0; jobified=0
Direct3D:
    Version:  Direct3D 11.0 [level 11.1]
    Renderer: NVIDIA GeForce GTX 1060 6GB (ID=0x1c03)
    Vendor:   NVIDIA
    VRAM:     6052 MB
    Driver:   27.21.14.5671
Initialize mono
Mono path[0] = 'C:/Program Files/Unity/Hub/Editor/2021.2.6f1/Editor/Data/Managed'
Mono path[1] = 'C:/Program Files/Unity/Hub/Editor/2021.2.6f1/Editor/Data/MonoBleedingEdge/lib/mono/unityjit-win32'
Mono config path = 'C:/Program Files/Unity/Hub/Editor/2021.2.6f1/Editor/Data/MonoBleedingEdge/etc'
Using monoOptions --debugger-agent=transport=dt_socket,embedding=1,server=y,suspend=n,address=127.0.0.1:56572
Begin MonoManager ReloadAssembly
Registering precompiled unity dll's ...
Register platform support module: C:/Program Files/Unity/Hub/Editor/2021.2.6f1/Editor/Data/PlaybackEngines/WebGLSupport/UnityEditor.WebGL.Extensions.dll
Register platform support module: C:/Program Files/Unity/Hub/Editor/2021.2.6f1/Editor/Data/PlaybackEngines/MacStandaloneSupport/UnityEditor.OSXStandalone.Extensions.dll
Register platform support module: C:/Program Files/Unity/Hub/Editor/2021.2.6f1/Editor/Data/PlaybackEngines/WindowsStandaloneSupport/UnityEditor.WindowsStandalone.Extensions.dll
Register platform support module: C:/Program Files/Unity/Hub/Editor/2021.2.6f1/Editor/Data/PlaybackEngines/LinuxStandaloneSupport/UnityEditor.LinuxStandalone.Extensions.dll
Registered in 0.026897 seconds.
Native extension for LinuxStandalone target not found
Native extension for WindowsStandalone target not found
Native extension for OSXStandalone target not found
Native extension for WebGL target not found
Refreshing native plugins compatible for Editor in 235.74 ms, found 3 plugins.
Preloading 0 native plugins for Editor in 0.00 ms.
Mono: successfully reloaded assembly
- Completed reload, in  1.271 seconds
Domain Reload Profiling:
	ReloadAssembly (1272ms)
		BeginReloadAssembly (148ms)
			ExecutionOrderSort (0ms)
			DisableScriptedObjects (0ms)
			BackupInstance (0ms)
			ReleaseScriptingObjects (0ms)
			CreateAndSetChildDomain (1ms)
		EndReloadAssembly (946ms)
			LoadAssemblies (144ms)
			RebuildTransferFunctionScriptingTraits (0ms)
			SetupTypeCache (194ms)
			ReleaseScriptCaches (0ms)
			RebuildScriptCaches (46ms)
			SetupLoadedEditorAssemblies (601ms)
				LogAssemblyErrors (0ms)
				InitializePlatformSupportModulesInManaged (61ms)
				SetLoadedEditorAssemblies (0ms)
				RefreshPlugins (236ms)
				BeforeProcessingInitializeOnLoad (2ms)
				ProcessInitializeOnLoadAttributes (223ms)
				ProcessInitializeOnLoadMethodAttributes (79ms)
				AfterProcessingInitializeOnLoad (0ms)
				EditorAssembliesLoaded (0ms)
			ExecutionOrderSort2 (0ms)
			AwakeInstancesAfterBackupRestoration (0ms)
Platform modules already initialized, skipping
Registering precompiled user dll's ...
Registered in 0.020163 seconds.
Begin MonoManager ReloadAssembly
Symbol file LoadedFromMemory doesn't match image C:\Users\jonat\Documents\DevGames\UnityProjects\Tool\Tool\Library\PackageCache\com.unity.visualscripting@1.7.5\Editor\VisualScripting.Core\Dependencies\YamlDotNet\Unity.VisualScripting.YamlDotNet.dll
Symbol file LoadedFromMemory doesn't match image C:\Users\jonat\Documents\DevGames\UnityProjects\Tool\Tool\Library\PackageCache\com.unity.visualscripting@1.7.5\Editor\VisualScripting.Core\Dependencies\DotNetZip\Unity.VisualScripting.IonicZip.dll
Native extension for LinuxStandalone target not found
Native extension for WindowsStandalone target not found
Native extension for OSXStandalone target not found
Native extension for WebGL target not found
Refreshing native plugins compatible for Editor in 241.66 ms, found 3 plugins.
Preloading 0 native plugins for Editor in 0.00 ms.
Mono: successfully reloaded assembly
- Completed reload, in  3.102 seconds
Domain Reload Profiling:
	ReloadAssembly (3104ms)
		BeginReloadAssembly (213ms)
			ExecutionOrderSort (0ms)
			DisableScriptedObjects (11ms)
			BackupInstance (0ms)
			ReleaseScriptingObjects (0ms)
			CreateAndSetChildDomain (31ms)
		EndReloadAssembly (2692ms)
			LoadAssemblies (177ms)
			RebuildTransferFunctionScriptingTraits (0ms)
			SetupTypeCache (515ms)
			ReleaseScriptCaches (1ms)
			RebuildScriptCaches (141ms)
			SetupLoadedEditorAssemblies (1789ms)
				LogAssemblyErrors (0ms)
				InitializePlatformSupportModulesInManaged (38ms)
				SetLoadedEditorAssemblies (0ms)
				RefreshPlugins (242ms)
				BeforeProcessingInitializeOnLoad (232ms)
				ProcessInitializeOnLoadAttributes (963ms)
				ProcessInitializeOnLoadMethodAttributes (288ms)
				AfterProcessingInitializeOnLoad (25ms)
				EditorAssembliesLoaded (0ms)
			ExecutionOrderSort2 (0ms)
			AwakeInstancesAfterBackupRestoration (12ms)
Platform modules already initialized, skipping
========================================================================
Worker process is ready to serve import requests
Launched and connected shader compiler UnityShaderCompiler.exe after 0.38 seconds
Refreshing native plugins compatible for Editor in 1.44 ms, found 3 plugins.
Preloading 0 native plugins for Editor in 0.00 ms.
Unloading 5959 Unused Serialized files (Serialized files now loaded: 0)
Unloading 52 unused Assets / (3.8 MB). Loaded Objects now: 6407.
Memory consumption went from 271.9 MB to 268.1 MB.
Total: 8.036400 ms (FindLiveObjects: 0.817300 ms CreateObjectMapping: 0.296000 ms MarkObjects: 5.772800 ms  DeleteObjects: 1.148400 ms)

AssetImportParameters requested are different than current active one (requested -> active):
  custom:video-decoder-ogg-theora: a1e56fd34408186e4bbccfd4996cb3dc -> 
  custom:container-muxer-webm: aa71ff27fc2769a1b78a27578f13a17b -> 
  custom:container-demuxer-webm: 4f35f7cbe854078d1ac9338744f61a02 -> 
  custom:video-encoder-webm-vp8: eb34c28f22e8b96e1ab97ce403110664 -> 
  custom:audio-encoder-webm-vorbis: bf7c407c2cedff20999df2af8eb42d56 -> 
  custom:framework-win-MediaFoundation: 216162199b28c13a410421893ffa2e32 -> 
  custom:container-demuxer-ogg: 62fdf1f143b41e24485cea50d1cbac27 -> 
  custom:video-decoder-webm-vp8: 9c59270c3fd7afecdb556c50c9e8de78 -> 
  custom:audio-decoder-ogg-vorbis: bf7c407c2cedff20999df2af8eb42d56 -> 
========================================================================
Received Prepare
Registering precompiled user dll's ...
Registered in 0.019984 seconds.
Begin MonoManager ReloadAssembly
Symbol file LoadedFromMemory doesn't match image C:\Users\jonat\Documents\DevGames\UnityProjects\Tool\Tool\Library\PackageCache\com.unity.visualscripting@1.7.5\Editor\VisualScripting.Core\Dependencies\YamlDotNet\Unity.VisualScripting.YamlDotNet.dll
Symbol file LoadedFromMemory doesn't match image C:\Users\jonat\Documents\DevGames\UnityProjects\Tool\Tool\Library\PackageCache\com.unity.visualscripting@1.7.5\Editor\VisualScripting.Core\Dependencies\DotNetZip\Unity.VisualScripting.IonicZip.dll
Native extension for LinuxStandalone target not found
Native extension for WindowsStandalone target not found
Native extension for OSXStandalone target not found
Native extension for WebGL target not found
Refreshing native plugins compatible for Editor in 1.44 ms, found 3 plugins.
Preloading 0 native plugins for Editor in 0.00 ms.
Mono: successfully reloaded assembly
- Completed reload, in  2.451 seconds
Domain Reload Profiling:
	ReloadAssembly (2452ms)
		BeginReloadAssembly (283ms)
			ExecutionOrderSort (0ms)
			DisableScriptedObjects (12ms)
			BackupInstance (0ms)
			ReleaseScriptingObjects (0ms)
			CreateAndSetChildDomain (68ms)
		EndReloadAssembly (1945ms)
			LoadAssemblies (190ms)
			RebuildTransferFunctionScriptingTraits (0ms)
			SetupTypeCache (517ms)
			ReleaseScriptCaches (3ms)
			RebuildScriptCaches (112ms)
			SetupLoadedEditorAssemblies (978ms)
				LogAssemblyErrors (0ms)
				InitializePlatformSupportModulesInManaged (41ms)
				SetLoadedEditorAssemblies (1ms)
				RefreshPlugins (2ms)
				BeforeProcessingInitializeOnLoad (182ms)
				ProcessInitializeOnLoadAttributes (673ms)
				ProcessInitializeOnLoadMethodAttributes (53ms)
				AfterProcessingInitializeOnLoad (25ms)
				EditorAssembliesLoaded (0ms)
			ExecutionOrderSort2 (0ms)
			AwakeInstancesAfterBackupRestoration (26ms)
Platform modules already initialized, skipping
Refreshing native plugins compatible for Editor in 1.59 ms, found 3 plugins.
Preloading 0 native plugins for Editor in 0.00 ms.
Unloading 5654 Unused Serialized files (Serialized files now loaded: 0)
Unloading 47 unused Assets / (3.7 MB). Loaded Objects now: 6409.
Memory consumption went from 255.9 MB to 252.2 MB.
Total: 9.399900 ms (FindLiveObjects: 0.893800 ms CreateObjectMapping: 0.358500 ms MarkObjects: 6.424200 ms  DeleteObjects: 1.720700 ms)

AssetImportParameters requested are different than current active one (requested -> active):
  custom:video-decoder-ogg-theora: a1e56fd34408186e4bbccfd4996cb3dc -> 
  custom:container-muxer-webm: aa71ff27fc2769a1b78a27578f13a17b -> 
  custom:container-demuxer-webm: 4f35f7cbe854078d1ac9338744f61a02 -> 
  custom:video-encoder-webm-vp8: eb34c28f22e8b96e1ab97ce403110664 -> 
  custom:audio-encoder-webm-vorbis: bf7c407c2cedff20999df2af8eb42d56 -> 
  custom:framework-win-MediaFoundation: 216162199b28c13a410421893ffa2e32 -> 
  custom:container-demuxer-ogg: 62fdf1f143b41e24485cea50d1cbac27 -> 
  custom:video-decoder-webm-vp8: 9c59270c3fd7afecdb556c50c9e8de78 -> 
  custom:audio-decoder-ogg-vorbis: bf7c407c2cedff20999df2af8eb42d56 -> 
========================================================================
Received Prepare
Registering precompiled user dll's ...
Registered in 0.019031 seconds.
Begin MonoManager ReloadAssembly
Symbol file LoadedFromMemory doesn't match image C:\Users\jonat\Documents\DevGames\UnityProjects\Tool\Tool\Library\PackageCache\com.unity.visualscripting@1.7.5\Editor\VisualScripting.Core\Dependencies\YamlDotNet\Unity.VisualScripting.YamlDotNet.dll
Symbol file LoadedFromMemory doesn't match image C:\Users\jonat\Documents\DevGames\UnityProjects\Tool\Tool\Library\PackageCache\com.unity.visualscripting@1.7.5\Editor\VisualScripting.Core\Dependencies\DotNetZip\Unity.VisualScripting.IonicZip.dll
Native extension for LinuxStandalone target not found
Native extension for WindowsStandalone target not found
Native extension for OSXStandalone target not found
Native extension for WebGL target not found
Refreshing native plugins compatible for Editor in 1.46 ms, found 3 plugins.
Preloading 0 native plugins for Editor in 0.00 ms.
Mono: successfully reloaded assembly
- Completed reload, in  2.467 seconds
Domain Reload Profiling:
	ReloadAssembly (2468ms)
		BeginReloadAssembly (285ms)
			ExecutionOrderSort (0ms)
			DisableScriptedObjects (11ms)
			BackupInstance (0ms)
			ReleaseScriptingObjects (0ms)
			CreateAndSetChildDomain (64ms)
		EndReloadAssembly (1980ms)
			LoadAssemblies (209ms)
			RebuildTransferFunctionScriptingTraits (0ms)
			SetupTypeCache (535ms)
			ReleaseScriptCaches (3ms)
			RebuildScriptCaches (112ms)
			SetupLoadedEditorAssemblies (994ms)
				LogAssemblyErrors (0ms)
				InitializePlatformSupportModulesInManaged (43ms)
				SetLoadedEditorAssemblies (1ms)
				RefreshPlugins (2ms)
				BeforeProcessingInitializeOnLoad (187ms)
				ProcessInitializeOnLoadAttributes (682ms)
				ProcessInitializeOnLoadMethodAttributes (56ms)
				AfterProcessingInitializeOnLoad (23ms)
				EditorAssembliesLoaded (0ms)
			ExecutionOrderSort2 (0ms)
			AwakeInstancesAfterBackupRestoration (26ms)
Platform modules already initialized, skipping
Refreshing native plugins compatible for Editor in 1.55 ms, found 3 plugins.
Preloading 0 native plugins for Editor in 0.00 ms.
Unloading 5654 Unused Serialized files (Serialized files now loaded: 0)
Unloading 47 unused Assets / (3.7 MB). Loaded Objects now: 6411.
Memory consumption went from 255.9 MB to 252.2 MB.
Total: 8.172100 ms (FindLiveObjects: 0.778300 ms CreateObjectMapping: 0.275500 ms MarkObjects: 5.975000 ms  DeleteObjects: 1.141400 ms)

AssetImportParameters requested are different than current active one (requested -> active):
  custom:video-decoder-ogg-theora: a1e56fd34408186e4bbccfd4996cb3dc -> 
  custom:container-muxer-webm: aa71ff27fc2769a1b78a27578f13a17b -> 
  custom:container-demuxer-webm: 4f35f7cbe854078d1ac9338744f61a02 -> 
  custom:video-encoder-webm-vp8: eb34c28f22e8b96e1ab97ce403110664 -> 
  custom:audio-encoder-webm-vorbis: bf7c407c2cedff20999df2af8eb42d56 -> 
  custom:framework-win-MediaFoundation: 216162199b28c13a410421893ffa2e32 -> 
  custom:container-demuxer-ogg: 62fdf1f143b41e24485cea50d1cbac27 -> 
  custom:video-decoder-webm-vp8: 9c59270c3fd7afecdb556c50c9e8de78 -> 
  custom:audio-decoder-ogg-vorbis: bf7c407c2cedff20999df2af8eb42d56 -> 
========================================================================
Received Import Request.
  Time since last request: 13572.659121 seconds.
  path: Assets/IconesTOS/Demonic Flamberge.png
  artifactKey: Guid(bab073f855c7ac24c83bb00425d71e4a) Importer(815301076,1909f56bfc062723c751e8b465ee728b)
Start importing Assets/IconesTOS/Demonic Flamberge.png using Guid(bab073f855c7ac24c83bb00425d71e4a) Importer(815301076,1909f56bfc062723c751e8b465ee728b)  -> (artifact id: '318213aadf689b139980b5b96120d3e0') in 0.190431 seconds 
========================================================================
Received Import Request.
  Time since last request: 11.213240 seconds.
  path: Assets/IconesTOS/Bow1.png
  artifactKey: Guid(c699555f0359bb04da992df41949cd99) Importer(815301076,1909f56bfc062723c751e8b465ee728b)
Start importing Assets/IconesTOS/Bow1.png using Guid(c699555f0359bb04da992df41949cd99) Importer(815301076,1909f56bfc062723c751e8b465ee728b)  -> (artifact id: '75c3f09dc60fe5ae4dc8df3626c26b23') in 0.131853 seconds 
========================================================================
Received Import Request.
  Time since last request: 0.000102 seconds.
  path: Assets/IconesTOS/Short Bow.png
  artifactKey: Guid(fc7f4e3d597a684488c5f6251dd7112c) Importer(815301076,1909f56bfc062723c751e8b465ee728b)
Start importing Assets/IconesTOS/Short Bow.png using Guid(fc7f4e3d597a684488c5f6251dd7112c) Importer(815301076,1909f56bfc062723c751e8b465ee728b)  -> (artifact id: '1d08afbda9ad26fa5ddd3220d69ce4f8') in 0.021133 seconds 
========================================================================
Received Import Request.
  Time since last request: 14.840599 seconds.
  path: Assets/IconesTOS/Bow1.png
  artifactKey: Guid(c699555f0359bb04da992df41949cd99) Importer(815301076,1909f56bfc062723c751e8b465ee728b)
Start importing Assets/IconesTOS/Bow1.png using Guid(c699555f0359bb04da992df41949cd99) Importer(815301076,1909f56bfc062723c751e8b465ee728b)  -> (artifact id: '9c648c7492be3bf4b4f51c8ee3c4660f') in 0.032466 seconds 
========================================================================
Received Import Request.
  Time since last request: 0.000038 seconds.
  path: Assets/IconesTOS/Orc Bow.png
  artifactKey: Guid(9a8f658e9c78625438ed8a76d2f773d8) Importer(815301076,1909f56bfc062723c751e8b465ee728b)
Start importing Assets/IconesTOS/Orc Bow.png using Guid(9a8f658e9c78625438ed8a76d2f773d8) Importer(815301076,1909f56bfc062723c751e8b465ee728b)  -> (artifact id: '499d57abcc940568e395cc6878b6da86') in 0.024173 seconds 
========================================================================
Received Import Request.
  Time since last request: 16.519591 seconds.
  path: Assets/IconesTOS/Blacksmith Hammer.png
  artifactKey: Guid(828674108625dda478b29ad2aedbb93c) Importer(815301076,1909f56bfc062723c751e8b465ee728b)
Start importing Assets/IconesTOS/Blacksmith Hammer.png using Guid(828674108625dda478b29ad2aedbb93c) Importer(815301076,1909f56bfc062723c751e8b465ee728b)  -> (artifact id: '2696c1b5d83dad7ce269fc64beface41') in 0.021892 seconds 
========================================================================
Received Import Request.
  Time since last request: 0.000038 seconds.
  path: Assets/IconesTOS/Woodcutter Axe.png
  artifactKey: Guid(7e9467cde43f98547a6f658e72049c9f) Importer(815301076,1909f56bfc062723c751e8b465ee728b)
Start importing Assets/IconesTOS/Woodcutter Axe.png using Guid(7e9467cde43f98547a6f658e72049c9f) Importer(815301076,1909f56bfc062723c751e8b465ee728b)  -> (artifact id: '6c0d8eae920b22a34aa1d0874258f5a7') in 0.018774 seconds 
========================================================================
Received Import Request.
  Time since last request: 17.423539 seconds.
  path: Assets/IconesTOS/Pickaxe.png
  artifactKey: Guid(f4ddd41e0ec705945beba09f7b5f6285) Importer(815301076,1909f56bfc062723c751e8b465ee728b)
Start importing Assets/IconesTOS/Pickaxe.png using Guid(f4ddd41e0ec705945beba09f7b5f6285) Importer(815301076,1909f56bfc062723c751e8b465ee728b)  -> (artifact id: 'f2a451ac50f9c45aee754f4e8ac4aea4') in 0.095210 seconds 
========================================================================
Received Import Request.
  Time since last request: 13.415409 seconds.
  path: Assets/IconesTOS/Pickaxe.png
  artifactKey: Guid(f4ddd41e0ec705945beba09f7b5f6285) Importer(815301076,1909f56bfc062723c751e8b465ee728b)
Start importing Assets/IconesTOS/Pickaxe.png using Guid(f4ddd41e0ec705945beba09f7b5f6285) Importer(815301076,1909f56bfc062723c751e8b465ee728b)  -> (artifact id: '316d6b033a3a5ae8f51bebc4927e470b') in 0.221492 seconds 
========================================================================
Received Import Request.
  Time since last request: 0.000048 seconds.
  path: Assets/IconesTOS/Woodcutter Axe.png
  artifactKey: Guid(7e9467cde43f98547a6f658e72049c9f) Importer(815301076,1909f56bfc062723c751e8b465ee728b)
Start importing Assets/IconesTOS/Woodcutter Axe.png using Guid(7e9467cde43f98547a6f658e72049c9f) Importer(815301076,1909f56bfc062723c751e8b465ee728b)  -> (artifact id: '4030f6fd3b5884acf500e1d20b0eecb8') in 0.019175 seconds 
========================================================================
Received Import Request.
  Time since last request: 1.439711 seconds.
  path: Assets/IconesTOS/Blacksmith Hammer.png
  artifactKey: Guid(828674108625dda478b29ad2aedbb93c) Importer(815301076,1909f56bfc062723c751e8b465ee728b)
Start importing Assets/IconesTOS/Blacksmith Hammer.png using Guid(828674108625dda478b29ad2aedbb93c) Importer(815301076,1909f56bfc062723c751e8b465ee728b)  -> (artifact id: '657fd270690c5fe31be6184c13f05f28') in 0.119828 seconds 
========================================================================
Received Import Request.
  Time since last request: 19.704816 seconds.
  path: Assets/IconesTOS/Court Magician Staff.png
  artifactKey: Guid(685364f21ae14df4d8f974288dc8e49e) Importer(815301076,1909f56bfc062723c751e8b465ee728b)
Start importing Assets/IconesTOS/Court Magician Staff.png using Guid(685364f21ae14df4d8f974288dc8e49e) Importer(815301076,1909f56bfc062723c751e8b465ee728b)  -> (artifact id: 'eb5c25a7215fe7dcb9ed0c1f75dcbe38') in 0.019716 seconds 
========================================================================
Received Import Request.
  Time since last request: 0.000042 seconds.
  path: Assets/IconesTOS/Orc Staff.png
  artifactKey: Guid(285cfc677e5719443baba455821aa58e) Importer(815301076,1909f56bfc062723c751e8b465ee728b)
Start importing Assets/IconesTOS/Orc Staff.png using Guid(285cfc677e5719443baba455821aa58e) Importer(815301076,1909f56bfc062723c751e8b465ee728b)  -> (artifact id: 'c2be91c8a0474877585118bc1d1836b4') in 0.029184 seconds 
