Using pre-set license
Built from '2021.2/staging' branch; Version is '2021.2.6f1 (8c4e826ba445) revision 9195138'; Using compiler version '192829333'; Build Type 'Release'
OS: 'Windows 10  (10.0.19041) 64bit Core' Language: 'pt' Physical Memory: 8144 MB
BatchMode: 1, IsHumanControllingUs: 0, StartBugReporterOnCrash: 0, Is64bit: 1, IsPro: 0

COMMAND LINE ARGUMENTS:
C:\Program Files\Unity\Hub\Editor\2021.2.6f1\Editor\Unity.exe
-adb2
-batchMode
-noUpm
-name
AssetImportWorker11
-projectPath
C:/Users/jonat/Documents/DevGames/UnityProjects/Tool/Tool
-logFile
Logs/AssetImportWorker11.log
-srvPort
63064
Successfully changed project path to: C:/Users/jonat/Documents/DevGames/UnityProjects/Tool/Tool
C:/Users/jonat/Documents/DevGames/UnityProjects/Tool/Tool
[UnityMemory] Configuration Parameters - Can be set up in boot.config
    "memorysetup-bucket-allocator-granularity=16"
    "memorysetup-bucket-allocator-bucket-count=8"
    "memorysetup-bucket-allocator-block-size=33554432"
    "memorysetup-bucket-allocator-block-count=8"
    "memorysetup-main-allocator-block-size=16777216"
    "memorysetup-thread-allocator-block-size=16777216"
    "memorysetup-gfx-main-allocator-block-size=16777216"
    "memorysetup-gfx-thread-allocator-block-size=16777216"
    "memorysetup-cache-allocator-block-size=4194304"
    "memorysetup-typetree-allocator-block-size=2097152"
    "memorysetup-profiler-bucket-allocator-granularity=16"
    "memorysetup-profiler-bucket-allocator-bucket-count=8"
    "memorysetup-profiler-bucket-allocator-block-size=33554432"
    "memorysetup-profiler-bucket-allocator-block-count=8"
    "memorysetup-profiler-allocator-block-size=16777216"
    "memorysetup-profiler-editor-allocator-block-size=1048576"
    "memorysetup-temp-allocator-size-main=16777216"
    "memorysetup-job-temp-allocator-block-size=2097152"
    "memorysetup-job-temp-allocator-block-size-background=1048576"
    "memorysetup-job-temp-allocator-reduction-small-platforms=262144"
    "memorysetup-temp-allocator-size-background-worker=32768"
    "memorysetup-temp-allocator-size-job-worker=262144"
    "memorysetup-temp-allocator-size-preload-manager=33554432"
    "memorysetup-temp-allocator-size-nav-mesh-worker=65536"
    "memorysetup-temp-allocator-size-audio-worker=65536"
    "memorysetup-temp-allocator-size-cloud-worker=32768"
    "memorysetup-temp-allocator-size-gi-baking-worker=262144"
    "memorysetup-temp-allocator-size-gfx=262144"
Refreshing native plugins compatible for Editor in 244.75 ms, found 3 plugins.
Preloading 0 native plugins for Editor in 0.00 ms.
Initialize engine version: 2021.2.6f1 (8c4e826ba445)
[Subsystems] Discovering subsystems at path C:/Program Files/Unity/Hub/Editor/2021.2.6f1/Editor/Data/Resources/UnitySubsystems
[Subsystems] Discovering subsystems at path C:/Users/jonat/Documents/DevGames/UnityProjects/Tool/Tool/Assets
GfxDevice: creating device client; threaded=0; jobified=0
Direct3D:
    Version:  Direct3D 11.0 [level 11.1]
    Renderer: NVIDIA GeForce GTX 1060 6GB (ID=0x1c03)
    Vendor:   NVIDIA
    VRAM:     6052 MB
    Driver:   27.21.14.5671
Initialize mono
Mono path[0] = 'C:/Program Files/Unity/Hub/Editor/2021.2.6f1/Editor/Data/Managed'
Mono path[1] = 'C:/Program Files/Unity/Hub/Editor/2021.2.6f1/Editor/Data/MonoBleedingEdge/lib/mono/unityjit-win32'
Mono config path = 'C:/Program Files/Unity/Hub/Editor/2021.2.6f1/Editor/Data/MonoBleedingEdge/etc'
Using monoOptions --debugger-agent=transport=dt_socket,embedding=1,server=y,suspend=n,address=127.0.0.1:56916
Begin MonoManager ReloadAssembly
Registering precompiled unity dll's ...
Register platform support module: C:/Program Files/Unity/Hub/Editor/2021.2.6f1/Editor/Data/PlaybackEngines/WebGLSupport/UnityEditor.WebGL.Extensions.dll
Register platform support module: C:/Program Files/Unity/Hub/Editor/2021.2.6f1/Editor/Data/PlaybackEngines/MacStandaloneSupport/UnityEditor.OSXStandalone.Extensions.dll
Register platform support module: C:/Program Files/Unity/Hub/Editor/2021.2.6f1/Editor/Data/PlaybackEngines/WindowsStandaloneSupport/UnityEditor.WindowsStandalone.Extensions.dll
Register platform support module: C:/Program Files/Unity/Hub/Editor/2021.2.6f1/Editor/Data/PlaybackEngines/LinuxStandaloneSupport/UnityEditor.LinuxStandalone.Extensions.dll
Registered in 0.026955 seconds.
Native extension for LinuxStandalone target not found
Native extension for WindowsStandalone target not found
Native extension for OSXStandalone target not found
Native extension for WebGL target not found
Refreshing native plugins compatible for Editor in 246.70 ms, found 3 plugins.
Preloading 0 native plugins for Editor in 0.00 ms.
Mono: successfully reloaded assembly
- Completed reload, in  1.302 seconds
Domain Reload Profiling:
	ReloadAssembly (1303ms)
		BeginReloadAssembly (160ms)
			ExecutionOrderSort (0ms)
			DisableScriptedObjects (0ms)
			BackupInstance (0ms)
			ReleaseScriptingObjects (0ms)
			CreateAndSetChildDomain (1ms)
		EndReloadAssembly (963ms)
			LoadAssemblies (155ms)
			RebuildTransferFunctionScriptingTraits (0ms)
			SetupTypeCache (198ms)
			ReleaseScriptCaches (0ms)
			RebuildScriptCaches (51ms)
			SetupLoadedEditorAssemblies (605ms)
				LogAssemblyErrors (0ms)
				InitializePlatformSupportModulesInManaged (46ms)
				SetLoadedEditorAssemblies (0ms)
				RefreshPlugins (247ms)
				BeforeProcessingInitializeOnLoad (2ms)
				ProcessInitializeOnLoadAttributes (229ms)
				ProcessInitializeOnLoadMethodAttributes (80ms)
				AfterProcessingInitializeOnLoad (0ms)
				EditorAssembliesLoaded (0ms)
			ExecutionOrderSort2 (0ms)
			AwakeInstancesAfterBackupRestoration (0ms)
Platform modules already initialized, skipping
Registering precompiled user dll's ...
Registered in 0.020106 seconds.
Begin MonoManager ReloadAssembly
Symbol file LoadedFromMemory doesn't match image C:\Users\jonat\Documents\DevGames\UnityProjects\Tool\Tool\Library\PackageCache\com.unity.visualscripting@1.7.5\Editor\VisualScripting.Core\Dependencies\YamlDotNet\Unity.VisualScripting.YamlDotNet.dll
Symbol file LoadedFromMemory doesn't match image C:\Users\jonat\Documents\DevGames\UnityProjects\Tool\Tool\Library\PackageCache\com.unity.visualscripting@1.7.5\Editor\VisualScripting.Core\Dependencies\DotNetZip\Unity.VisualScripting.IonicZip.dll
Native extension for LinuxStandalone target not found
Native extension for WindowsStandalone target not found
Native extension for OSXStandalone target not found
Native extension for WebGL target not found
Refreshing native plugins compatible for Editor in 239.84 ms, found 3 plugins.
Preloading 0 native plugins for Editor in 0.00 ms.
Mono: successfully reloaded assembly
- Completed reload, in  2.954 seconds
Domain Reload Profiling:
	ReloadAssembly (2955ms)
		BeginReloadAssembly (222ms)
			ExecutionOrderSort (0ms)
			DisableScriptedObjects (11ms)
			BackupInstance (0ms)
			ReleaseScriptingObjects (0ms)
			CreateAndSetChildDomain (30ms)
		EndReloadAssembly (2532ms)
			LoadAssemblies (174ms)
			RebuildTransferFunctionScriptingTraits (0ms)
			SetupTypeCache (533ms)
			ReleaseScriptCaches (1ms)
			RebuildScriptCaches (142ms)
			SetupLoadedEditorAssemblies (1618ms)
				LogAssemblyErrors (0ms)
				InitializePlatformSupportModulesInManaged (39ms)
				SetLoadedEditorAssemblies (0ms)
				RefreshPlugins (240ms)
				BeforeProcessingInitializeOnLoad (167ms)
				ProcessInitializeOnLoadAttributes (973ms)
				ProcessInitializeOnLoadMethodAttributes (184ms)
				AfterProcessingInitializeOnLoad (15ms)
				EditorAssembliesLoaded (0ms)
			ExecutionOrderSort2 (0ms)
			AwakeInstancesAfterBackupRestoration (7ms)
Platform modules already initialized, skipping
========================================================================
Worker process is ready to serve import requests
Launched and connected shader compiler UnityShaderCompiler.exe after 0.07 seconds
Refreshing native plugins compatible for Editor in 1.43 ms, found 3 plugins.
Preloading 0 native plugins for Editor in 0.00 ms.
Unloading 5958 Unused Serialized files (Serialized files now loaded: 0)
Unloading 52 unused Assets / (3.8 MB). Loaded Objects now: 6406.
Memory consumption went from 272.3 MB to 268.5 MB.
Total: 8.504400 ms (FindLiveObjects: 0.838500 ms CreateObjectMapping: 0.415700 ms MarkObjects: 6.046700 ms  DeleteObjects: 1.200300 ms)

AssetImportParameters requested are different than current active one (requested -> active):
  custom:video-decoder-ogg-theora: a1e56fd34408186e4bbccfd4996cb3dc -> 
  custom:container-muxer-webm: aa71ff27fc2769a1b78a27578f13a17b -> 
  custom:container-demuxer-webm: 4f35f7cbe854078d1ac9338744f61a02 -> 
  custom:video-encoder-webm-vp8: eb34c28f22e8b96e1ab97ce403110664 -> 
  custom:audio-encoder-webm-vorbis: bf7c407c2cedff20999df2af8eb42d56 -> 
  custom:framework-win-MediaFoundation: 216162199b28c13a410421893ffa2e32 -> 
  custom:container-demuxer-ogg: 62fdf1f143b41e24485cea50d1cbac27 -> 
  custom:video-decoder-webm-vp8: 9c59270c3fd7afecdb556c50c9e8de78 -> 
  custom:audio-decoder-ogg-vorbis: bf7c407c2cedff20999df2af8eb42d56 -> 
========================================================================
Received Import Request.
  Time since last request: 103736.850371 seconds.
  path: Assets/IconesTOS/Skinning Dagger.png
  artifactKey: Guid(77ff2b2e7622fd243959a4aefe71a36f) Importer(815301076,1909f56bfc062723c751e8b465ee728b)
Start importing Assets/IconesTOS/Skinning Dagger.png using Guid(77ff2b2e7622fd243959a4aefe71a36f) Importer(815301076,1909f56bfc062723c751e8b465ee728b)  -> (artifact id: '60b72512b925f8639db4ee3c0b9c71d0') in 0.178397 seconds 
========================================================================
Received Import Request.
  Time since last request: 31.743782 seconds.
  path: Assets/IconesTOS/Blacksmith Hammer.png
  artifactKey: Guid(3cbf0a4731541f64aae7794a7cb71b59) Importer(815301076,1909f56bfc062723c751e8b465ee728b)
Start importing Assets/IconesTOS/Blacksmith Hammer.png using Guid(3cbf0a4731541f64aae7794a7cb71b59) Importer(815301076,1909f56bfc062723c751e8b465ee728b)  -> (artifact id: '159ad3ba5980c98fa0dabdf672914956') in 0.028787 seconds 
========================================================================
Received Import Request.
  Time since last request: 0.000035 seconds.
  path: Assets/IconesTOS/Composed Bow.png
  artifactKey: Guid(c06eac0ce5e59054d8522c50f387c100) Importer(815301076,1909f56bfc062723c751e8b465ee728b)
Start importing Assets/IconesTOS/Composed Bow.png using Guid(c06eac0ce5e59054d8522c50f387c100) Importer(815301076,1909f56bfc062723c751e8b465ee728b)  -> (artifact id: 'c4d07b0eae6a17c0f971de201899480e') in 0.030725 seconds 
========================================================================
Received Import Request.
  Time since last request: 0.000043 seconds.
  path: Assets/IconesTOS/Orc Staff.png
  artifactKey: Guid(90d72922eb15350489c6b5bc6f0ee5af) Importer(815301076,1909f56bfc062723c751e8b465ee728b)
Start importing Assets/IconesTOS/Orc Staff.png using Guid(90d72922eb15350489c6b5bc6f0ee5af) Importer(815301076,1909f56bfc062723c751e8b465ee728b)  -> (artifact id: 'a4cf9d94caca6b11354bc97d7ba5ee91') in 0.027063 seconds 
========================================================================
Received Import Request.
  Time since last request: 0.000062 seconds.
  path: Assets/IconesTOS/Orc Bow.png
  artifactKey: Guid(a0e969b14c320c644b491a809dd59560) Importer(815301076,1909f56bfc062723c751e8b465ee728b)
Start importing Assets/IconesTOS/Orc Bow.png using Guid(a0e969b14c320c644b491a809dd59560) Importer(815301076,1909f56bfc062723c751e8b465ee728b)  -> (artifact id: '5f6cd639ae83c8d48465c527ac203986') in 0.021433 seconds 
========================================================================
Received Import Request.
  Time since last request: 72.216153 seconds.
  path: Assets/IconesTOS/AEscudo.png
  artifactKey: Guid(ecdb74ae81916b34ea215567de68f0bf) Importer(815301076,1909f56bfc062723c751e8b465ee728b)
Start importing Assets/IconesTOS/AEscudo.png using Guid(ecdb74ae81916b34ea215567de68f0bf) Importer(815301076,1909f56bfc062723c751e8b465ee728b)  -> (artifact id: '0d0bb502120220d0968d5badb7de0779') in 0.027126 seconds 
========================================================================
Received Import Request.
  Time since last request: 0.000038 seconds.
  path: Assets/IconesTOS/Court Magician Staff.png
  artifactKey: Guid(6712c940b5243174c86ea46067db2cf2) Importer(815301076,1909f56bfc062723c751e8b465ee728b)
Start importing Assets/IconesTOS/Court Magician Staff.png using Guid(6712c940b5243174c86ea46067db2cf2) Importer(815301076,1909f56bfc062723c751e8b465ee728b)  -> (artifact id: 'f8ede77504ba36e21dc6d66d636433a8') in 0.029126 seconds 
========================================================================
Received Import Request.
  Time since last request: 0.000046 seconds.
  path: Assets/IconesTOS/Great Sword.png
  artifactKey: Guid(cebb402538bf1fd4e9528ca1cfe5b627) Importer(815301076,1909f56bfc062723c751e8b465ee728b)
Start importing Assets/IconesTOS/Great Sword.png using Guid(cebb402538bf1fd4e9528ca1cfe5b627) Importer(815301076,1909f56bfc062723c751e8b465ee728b)  -> (artifact id: 'f15f1c1488b593d3108db442717b4282') in 0.025157 seconds 
========================================================================
Received Import Request.
  Time since last request: 0.000046 seconds.
  path: Assets/IconesTOS/Composed Bow.png
  artifactKey: Guid(c06eac0ce5e59054d8522c50f387c100) Importer(815301076,1909f56bfc062723c751e8b465ee728b)
Start importing Assets/IconesTOS/Composed Bow.png using Guid(c06eac0ce5e59054d8522c50f387c100) Importer(815301076,1909f56bfc062723c751e8b465ee728b)  -> (artifact id: '97b1e26944009241e52020e89854a1c3') in 0.103728 seconds 
========================================================================
Received Import Request.
  Time since last request: 0.000034 seconds.
  path: Assets/IconesTOS/Crystal Staff.png
  artifactKey: Guid(154074c944be6ac4e89aacb35e1f5994) Importer(815301076,1909f56bfc062723c751e8b465ee728b)
Start importing Assets/IconesTOS/Crystal Staff.png using Guid(154074c944be6ac4e89aacb35e1f5994) Importer(815301076,1909f56bfc062723c751e8b465ee728b)  -> (artifact id: '59b0f4453398ae40a32c18d77bb607a4') in 0.025993 seconds 
========================================================================
Received Import Request.
  Time since last request: 0.000040 seconds.
  path: Assets/IconesTOS/Orc Staff.png
  artifactKey: Guid(90d72922eb15350489c6b5bc6f0ee5af) Importer(815301076,1909f56bfc062723c751e8b465ee728b)
Start importing Assets/IconesTOS/Orc Staff.png using Guid(90d72922eb15350489c6b5bc6f0ee5af) Importer(815301076,1909f56bfc062723c751e8b465ee728b)  -> (artifact id: '0f214f71b0bc162cef2ca8f4d4fd9995') in 0.026434 seconds 
========================================================================
Received Import Request.
  Time since last request: 0.000044 seconds.
  path: Assets/IconesTOS/Demonic Flamberge.png
  artifactKey: Guid(bab073f855c7ac24c83bb00425d71e4a) Importer(815301076,1909f56bfc062723c751e8b465ee728b)
Start importing Assets/IconesTOS/Demonic Flamberge.png using Guid(bab073f855c7ac24c83bb00425d71e4a) Importer(815301076,1909f56bfc062723c751e8b465ee728b)  -> (artifact id: 'a981e096107b77418371e71827fa78ef') in 0.032798 seconds 
========================================================================
Received Import Request.
  Time since last request: 0.000052 seconds.
  path: Assets/IconesTOS/Short Bow.png
  artifactKey: Guid(96a8878b427c0f147b89e421534a5548) Importer(815301076,1909f56bfc062723c751e8b465ee728b)
Start importing Assets/IconesTOS/Short Bow.png using Guid(96a8878b427c0f147b89e421534a5548) Importer(815301076,1909f56bfc062723c751e8b465ee728b)  -> (artifact id: 'efe35003faf0943cfb125ed2f3ff0c2c') in 0.028400 seconds 
========================================================================
Received Import Request.
  Time since last request: 0.000047 seconds.
  path: Assets/IconesTOS/Orc Bow.png
  artifactKey: Guid(a0e969b14c320c644b491a809dd59560) Importer(815301076,1909f56bfc062723c751e8b465ee728b)
Start importing Assets/IconesTOS/Orc Bow.png using Guid(a0e969b14c320c644b491a809dd59560) Importer(815301076,1909f56bfc062723c751e8b465ee728b)  -> (artifact id: '42850514391912223e57897abbb93891') in 0.018792 seconds 
========================================================================
Received Prepare
Registering precompiled user dll's ...
Registered in 0.018619 seconds.
Begin MonoManager ReloadAssembly
Symbol file LoadedFromMemory doesn't match image C:\Users\jonat\Documents\DevGames\UnityProjects\Tool\Tool\Library\PackageCache\com.unity.visualscripting@1.7.5\Editor\VisualScripting.Core\Dependencies\YamlDotNet\Unity.VisualScripting.YamlDotNet.dll
Symbol file LoadedFromMemory doesn't match image C:\Users\jonat\Documents\DevGames\UnityProjects\Tool\Tool\Library\PackageCache\com.unity.visualscripting@1.7.5\Editor\VisualScripting.Core\Dependencies\DotNetZip\Unity.VisualScripting.IonicZip.dll
Native extension for LinuxStandalone target not found
Native extension for WindowsStandalone target not found
Native extension for OSXStandalone target not found
Native extension for WebGL target not found
Refreshing native plugins compatible for Editor in 1.43 ms, found 3 plugins.
Preloading 0 native plugins for Editor in 0.00 ms.
Mono: successfully reloaded assembly
- Completed reload, in  2.506 seconds
Domain Reload Profiling:
	ReloadAssembly (2507ms)
		BeginReloadAssembly (278ms)
			ExecutionOrderSort (0ms)
			DisableScriptedObjects (11ms)
			BackupInstance (0ms)
			ReleaseScriptingObjects (0ms)
			CreateAndSetChildDomain (70ms)
		EndReloadAssembly (2034ms)
			LoadAssemblies (194ms)
			RebuildTransferFunctionScriptingTraits (0ms)
			SetupTypeCache (525ms)
			ReleaseScriptCaches (3ms)
			RebuildScriptCaches (116ms)
			SetupLoadedEditorAssemblies (979ms)
				LogAssemblyErrors (0ms)
				InitializePlatformSupportModulesInManaged (41ms)
				SetLoadedEditorAssemblies (1ms)
				RefreshPlugins (2ms)
				BeforeProcessingInitializeOnLoad (185ms)
				ProcessInitializeOnLoadAttributes (674ms)
				ProcessInitializeOnLoadMethodAttributes (54ms)
				AfterProcessingInitializeOnLoad (23ms)
				EditorAssembliesLoaded (0ms)
			ExecutionOrderSort2 (0ms)
			AwakeInstancesAfterBackupRestoration (40ms)
Platform modules already initialized, skipping
Refreshing native plugins compatible for Editor in 3.28 ms, found 3 plugins.
Preloading 0 native plugins for Editor in 0.00 ms.
Unloading 5664 Unused Serialized files (Serialized files now loaded: 0)
Unloading 47 unused Assets / (3.7 MB). Loaded Objects now: 6618.
Memory consumption went from 277.1 MB to 273.3 MB.
Total: 12.798400 ms (FindLiveObjects: 0.955300 ms CreateObjectMapping: 0.404400 ms MarkObjects: 9.408200 ms  DeleteObjects: 2.028400 ms)

AssetImportParameters requested are different than current active one (requested -> active):
  custom:video-decoder-ogg-theora: a1e56fd34408186e4bbccfd4996cb3dc -> 
  custom:container-muxer-webm: aa71ff27fc2769a1b78a27578f13a17b -> 
  custom:container-demuxer-webm: 4f35f7cbe854078d1ac9338744f61a02 -> 
  custom:video-encoder-webm-vp8: eb34c28f22e8b96e1ab97ce403110664 -> 
  custom:audio-encoder-webm-vorbis: bf7c407c2cedff20999df2af8eb42d56 -> 
  custom:framework-win-MediaFoundation: 216162199b28c13a410421893ffa2e32 -> 
  custom:container-demuxer-ogg: 62fdf1f143b41e24485cea50d1cbac27 -> 
  custom:video-decoder-webm-vp8: 9c59270c3fd7afecdb556c50c9e8de78 -> 
  custom:audio-decoder-ogg-vorbis: bf7c407c2cedff20999df2af8eb42d56 -> 
========================================================================
Received Import Request.
  Time since last request: 691.162154 seconds.
  path: Assets/IconesTOS/Skinning Dagger.png
  artifactKey: Guid(77ff2b2e7622fd243959a4aefe71a36f) Importer(815301076,1909f56bfc062723c751e8b465ee728b)
Start importing Assets/IconesTOS/Skinning Dagger.png using Guid(77ff2b2e7622fd243959a4aefe71a36f) Importer(815301076,1909f56bfc062723c751e8b465ee728b)  -> (artifact id: '06c7270298ae96f92a3769838dfc942f') in 0.071040 seconds 
========================================================================
Received Import Request.
  Time since last request: 29.874766 seconds.
  path: Assets/IconesTOS/AEscudo.png
  artifactKey: Guid(ecdb74ae81916b34ea215567de68f0bf) Importer(815301076,1909f56bfc062723c751e8b465ee728b)
Start importing Assets/IconesTOS/AEscudo.png using Guid(ecdb74ae81916b34ea215567de68f0bf) Importer(815301076,1909f56bfc062723c751e8b465ee728b)  -> (artifact id: 'c3eb37f9a62d1ba31a8c05780bcc6037') in 0.018293 seconds 
========================================================================
Received Import Request.
  Time since last request: 0.000049 seconds.
  path: Assets/IconesTOS/Court Magician Staff.png
  artifactKey: Guid(6712c940b5243174c86ea46067db2cf2) Importer(815301076,1909f56bfc062723c751e8b465ee728b)
Start importing Assets/IconesTOS/Court Magician Staff.png using Guid(6712c940b5243174c86ea46067db2cf2) Importer(815301076,1909f56bfc062723c751e8b465ee728b)  -> (artifact id: 'a1ba736a435f04b01693d5a95c29ae1a') in 0.020834 seconds 
========================================================================
Received Import Request.
  Time since last request: 0.000040 seconds.
  path: Assets/IconesTOS/Composed Bow.png
  artifactKey: Guid(c06eac0ce5e59054d8522c50f387c100) Importer(815301076,1909f56bfc062723c751e8b465ee728b)
Start importing Assets/IconesTOS/Composed Bow.png using Guid(c06eac0ce5e59054d8522c50f387c100) Importer(815301076,1909f56bfc062723c751e8b465ee728b)  -> (artifact id: 'ec27ebb6aa0225cd60afcf1c7b25a413') in 0.018079 seconds 
========================================================================
Received Import Request.
  Time since last request: 0.000044 seconds.
  path: Assets/IconesTOS/Pickaxe.png
  artifactKey: Guid(d226675d7d6bd084b80718297e25e90f) Importer(815301076,1909f56bfc062723c751e8b465ee728b)
Start importing Assets/IconesTOS/Pickaxe.png using Guid(d226675d7d6bd084b80718297e25e90f) Importer(815301076,1909f56bfc062723c751e8b465ee728b)  -> (artifact id: '4962000711efbda2e146a5ad9966a908') in 0.018380 seconds 
========================================================================
Received Import Request.
  Time since last request: 0.000042 seconds.
  path: Assets/IconesTOS/Demonic Flamberge.png
  artifactKey: Guid(bab073f855c7ac24c83bb00425d71e4a) Importer(815301076,1909f56bfc062723c751e8b465ee728b)
Start importing Assets/IconesTOS/Demonic Flamberge.png using Guid(bab073f855c7ac24c83bb00425d71e4a) Importer(815301076,1909f56bfc062723c751e8b465ee728b)  -> (artifact id: '0574339314e4d2363fc9a6b850ae541d') in 0.017864 seconds 
========================================================================
Received Import Request.
  Time since last request: 0.000043 seconds.
  path: Assets/IconesTOS/Short Bow.png
  artifactKey: Guid(96a8878b427c0f147b89e421534a5548) Importer(815301076,1909f56bfc062723c751e8b465ee728b)
Start importing Assets/IconesTOS/Short Bow.png using Guid(96a8878b427c0f147b89e421534a5548) Importer(815301076,1909f56bfc062723c751e8b465ee728b)  -> (artifact id: '98154cf06a016c586d5ad2bd2a5a1991') in 0.025328 seconds 
========================================================================
Received Import Request.
  Time since last request: 0.000049 seconds.
  path: Assets/IconesTOS/Orc Bow.png
  artifactKey: Guid(a0e969b14c320c644b491a809dd59560) Importer(815301076,1909f56bfc062723c751e8b465ee728b)
Start importing Assets/IconesTOS/Orc Bow.png using Guid(a0e969b14c320c644b491a809dd59560) Importer(815301076,1909f56bfc062723c751e8b465ee728b)  -> (artifact id: 'b1f6ecd9608b50e96c6925ec009a7fb5') in 0.021766 seconds 
========================================================================
Received Import Request.
  Time since last request: 100.581733 seconds.
  path: Assets/IconesTOS/AEscudo.png
  artifactKey: Guid(ecdb74ae81916b34ea215567de68f0bf) Importer(815301076,1909f56bfc062723c751e8b465ee728b)
Start importing Assets/IconesTOS/AEscudo.png using Guid(ecdb74ae81916b34ea215567de68f0bf) Importer(815301076,1909f56bfc062723c751e8b465ee728b)  -> (artifact id: 'be209dcd3ef94ebffcffeb6ede69344d') in 0.020364 seconds 
========================================================================
Received Import Request.
  Time since last request: 0.000057 seconds.
  path: Assets/IconesTOS/Court Magician Staff.png
  artifactKey: Guid(6712c940b5243174c86ea46067db2cf2) Importer(815301076,1909f56bfc062723c751e8b465ee728b)
Start importing Assets/IconesTOS/Court Magician Staff.png using Guid(6712c940b5243174c86ea46067db2cf2) Importer(815301076,1909f56bfc062723c751e8b465ee728b)  -> (artifact id: '043a08f002522df7fb73b49466fdbb57') in 0.062945 seconds 
========================================================================
Received Import Request.
  Time since last request: 0.000047 seconds.
  path: Assets/IconesTOS/Great Sword.png
  artifactKey: Guid(cebb402538bf1fd4e9528ca1cfe5b627) Importer(815301076,1909f56bfc062723c751e8b465ee728b)
Start importing Assets/IconesTOS/Great Sword.png using Guid(cebb402538bf1fd4e9528ca1cfe5b627) Importer(815301076,1909f56bfc062723c751e8b465ee728b)  -> (artifact id: '11492223fa1fbcf9914f772c2ed11c1f') in 0.017628 seconds 
========================================================================
Received Import Request.
  Time since last request: 0.000049 seconds.
  path: Assets/IconesTOS/Composed Bow.png
  artifactKey: Guid(c06eac0ce5e59054d8522c50f387c100) Importer(815301076,1909f56bfc062723c751e8b465ee728b)
Start importing Assets/IconesTOS/Composed Bow.png using Guid(c06eac0ce5e59054d8522c50f387c100) Importer(815301076,1909f56bfc062723c751e8b465ee728b)  -> (artifact id: '20f2e8778bc71f35f6adadf7d512bde5') in 0.014358 seconds 
========================================================================
Received Import Request.
  Time since last request: 0.000044 seconds.
  path: Assets/IconesTOS/Crystal Staff.png
  artifactKey: Guid(154074c944be6ac4e89aacb35e1f5994) Importer(815301076,1909f56bfc062723c751e8b465ee728b)
Start importing Assets/IconesTOS/Crystal Staff.png using Guid(154074c944be6ac4e89aacb35e1f5994) Importer(815301076,1909f56bfc062723c751e8b465ee728b)  -> (artifact id: '398caff93318647362a63c3cb3b5971f') in 0.018797 seconds 
========================================================================
Received Import Request.
  Time since last request: 0.000051 seconds.
  path: Assets/IconesTOS/Pickaxe.png
  artifactKey: Guid(d226675d7d6bd084b80718297e25e90f) Importer(815301076,1909f56bfc062723c751e8b465ee728b)
Start importing Assets/IconesTOS/Pickaxe.png using Guid(d226675d7d6bd084b80718297e25e90f) Importer(815301076,1909f56bfc062723c751e8b465ee728b)  -> (artifact id: 'fc16e448ec20db5735f60f9c9d9dc64d') in 0.022497 seconds 
========================================================================
Received Import Request.
  Time since last request: 0.000051 seconds.
  path: Assets/IconesTOS/Orc Staff.png
  artifactKey: Guid(90d72922eb15350489c6b5bc6f0ee5af) Importer(815301076,1909f56bfc062723c751e8b465ee728b)
Start importing Assets/IconesTOS/Orc Staff.png using Guid(90d72922eb15350489c6b5bc6f0ee5af) Importer(815301076,1909f56bfc062723c751e8b465ee728b)  -> (artifact id: '5443e3be09b755a7d4e6868e194c680d') in 0.016786 seconds 
========================================================================
Received Import Request.
  Time since last request: 0.000032 seconds.
  path: Assets/IconesTOS/Human Slayer.png
  artifactKey: Guid(67ab920229f06754392df3e2b2d9eb35) Importer(815301076,1909f56bfc062723c751e8b465ee728b)
Start importing Assets/IconesTOS/Human Slayer.png using Guid(67ab920229f06754392df3e2b2d9eb35) Importer(815301076,1909f56bfc062723c751e8b465ee728b)  -> (artifact id: '3d1a2d0e9a5d659a0f43e361db01d8c8') in 0.017666 seconds 
========================================================================
Received Import Request.
  Time since last request: 0.000032 seconds.
  path: Assets/IconesTOS/Bow1.png
  artifactKey: Guid(2f0b4e387cd8de34c8e2aead49e5f278) Importer(815301076,1909f56bfc062723c751e8b465ee728b)
Start importing Assets/IconesTOS/Bow1.png using Guid(2f0b4e387cd8de34c8e2aead49e5f278) Importer(815301076,1909f56bfc062723c751e8b465ee728b)  -> (artifact id: 'd51e05187aba69f93b89f4afb6efe987') in 0.019160 seconds 
========================================================================
Received Import Request.
  Time since last request: 59.723791 seconds.
  path: Assets/IconesTOS/Composed Bow.png
  artifactKey: Guid(c06eac0ce5e59054d8522c50f387c100) Importer(815301076,1909f56bfc062723c751e8b465ee728b)
Start importing Assets/IconesTOS/Composed Bow.png using Guid(c06eac0ce5e59054d8522c50f387c100) Importer(815301076,1909f56bfc062723c751e8b465ee728b)  -> (artifact id: '4a3795cc8cd325ddb575531473918942') in 0.019137 seconds 
========================================================================
Received Import Request.
  Time since last request: 9.416107 seconds.
  path: Assets/IconesTOS/Woodcutter Axe.png
  artifactKey: Guid(cee6c861574f6fb45a665ea2f09b1aea) Importer(815301076,1909f56bfc062723c751e8b465ee728b)
Start importing Assets/IconesTOS/Woodcutter Axe.png using Guid(cee6c861574f6fb45a665ea2f09b1aea) Importer(815301076,1909f56bfc062723c751e8b465ee728b)  -> (artifact id: '81f7a7734e01c438f1693f8e636ba803') in 0.023306 seconds 
========================================================================
Received Import Request.
  Time since last request: 25.469966 seconds.
  path: Assets/IconesTOS/Blacksmith Hammer.png
  artifactKey: Guid(3cbf0a4731541f64aae7794a7cb71b59) Importer(815301076,1909f56bfc062723c751e8b465ee728b)
Start importing Assets/IconesTOS/Blacksmith Hammer.png using Guid(3cbf0a4731541f64aae7794a7cb71b59) Importer(815301076,1909f56bfc062723c751e8b465ee728b)  -> (artifact id: '2c2ea939b8c8b5ca4a34c074419d28b7') in 0.022341 seconds 
========================================================================
Received Import Request.
  Time since last request: 0.000042 seconds.
  path: Assets/IconesTOS/Court Magician Staff.png
  artifactKey: Guid(6712c940b5243174c86ea46067db2cf2) Importer(815301076,1909f56bfc062723c751e8b465ee728b)
Start importing Assets/IconesTOS/Court Magician Staff.png using Guid(6712c940b5243174c86ea46067db2cf2) Importer(815301076,1909f56bfc062723c751e8b465ee728b)  -> (artifact id: '779f98c158fd8627ccb7aaf5b122b9bc') in 0.029523 seconds 
========================================================================
Received Import Request.
  Time since last request: 0.000036 seconds.
  path: Assets/IconesTOS/Crystal Staff.png
  artifactKey: Guid(154074c944be6ac4e89aacb35e1f5994) Importer(815301076,1909f56bfc062723c751e8b465ee728b)
Start importing Assets/IconesTOS/Crystal Staff.png using Guid(154074c944be6ac4e89aacb35e1f5994) Importer(815301076,1909f56bfc062723c751e8b465ee728b)  -> (artifact id: '3a0623efc62a0a030c50f28df2d5359f') in 0.019558 seconds 
========================================================================
Received Import Request.
  Time since last request: 0.000045 seconds.
  path: Assets/IconesTOS/Demonic Flamberge.png
  artifactKey: Guid(bab073f855c7ac24c83bb00425d71e4a) Importer(815301076,1909f56bfc062723c751e8b465ee728b)
Start importing Assets/IconesTOS/Demonic Flamberge.png using Guid(bab073f855c7ac24c83bb00425d71e4a) Importer(815301076,1909f56bfc062723c751e8b465ee728b)  -> (artifact id: 'f97f2fcd01c8184ef7be7ca17823309e') in 0.016448 seconds 
========================================================================
Received Import Request.
  Time since last request: 0.000033 seconds.
  path: Assets/IconesTOS/Orc Bow.png
  artifactKey: Guid(a0e969b14c320c644b491a809dd59560) Importer(815301076,1909f56bfc062723c751e8b465ee728b)
Start importing Assets/IconesTOS/Orc Bow.png using Guid(a0e969b14c320c644b491a809dd59560) Importer(815301076,1909f56bfc062723c751e8b465ee728b)  -> (artifact id: 'ce431c15262efc1ff295cd0b9a65bb5d') in 0.015111 seconds 
========================================================================
Received Import Request.
  Time since last request: 30.288364 seconds.
  path: Assets/_ToS/Resources/Items/Weapons/Bow/Composed Bow.prefab
  artifactKey: Guid(e470a927f524a4042bdbc22c950b781a) Importer(815301076,1909f56bfc062723c751e8b465ee728b)
Start importing Assets/_ToS/Resources/Items/Weapons/Bow/Composed Bow.prefab using Guid(e470a927f524a4042bdbc22c950b781a) Importer(815301076,1909f56bfc062723c751e8b465ee728b)  -> (artifact id: '59880d1b3a4bdd71803fff8af78672e8') in 2.794430 seconds 
========================================================================
Received Import Request.
  Time since last request: 17.931863 seconds.
  path: Assets/_ToS/Resources/Items/Weapons/Staff/Orc Staff.prefab
  artifactKey: Guid(f49575f707d300c4787301df4f2c10d9) Importer(815301076,1909f56bfc062723c751e8b465ee728b)
Start importing Assets/_ToS/Resources/Items/Weapons/Staff/Orc Staff.prefab using Guid(f49575f707d300c4787301df4f2c10d9) Importer(815301076,1909f56bfc062723c751e8b465ee728b)  -> (artifact id: 'a86f2aa8bc2d3805bfef14f31920f581') in 0.194050 seconds 
========================================================================
Received Import Request.
  Time since last request: 49.622492 seconds.
  path: Assets/_ToS/Resources/Items/Weapons/Two Hand Sword/Great Sword.prefab
  artifactKey: Guid(c00741b8d4d6b794e991a942a6666cba) Importer(815301076,1909f56bfc062723c751e8b465ee728b)
Start importing Assets/_ToS/Resources/Items/Weapons/Two Hand Sword/Great Sword.prefab using Guid(c00741b8d4d6b794e991a942a6666cba) Importer(815301076,1909f56bfc062723c751e8b465ee728b)  -> (artifact id: '7afc7ca7a6eda7264abe75a1f9b5f8f7') in 0.216739 seconds 
========================================================================
Received Import Request.
  Time since last request: 0.000054 seconds.
  path: Assets/_ToS/Resources/Items/Weapons/Two Hand Sword/Human Slayer.prefab
  artifactKey: Guid(40ab2409bafb4ed4b8388a778d213228) Importer(815301076,1909f56bfc062723c751e8b465ee728b)
Start importing Assets/_ToS/Resources/Items/Weapons/Two Hand Sword/Human Slayer.prefab using Guid(40ab2409bafb4ed4b8388a778d213228) Importer(815301076,1909f56bfc062723c751e8b465ee728b)  -> (artifact id: '9549f79d3f7f7a842e8183c9357360a1') in 0.118957 seconds 
========================================================================
Received Import Request.
  Time since last request: 25.788780 seconds.
  path: Assets/IconesTOS/Woodcutter Axe.png
  artifactKey: Guid(cee6c861574f6fb45a665ea2f09b1aea) Importer(815301076,1909f56bfc062723c751e8b465ee728b)
Start importing Assets/IconesTOS/Woodcutter Axe.png using Guid(cee6c861574f6fb45a665ea2f09b1aea) Importer(815301076,1909f56bfc062723c751e8b465ee728b)  -> (artifact id: '1b5b62bd9d910d801d807d2674fbf1e4') in 0.030156 seconds 
========================================================================
Received Import Request.
  Time since last request: 20.563621 seconds.
  path: Assets/IconesTOS/Blacksmith Hammer.png
  artifactKey: Guid(3cbf0a4731541f64aae7794a7cb71b59) Importer(815301076,1909f56bfc062723c751e8b465ee728b)
Start importing Assets/IconesTOS/Blacksmith Hammer.png using Guid(3cbf0a4731541f64aae7794a7cb71b59) Importer(815301076,1909f56bfc062723c751e8b465ee728b)  -> (artifact id: '0c198f88469e2054b74e5cbfe4c37902') in 0.020557 seconds 
========================================================================
Received Import Request.
  Time since last request: 0.000088 seconds.
  path: Assets/IconesTOS/Great Sword.png
  artifactKey: Guid(cebb402538bf1fd4e9528ca1cfe5b627) Importer(815301076,1909f56bfc062723c751e8b465ee728b)
Start importing Assets/IconesTOS/Great Sword.png using Guid(cebb402538bf1fd4e9528ca1cfe5b627) Importer(815301076,1909f56bfc062723c751e8b465ee728b)  -> (artifact id: 'a367ac1098b1641820dbc9f6f5664ac7') in 0.028200 seconds 
========================================================================
Received Import Request.
  Time since last request: 0.000082 seconds.
  path: Assets/IconesTOS/Composed Bow.png
  artifactKey: Guid(c06eac0ce5e59054d8522c50f387c100) Importer(815301076,1909f56bfc062723c751e8b465ee728b)
Start importing Assets/IconesTOS/Composed Bow.png using Guid(c06eac0ce5e59054d8522c50f387c100) Importer(815301076,1909f56bfc062723c751e8b465ee728b)  -> (artifact id: '115616f1f18e52d34531b1c4b0384c27') in 0.027270 seconds 
========================================================================
Received Import Request.
  Time since last request: 0.000068 seconds.
  path: Assets/IconesTOS/Orc Staff.png
  artifactKey: Guid(90d72922eb15350489c6b5bc6f0ee5af) Importer(815301076,1909f56bfc062723c751e8b465ee728b)
Start importing Assets/IconesTOS/Orc Staff.png using Guid(90d72922eb15350489c6b5bc6f0ee5af) Importer(815301076,1909f56bfc062723c751e8b465ee728b)  -> (artifact id: 'f363489f98781b7f5a4e358c52cb8636') in 0.018367 seconds 
========================================================================
Received Import Request.
  Time since last request: 0.000046 seconds.
  path: Assets/IconesTOS/Demonic Flamberge.png
  artifactKey: Guid(bab073f855c7ac24c83bb00425d71e4a) Importer(815301076,1909f56bfc062723c751e8b465ee728b)
Start importing Assets/IconesTOS/Demonic Flamberge.png using Guid(bab073f855c7ac24c83bb00425d71e4a) Importer(815301076,1909f56bfc062723c751e8b465ee728b)  -> (artifact id: 'b72d8b6656c0927831efb1285535e170') in 0.034965 seconds 
========================================================================
Received Import Request.
  Time since last request: 0.000051 seconds.
  path: Assets/IconesTOS/Bow1.png
  artifactKey: Guid(2f0b4e387cd8de34c8e2aead49e5f278) Importer(815301076,1909f56bfc062723c751e8b465ee728b)
Start importing Assets/IconesTOS/Bow1.png using Guid(2f0b4e387cd8de34c8e2aead49e5f278) Importer(815301076,1909f56bfc062723c751e8b465ee728b)  -> (artifact id: 'acea91bdc3d9c3398656000de06c3dbd') in 0.031705 seconds 
Editor requested this worker to shutdown with reason: Scaling down because of idle timeout
AssetImportWorker is now disconnected from the server
Process exiting
Exiting without the bug reporter. Application will terminate with return code 0