Using pre-set license
Built from '2021.2/staging' branch; Version is '2021.2.6f1 (8c4e826ba445) revision 9195138'; Using compiler version '192829333'; Build Type 'Release'
OS: 'Windows 10  (10.0.19041) 64bit Core' Language: 'pt' Physical Memory: 8144 MB
BatchMode: 1, IsHumanControllingUs: 0, StartBugReporterOnCrash: 0, Is64bit: 1, IsPro: 0

COMMAND LINE ARGUMENTS:
C:\Program Files\Unity\Hub\Editor\2021.2.6f1\Editor\Unity.exe
-adb2
-batchMode
-noUpm
-name
AssetImportWorker27
-projectPath
C:/Users/jonat/Documents/DevGames/UnityProjects/Tool/Tool
-logFile
Logs/AssetImportWorker27.log
-srvPort
53423
Successfully changed project path to: C:/Users/jonat/Documents/DevGames/UnityProjects/Tool/Tool
C:/Users/jonat/Documents/DevGames/UnityProjects/Tool/Tool
[UnityMemory] Configuration Parameters - Can be set up in boot.config
    "memorysetup-bucket-allocator-granularity=16"
    "memorysetup-bucket-allocator-bucket-count=8"
    "memorysetup-bucket-allocator-block-size=33554432"
    "memorysetup-bucket-allocator-block-count=8"
    "memorysetup-main-allocator-block-size=16777216"
    "memorysetup-thread-allocator-block-size=16777216"
    "memorysetup-gfx-main-allocator-block-size=16777216"
    "memorysetup-gfx-thread-allocator-block-size=16777216"
    "memorysetup-cache-allocator-block-size=4194304"
    "memorysetup-typetree-allocator-block-size=2097152"
    "memorysetup-profiler-bucket-allocator-granularity=16"
    "memorysetup-profiler-bucket-allocator-bucket-count=8"
    "memorysetup-profiler-bucket-allocator-block-size=33554432"
    "memorysetup-profiler-bucket-allocator-block-count=8"
    "memorysetup-profiler-allocator-block-size=16777216"
    "memorysetup-profiler-editor-allocator-block-size=1048576"
    "memorysetup-temp-allocator-size-main=16777216"
    "memorysetup-job-temp-allocator-block-size=2097152"
    "memorysetup-job-temp-allocator-block-size-background=1048576"
    "memorysetup-job-temp-allocator-reduction-small-platforms=262144"
    "memorysetup-temp-allocator-size-background-worker=32768"
    "memorysetup-temp-allocator-size-job-worker=262144"
    "memorysetup-temp-allocator-size-preload-manager=33554432"
    "memorysetup-temp-allocator-size-nav-mesh-worker=65536"
    "memorysetup-temp-allocator-size-audio-worker=65536"
    "memorysetup-temp-allocator-size-cloud-worker=32768"
    "memorysetup-temp-allocator-size-gi-baking-worker=262144"
    "memorysetup-temp-allocator-size-gfx=262144"
Refreshing native plugins compatible for Editor in 247.58 ms, found 3 plugins.
Preloading 0 native plugins for Editor in 0.00 ms.
Initialize engine version: 2021.2.6f1 (8c4e826ba445)
[Subsystems] Discovering subsystems at path C:/Program Files/Unity/Hub/Editor/2021.2.6f1/Editor/Data/Resources/UnitySubsystems
[Subsystems] Discovering subsystems at path C:/Users/jonat/Documents/DevGames/UnityProjects/Tool/Tool/Assets
GfxDevice: creating device client; threaded=0; jobified=0
Direct3D:
    Version:  Direct3D 11.0 [level 11.1]
    Renderer: NVIDIA GeForce GTX 1060 6GB (ID=0x1c03)
    Vendor:   NVIDIA
    VRAM:     6052 MB
    Driver:   27.21.14.5671
Initialize mono
Mono path[0] = 'C:/Program Files/Unity/Hub/Editor/2021.2.6f1/Editor/Data/Managed'
Mono path[1] = 'C:/Program Files/Unity/Hub/Editor/2021.2.6f1/Editor/Data/MonoBleedingEdge/lib/mono/unityjit-win32'
Mono config path = 'C:/Program Files/Unity/Hub/Editor/2021.2.6f1/Editor/Data/MonoBleedingEdge/etc'
Using monoOptions --debugger-agent=transport=dt_socket,embedding=1,server=y,suspend=n,address=127.0.0.1:56680
Begin MonoManager ReloadAssembly
Registering precompiled unity dll's ...
Register platform support module: C:/Program Files/Unity/Hub/Editor/2021.2.6f1/Editor/Data/PlaybackEngines/WebGLSupport/UnityEditor.WebGL.Extensions.dll
Register platform support module: C:/Program Files/Unity/Hub/Editor/2021.2.6f1/Editor/Data/PlaybackEngines/MacStandaloneSupport/UnityEditor.OSXStandalone.Extensions.dll
Register platform support module: C:/Program Files/Unity/Hub/Editor/2021.2.6f1/Editor/Data/PlaybackEngines/WindowsStandaloneSupport/UnityEditor.WindowsStandalone.Extensions.dll
Register platform support module: C:/Program Files/Unity/Hub/Editor/2021.2.6f1/Editor/Data/PlaybackEngines/LinuxStandaloneSupport/UnityEditor.LinuxStandalone.Extensions.dll
Registered in 0.027216 seconds.
Native extension for LinuxStandalone target not found
Native extension for WindowsStandalone target not found
Native extension for OSXStandalone target not found
Native extension for WebGL target not found
Refreshing native plugins compatible for Editor in 248.21 ms, found 3 plugins.
Preloading 0 native plugins for Editor in 0.00 ms.
Mono: successfully reloaded assembly
- Completed reload, in  1.304 seconds
Domain Reload Profiling:
	ReloadAssembly (1304ms)
		BeginReloadAssembly (156ms)
			ExecutionOrderSort (0ms)
			DisableScriptedObjects (0ms)
			BackupInstance (0ms)
			ReleaseScriptingObjects (0ms)
			CreateAndSetChildDomain (1ms)
		EndReloadAssembly (968ms)
			LoadAssemblies (152ms)
			RebuildTransferFunctionScriptingTraits (0ms)
			SetupTypeCache (186ms)
			ReleaseScriptCaches (0ms)
			RebuildScriptCaches (48ms)
			SetupLoadedEditorAssemblies (614ms)
				LogAssemblyErrors (0ms)
				InitializePlatformSupportModulesInManaged (49ms)
				SetLoadedEditorAssemblies (0ms)
				RefreshPlugins (248ms)
				BeforeProcessingInitializeOnLoad (2ms)
				ProcessInitializeOnLoadAttributes (232ms)
				ProcessInitializeOnLoadMethodAttributes (82ms)
				AfterProcessingInitializeOnLoad (0ms)
				EditorAssembliesLoaded (0ms)
			ExecutionOrderSort2 (0ms)
			AwakeInstancesAfterBackupRestoration (0ms)
Platform modules already initialized, skipping
Registering precompiled user dll's ...
Registered in 0.020151 seconds.
Begin MonoManager ReloadAssembly
Symbol file LoadedFromMemory doesn't match image C:\Users\jonat\Documents\DevGames\UnityProjects\Tool\Tool\Library\PackageCache\com.unity.visualscripting@1.7.5\Editor\VisualScripting.Core\Dependencies\YamlDotNet\Unity.VisualScripting.YamlDotNet.dll
Symbol file LoadedFromMemory doesn't match image C:\Users\jonat\Documents\DevGames\UnityProjects\Tool\Tool\Library\PackageCache\com.unity.visualscripting@1.7.5\Editor\VisualScripting.Core\Dependencies\DotNetZip\Unity.VisualScripting.IonicZip.dll
Native extension for LinuxStandalone target not found
Native extension for WindowsStandalone target not found
Native extension for OSXStandalone target not found
Native extension for WebGL target not found
Refreshing native plugins compatible for Editor in 253.95 ms, found 3 plugins.
Preloading 0 native plugins for Editor in 0.00 ms.
Mono: successfully reloaded assembly
- Completed reload, in  3.712 seconds
Domain Reload Profiling:
	ReloadAssembly (3713ms)
		BeginReloadAssembly (214ms)
			ExecutionOrderSort (0ms)
			DisableScriptedObjects (11ms)
			BackupInstance (0ms)
			ReleaseScriptingObjects (0ms)
			CreateAndSetChildDomain (30ms)
		EndReloadAssembly (3294ms)
			LoadAssemblies (184ms)
			RebuildTransferFunctionScriptingTraits (0ms)
			SetupTypeCache (529ms)
			ReleaseScriptCaches (1ms)
			RebuildScriptCaches (142ms)
			SetupLoadedEditorAssemblies (2368ms)
				LogAssemblyErrors (0ms)
				InitializePlatformSupportModulesInManaged (38ms)
				SetLoadedEditorAssemblies (0ms)
				RefreshPlugins (254ms)
				BeforeProcessingInitializeOnLoad (230ms)
				ProcessInitializeOnLoadAttributes (1522ms)
				ProcessInitializeOnLoadMethodAttributes (299ms)
				AfterProcessingInitializeOnLoad (24ms)
				EditorAssembliesLoaded (0ms)
			ExecutionOrderSort2 (0ms)
			AwakeInstancesAfterBackupRestoration (12ms)
Platform modules already initialized, skipping
========================================================================
Worker process is ready to serve import requests
Launched and connected shader compiler UnityShaderCompiler.exe after 0.07 seconds
Refreshing native plugins compatible for Editor in 1.43 ms, found 3 plugins.
Preloading 0 native plugins for Editor in 0.00 ms.
Unloading 5958 Unused Serialized files (Serialized files now loaded: 0)
Unloading 52 unused Assets / (3.8 MB). Loaded Objects now: 6406.
Memory consumption went from 272.2 MB to 268.5 MB.
Total: 7.972200 ms (FindLiveObjects: 0.894200 ms CreateObjectMapping: 0.287700 ms MarkObjects: 5.685400 ms  DeleteObjects: 1.103000 ms)

AssetImportParameters requested are different than current active one (requested -> active):
  custom:video-decoder-ogg-theora: a1e56fd34408186e4bbccfd4996cb3dc -> 
  custom:container-muxer-webm: aa71ff27fc2769a1b78a27578f13a17b -> 
  custom:container-demuxer-webm: 4f35f7cbe854078d1ac9338744f61a02 -> 
  custom:video-encoder-webm-vp8: eb34c28f22e8b96e1ab97ce403110664 -> 
  custom:audio-encoder-webm-vorbis: bf7c407c2cedff20999df2af8eb42d56 -> 
  custom:framework-win-MediaFoundation: 216162199b28c13a410421893ffa2e32 -> 
  custom:container-demuxer-ogg: 62fdf1f143b41e24485cea50d1cbac27 -> 
  custom:video-decoder-webm-vp8: 9c59270c3fd7afecdb556c50c9e8de78 -> 
  custom:audio-decoder-ogg-vorbis: bf7c407c2cedff20999df2af8eb42d56 -> 
========================================================================
Received Prepare
Registering precompiled user dll's ...
Registered in 0.020064 seconds.
Begin MonoManager ReloadAssembly
Symbol file LoadedFromMemory doesn't match image C:\Users\jonat\Documents\DevGames\UnityProjects\Tool\Tool\Library\PackageCache\com.unity.visualscripting@1.7.5\Editor\VisualScripting.Core\Dependencies\YamlDotNet\Unity.VisualScripting.YamlDotNet.dll
Symbol file LoadedFromMemory doesn't match image C:\Users\jonat\Documents\DevGames\UnityProjects\Tool\Tool\Library\PackageCache\com.unity.visualscripting@1.7.5\Editor\VisualScripting.Core\Dependencies\DotNetZip\Unity.VisualScripting.IonicZip.dll
Native extension for LinuxStandalone target not found
Native extension for WindowsStandalone target not found
Native extension for OSXStandalone target not found
Native extension for WebGL target not found
Refreshing native plugins compatible for Editor in 1.47 ms, found 3 plugins.
Preloading 0 native plugins for Editor in 0.00 ms.
Mono: successfully reloaded assembly
- Completed reload, in  2.465 seconds
Domain Reload Profiling:
	ReloadAssembly (2466ms)
		BeginReloadAssembly (286ms)
			ExecutionOrderSort (0ms)
			DisableScriptedObjects (12ms)
			BackupInstance (0ms)
			ReleaseScriptingObjects (0ms)
			CreateAndSetChildDomain (73ms)
		EndReloadAssembly (1972ms)
			LoadAssemblies (186ms)
			RebuildTransferFunctionScriptingTraits (0ms)
			SetupTypeCache (530ms)
			ReleaseScriptCaches (3ms)
			RebuildScriptCaches (116ms)
			SetupLoadedEditorAssemblies (991ms)
				LogAssemblyErrors (0ms)
				InitializePlatformSupportModulesInManaged (43ms)
				SetLoadedEditorAssemblies (1ms)
				RefreshPlugins (2ms)
				BeforeProcessingInitializeOnLoad (183ms)
				ProcessInitializeOnLoadAttributes (688ms)
				ProcessInitializeOnLoadMethodAttributes (52ms)
				AfterProcessingInitializeOnLoad (22ms)
				EditorAssembliesLoaded (0ms)
			ExecutionOrderSort2 (0ms)
			AwakeInstancesAfterBackupRestoration (25ms)
Platform modules already initialized, skipping
Refreshing native plugins compatible for Editor in 1.54 ms, found 3 plugins.
Preloading 0 native plugins for Editor in 0.00 ms.
Unloading 5653 Unused Serialized files (Serialized files now loaded: 0)
Unloading 47 unused Assets / (3.7 MB). Loaded Objects now: 6408.
Memory consumption went from 256.3 MB to 252.5 MB.
Total: 7.731100 ms (FindLiveObjects: 0.795300 ms CreateObjectMapping: 0.283300 ms MarkObjects: 5.535300 ms  DeleteObjects: 1.115400 ms)

AssetImportParameters requested are different than current active one (requested -> active):
  custom:video-decoder-ogg-theora: a1e56fd34408186e4bbccfd4996cb3dc -> 
  custom:container-muxer-webm: aa71ff27fc2769a1b78a27578f13a17b -> 
  custom:container-demuxer-webm: 4f35f7cbe854078d1ac9338744f61a02 -> 
  custom:video-encoder-webm-vp8: eb34c28f22e8b96e1ab97ce403110664 -> 
  custom:audio-encoder-webm-vorbis: bf7c407c2cedff20999df2af8eb42d56 -> 
  custom:framework-win-MediaFoundation: 216162199b28c13a410421893ffa2e32 -> 
  custom:container-demuxer-ogg: 62fdf1f143b41e24485cea50d1cbac27 -> 
  custom:video-decoder-webm-vp8: 9c59270c3fd7afecdb556c50c9e8de78 -> 
  custom:audio-decoder-ogg-vorbis: bf7c407c2cedff20999df2af8eb42d56 -> 
========================================================================
Received Import Request.
  Time since last request: 28883.453921 seconds.
  path: Assets/IconesTOS/Blacksmith Hammer.png
  artifactKey: Guid(ca3900d762475ab4bbf5e93b7a4d9859) Importer(815301076,1909f56bfc062723c751e8b465ee728b)
Start importing Assets/IconesTOS/Blacksmith Hammer.png using Guid(ca3900d762475ab4bbf5e93b7a4d9859) Importer(815301076,1909f56bfc062723c751e8b465ee728b)  -> (artifact id: '2734d62c86666c370cec988cafa7d82b') in 0.221337 seconds 
========================================================================
Received Import Request.
  Time since last request: 0.000049 seconds.
  path: Assets/IconesTOS/Short Bow.png
  artifactKey: Guid(1292e19bdd2fe7c4cb5db97902d94e07) Importer(815301076,1909f56bfc062723c751e8b465ee728b)
Start importing Assets/IconesTOS/Short Bow.png using Guid(1292e19bdd2fe7c4cb5db97902d94e07) Importer(815301076,1909f56bfc062723c751e8b465ee728b)  -> (artifact id: '215ae3d23901f926df356192583c15e4') in 0.021777 seconds 
========================================================================
Received Import Request.
  Time since last request: 0.000060 seconds.
  path: Assets/IconesTOS/Orc Staff.png
  artifactKey: Guid(0bafd9e1352aba440a23bbf3d258704f) Importer(815301076,1909f56bfc062723c751e8b465ee728b)
Start importing Assets/IconesTOS/Orc Staff.png using Guid(0bafd9e1352aba440a23bbf3d258704f) Importer(815301076,1909f56bfc062723c751e8b465ee728b)  -> (artifact id: 'b8ebfb8bc3ab8d1679a7f6c7149b8a56') in 0.029828 seconds 
========================================================================
Received Import Request.
  Time since last request: 0.000041 seconds.
  path: Assets/IconesTOS/Pickaxe.png
  artifactKey: Guid(c64649305b09fb4408386344696ecd77) Importer(815301076,1909f56bfc062723c751e8b465ee728b)
Start importing Assets/IconesTOS/Pickaxe.png using Guid(c64649305b09fb4408386344696ecd77) Importer(815301076,1909f56bfc062723c751e8b465ee728b)  -> (artifact id: 'ffe3cd3a4a7644b96bb0bb73c28024b1') in 0.016421 seconds 
========================================================================
Received Import Request.
  Time since last request: 0.000044 seconds.
  path: Assets/IconesTOS/Composed Bow.png
  artifactKey: Guid(c1731320f644f54458ee17ae8015d1d9) Importer(815301076,1909f56bfc062723c751e8b465ee728b)
Start importing Assets/IconesTOS/Composed Bow.png using Guid(c1731320f644f54458ee17ae8015d1d9) Importer(815301076,1909f56bfc062723c751e8b465ee728b)  -> (artifact id: 'c78f0053365f27328ef694a59d4e5b65') in 0.025143 seconds 
========================================================================
Received Prepare
Registering precompiled user dll's ...
Registered in 0.025388 seconds.
Begin MonoManager ReloadAssembly
Symbol file LoadedFromMemory doesn't match image C:\Users\jonat\Documents\DevGames\UnityProjects\Tool\Tool\Library\PackageCache\com.unity.visualscripting@1.7.5\Editor\VisualScripting.Core\Dependencies\YamlDotNet\Unity.VisualScripting.YamlDotNet.dll
Symbol file LoadedFromMemory doesn't match image C:\Users\jonat\Documents\DevGames\UnityProjects\Tool\Tool\Library\PackageCache\com.unity.visualscripting@1.7.5\Editor\VisualScripting.Core\Dependencies\DotNetZip\Unity.VisualScripting.IonicZip.dll
Native extension for LinuxStandalone target not found
Native extension for WindowsStandalone target not found
Native extension for OSXStandalone target not found
Native extension for WebGL target not found
Refreshing native plugins compatible for Editor in 1.45 ms, found 3 plugins.
Preloading 0 native plugins for Editor in 0.00 ms.
Mono: successfully reloaded assembly
- Completed reload, in  2.607 seconds
Domain Reload Profiling:
	ReloadAssembly (2608ms)
		BeginReloadAssembly (307ms)
			ExecutionOrderSort (0ms)
			DisableScriptedObjects (11ms)
			BackupInstance (0ms)
			ReleaseScriptingObjects (0ms)
			CreateAndSetChildDomain (84ms)
		EndReloadAssembly (2065ms)
			LoadAssemblies (201ms)
			RebuildTransferFunctionScriptingTraits (0ms)
			SetupTypeCache (561ms)
			ReleaseScriptCaches (3ms)
			RebuildScriptCaches (115ms)
			SetupLoadedEditorAssemblies (1023ms)
				LogAssemblyErrors (0ms)
				InitializePlatformSupportModulesInManaged (41ms)
				SetLoadedEditorAssemblies (1ms)
				RefreshPlugins (2ms)
				BeforeProcessingInitializeOnLoad (189ms)
				ProcessInitializeOnLoadAttributes (694ms)
				ProcessInitializeOnLoadMethodAttributes (66ms)
				AfterProcessingInitializeOnLoad (30ms)
				EditorAssembliesLoaded (0ms)
			ExecutionOrderSort2 (0ms)
			AwakeInstancesAfterBackupRestoration (37ms)
Platform modules already initialized, skipping
Refreshing native plugins compatible for Editor in 1.73 ms, found 3 plugins.
Preloading 0 native plugins for Editor in 0.00 ms.
Unloading 5653 Unused Serialized files (Serialized files now loaded: 0)
Unloading 47 unused Assets / (3.7 MB). Loaded Objects now: 6482.
Memory consumption went from 258.3 MB to 254.5 MB.
Total: 8.309100 ms (FindLiveObjects: 0.802500 ms CreateObjectMapping: 0.279200 ms MarkObjects: 5.787500 ms  DeleteObjects: 1.437800 ms)

AssetImportParameters requested are different than current active one (requested -> active):
  custom:video-decoder-ogg-theora: a1e56fd34408186e4bbccfd4996cb3dc -> 
  custom:container-muxer-webm: aa71ff27fc2769a1b78a27578f13a17b -> 
  custom:container-demuxer-webm: 4f35f7cbe854078d1ac9338744f61a02 -> 
  custom:video-encoder-webm-vp8: eb34c28f22e8b96e1ab97ce403110664 -> 
  custom:audio-encoder-webm-vorbis: bf7c407c2cedff20999df2af8eb42d56 -> 
  custom:framework-win-MediaFoundation: 216162199b28c13a410421893ffa2e32 -> 
  custom:container-demuxer-ogg: 62fdf1f143b41e24485cea50d1cbac27 -> 
  custom:video-decoder-webm-vp8: 9c59270c3fd7afecdb556c50c9e8de78 -> 
  custom:audio-decoder-ogg-vorbis: bf7c407c2cedff20999df2af8eb42d56 -> 
========================================================================
Received Prepare
Registering precompiled user dll's ...
Registered in 0.019197 seconds.
Begin MonoManager ReloadAssembly
Symbol file LoadedFromMemory doesn't match image C:\Users\jonat\Documents\DevGames\UnityProjects\Tool\Tool\Library\PackageCache\com.unity.visualscripting@1.7.5\Editor\VisualScripting.Core\Dependencies\YamlDotNet\Unity.VisualScripting.YamlDotNet.dll
Symbol file LoadedFromMemory doesn't match image C:\Users\jonat\Documents\DevGames\UnityProjects\Tool\Tool\Library\PackageCache\com.unity.visualscripting@1.7.5\Editor\VisualScripting.Core\Dependencies\DotNetZip\Unity.VisualScripting.IonicZip.dll
Native extension for LinuxStandalone target not found
Native extension for WindowsStandalone target not found
Native extension for OSXStandalone target not found
Native extension for WebGL target not found
Refreshing native plugins compatible for Editor in 1.41 ms, found 3 plugins.
Preloading 0 native plugins for Editor in 0.00 ms.
Mono: successfully reloaded assembly
- Completed reload, in  2.499 seconds
Domain Reload Profiling:
	ReloadAssembly (2500ms)
		BeginReloadAssembly (279ms)
			ExecutionOrderSort (0ms)
			DisableScriptedObjects (13ms)
			BackupInstance (0ms)
			ReleaseScriptingObjects (0ms)
			CreateAndSetChildDomain (72ms)
		EndReloadAssembly (2011ms)
			LoadAssemblies (194ms)
			RebuildTransferFunctionScriptingTraits (0ms)
			SetupTypeCache (536ms)
			ReleaseScriptCaches (3ms)
			RebuildScriptCaches (113ms)
			SetupLoadedEditorAssemblies (999ms)
				LogAssemblyErrors (0ms)
				InitializePlatformSupportModulesInManaged (40ms)
				SetLoadedEditorAssemblies (1ms)
				RefreshPlugins (2ms)
				BeforeProcessingInitializeOnLoad (186ms)
				ProcessInitializeOnLoadAttributes (692ms)
				ProcessInitializeOnLoadMethodAttributes (55ms)
				AfterProcessingInitializeOnLoad (23ms)
				EditorAssembliesLoaded (0ms)
			ExecutionOrderSort2 (0ms)
			AwakeInstancesAfterBackupRestoration (38ms)
Platform modules already initialized, skipping
Refreshing native plugins compatible for Editor in 1.50 ms, found 3 plugins.
Preloading 0 native plugins for Editor in 0.00 ms.
Unloading 5653 Unused Serialized files (Serialized files now loaded: 0)
Unloading 47 unused Assets / (3.7 MB). Loaded Objects now: 6484.
Memory consumption went from 258.3 MB to 254.5 MB.
Total: 8.070000 ms (FindLiveObjects: 0.793200 ms CreateObjectMapping: 0.305400 ms MarkObjects: 5.763200 ms  DeleteObjects: 1.205900 ms)

AssetImportParameters requested are different than current active one (requested -> active):
  custom:video-decoder-ogg-theora: a1e56fd34408186e4bbccfd4996cb3dc -> 
  custom:container-muxer-webm: aa71ff27fc2769a1b78a27578f13a17b -> 
  custom:container-demuxer-webm: 4f35f7cbe854078d1ac9338744f61a02 -> 
  custom:video-encoder-webm-vp8: eb34c28f22e8b96e1ab97ce403110664 -> 
  custom:audio-encoder-webm-vorbis: bf7c407c2cedff20999df2af8eb42d56 -> 
  custom:framework-win-MediaFoundation: 216162199b28c13a410421893ffa2e32 -> 
  custom:container-demuxer-ogg: 62fdf1f143b41e24485cea50d1cbac27 -> 
  custom:video-decoder-webm-vp8: 9c59270c3fd7afecdb556c50c9e8de78 -> 
  custom:audio-decoder-ogg-vorbis: bf7c407c2cedff20999df2af8eb42d56 -> 
========================================================================
Received Import Request.
  Time since last request: 236.789728 seconds.
  path: Assets/IconesTOS/Blacksmith Hammer.png
  artifactKey: Guid(ca3900d762475ab4bbf5e93b7a4d9859) Importer(815301076,1909f56bfc062723c751e8b465ee728b)
Start importing Assets/IconesTOS/Blacksmith Hammer.png using Guid(ca3900d762475ab4bbf5e93b7a4d9859) Importer(815301076,1909f56bfc062723c751e8b465ee728b)  -> (artifact id: '47fb361f55cace56c97a27d952bb1917') in 0.092321 seconds 
========================================================================
Received Import Request.
  Time since last request: 0.000045 seconds.
  path: Assets/IconesTOS/Bow1.png
  artifactKey: Guid(97d5ce723c700c343805cd000c166335) Importer(815301076,1909f56bfc062723c751e8b465ee728b)
Start importing Assets/IconesTOS/Bow1.png using Guid(97d5ce723c700c343805cd000c166335) Importer(815301076,1909f56bfc062723c751e8b465ee728b)  -> (artifact id: '401294b66e9235dd2be80a4f023d3372') in 0.070683 seconds 
========================================================================
Received Import Request.
  Time since last request: 0.000049 seconds.
  path: Assets/IconesTOS/Orc Bow.png
  artifactKey: Guid(50387b8a42c6e10459ed7848a9227d5d) Importer(815301076,1909f56bfc062723c751e8b465ee728b)
Start importing Assets/IconesTOS/Orc Bow.png using Guid(50387b8a42c6e10459ed7848a9227d5d) Importer(815301076,1909f56bfc062723c751e8b465ee728b)  -> (artifact id: 'c86763e95c4ce877a32372fddca1df51') in 0.040807 seconds 
========================================================================
Received Import Request.
  Time since last request: 0.000036 seconds.
  path: Assets/IconesTOS/Human Slayer.png
  artifactKey: Guid(c7538cd6c737d4e4eadba25511c90e03) Importer(815301076,1909f56bfc062723c751e8b465ee728b)
Start importing Assets/IconesTOS/Human Slayer.png using Guid(c7538cd6c737d4e4eadba25511c90e03) Importer(815301076,1909f56bfc062723c751e8b465ee728b)  -> (artifact id: '84fe74795c024ce6e7b4be7759a8d246') in 0.019211 seconds 
========================================================================
Received Import Request.
  Time since last request: 0.000037 seconds.
  path: Assets/IconesTOS/Demonic Flamberge.png
  artifactKey: Guid(523cd5b222153e34d98eb2ba6846d786) Importer(815301076,1909f56bfc062723c751e8b465ee728b)
Start importing Assets/IconesTOS/Demonic Flamberge.png using Guid(523cd5b222153e34d98eb2ba6846d786) Importer(815301076,1909f56bfc062723c751e8b465ee728b)  -> (artifact id: '10bce134b3cb1776357f006e5f8867c6') in 0.033728 seconds 
========================================================================
Received Import Request.
  Time since last request: 0.000039 seconds.
  path: Assets/IconesTOS/Great Sword.png
  artifactKey: Guid(1b9b5e7fe6e2c8541aebdd7f0c9e9770) Importer(815301076,1909f56bfc062723c751e8b465ee728b)
Start importing Assets/IconesTOS/Great Sword.png using Guid(1b9b5e7fe6e2c8541aebdd7f0c9e9770) Importer(815301076,1909f56bfc062723c751e8b465ee728b)  -> (artifact id: '78e21092efab4d184f793e8810e071d4') in 0.020018 seconds 
========================================================================
Received Import Request.
  Time since last request: 0.000056 seconds.
  path: Assets/IconesTOS/Composed Bow.png
  artifactKey: Guid(c1731320f644f54458ee17ae8015d1d9) Importer(815301076,1909f56bfc062723c751e8b465ee728b)
Start importing Assets/IconesTOS/Composed Bow.png using Guid(c1731320f644f54458ee17ae8015d1d9) Importer(815301076,1909f56bfc062723c751e8b465ee728b)  -> (artifact id: 'cf893f1424c102a3b7594677b351861d') in 0.019056 seconds 
========================================================================
Received Import Request.
  Time since last request: 52.727692 seconds.
  path: Assets/IconesTOS/Woodcutter Axe.png
  artifactKey: Guid(be40a268ea5831e47ac4ac7cf8f27733) Importer(815301076,1909f56bfc062723c751e8b465ee728b)
Start importing Assets/IconesTOS/Woodcutter Axe.png using Guid(be40a268ea5831e47ac4ac7cf8f27733) Importer(815301076,1909f56bfc062723c751e8b465ee728b)  -> (artifact id: '7fe0da57ad5ecf01084ee02eeb0d7a14') in 0.039821 seconds 
========================================================================
Received Prepare
Registering precompiled user dll's ...
Registered in 0.019919 seconds.
Begin MonoManager ReloadAssembly
Symbol file LoadedFromMemory doesn't match image C:\Users\jonat\Documents\DevGames\UnityProjects\Tool\Tool\Library\PackageCache\com.unity.visualscripting@1.7.5\Editor\VisualScripting.Core\Dependencies\YamlDotNet\Unity.VisualScripting.YamlDotNet.dll
Symbol file LoadedFromMemory doesn't match image C:\Users\jonat\Documents\DevGames\UnityProjects\Tool\Tool\Library\PackageCache\com.unity.visualscripting@1.7.5\Editor\VisualScripting.Core\Dependencies\DotNetZip\Unity.VisualScripting.IonicZip.dll
Native extension for LinuxStandalone target not found
Native extension for WindowsStandalone target not found
Native extension for OSXStandalone target not found
Native extension for WebGL target not found
Refreshing native plugins compatible for Editor in 1.46 ms, found 3 plugins.
Preloading 0 native plugins for Editor in 0.00 ms.
Mono: successfully reloaded assembly
- Completed reload, in  2.569 seconds
Domain Reload Profiling:
	ReloadAssembly (2571ms)
		BeginReloadAssembly (268ms)
			ExecutionOrderSort (0ms)
			DisableScriptedObjects (12ms)
			BackupInstance (0ms)
			ReleaseScriptingObjects (0ms)
			CreateAndSetChildDomain (71ms)
		EndReloadAssembly (2075ms)
			LoadAssemblies (191ms)
			RebuildTransferFunctionScriptingTraits (0ms)
			SetupTypeCache (529ms)
			ReleaseScriptCaches (3ms)
			RebuildScriptCaches (124ms)
			SetupLoadedEditorAssemblies (1044ms)
				LogAssemblyErrors (0ms)
				InitializePlatformSupportModulesInManaged (43ms)
				SetLoadedEditorAssemblies (1ms)
				RefreshPlugins (2ms)
				BeforeProcessingInitializeOnLoad (191ms)
				ProcessInitializeOnLoadAttributes (727ms)
				ProcessInitializeOnLoadMethodAttributes (54ms)
				AfterProcessingInitializeOnLoad (26ms)
				EditorAssembliesLoaded (0ms)
			ExecutionOrderSort2 (0ms)
			AwakeInstancesAfterBackupRestoration (46ms)
Platform modules already initialized, skipping
Refreshing native plugins compatible for Editor in 1.60 ms, found 3 plugins.
Preloading 0 native plugins for Editor in 0.00 ms.
Unloading 5654 Unused Serialized files (Serialized files now loaded: 0)
Unloading 47 unused Assets / (3.7 MB). Loaded Objects now: 6599.
Memory consumption went from 261.7 MB to 257.9 MB.
Total: 8.382600 ms (FindLiveObjects: 0.937500 ms CreateObjectMapping: 0.294700 ms MarkObjects: 5.742500 ms  DeleteObjects: 1.406000 ms)

AssetImportParameters requested are different than current active one (requested -> active):
  custom:video-decoder-ogg-theora: a1e56fd34408186e4bbccfd4996cb3dc -> 
  custom:container-muxer-webm: aa71ff27fc2769a1b78a27578f13a17b -> 
  custom:container-demuxer-webm: 4f35f7cbe854078d1ac9338744f61a02 -> 
  custom:video-encoder-webm-vp8: eb34c28f22e8b96e1ab97ce403110664 -> 
  custom:audio-encoder-webm-vorbis: bf7c407c2cedff20999df2af8eb42d56 -> 
  custom:framework-win-MediaFoundation: 216162199b28c13a410421893ffa2e32 -> 
  custom:container-demuxer-ogg: 62fdf1f143b41e24485cea50d1cbac27 -> 
  custom:video-decoder-webm-vp8: 9c59270c3fd7afecdb556c50c9e8de78 -> 
  custom:audio-decoder-ogg-vorbis: bf7c407c2cedff20999df2af8eb42d56 -> 
========================================================================
Received Import Request.
  Time since last request: 179.998321 seconds.
  path: Assets/IconesTOS/Blacksmith Hammer.png
  artifactKey: Guid(ca3900d762475ab4bbf5e93b7a4d9859) Importer(815301076,1909f56bfc062723c751e8b465ee728b)
Start importing Assets/IconesTOS/Blacksmith Hammer.png using Guid(ca3900d762475ab4bbf5e93b7a4d9859) Importer(815301076,1909f56bfc062723c751e8b465ee728b)  -> (artifact id: 'a4c81872298733c5f6ac65c6b968b4cd') in 0.087913 seconds 
========================================================================
Received Import Request.
  Time since last request: 0.000034 seconds.
  path: Assets/IconesTOS/Bow1.png
  artifactKey: Guid(97d5ce723c700c343805cd000c166335) Importer(815301076,1909f56bfc062723c751e8b465ee728b)
Start importing Assets/IconesTOS/Bow1.png using Guid(97d5ce723c700c343805cd000c166335) Importer(815301076,1909f56bfc062723c751e8b465ee728b)  -> (artifact id: '4e9ae40e2598c3f0be3569aa0afa6b61') in 0.017728 seconds 
========================================================================
Received Import Request.
  Time since last request: 0.000032 seconds.
  path: Assets/IconesTOS/Orc Bow.png
  artifactKey: Guid(50387b8a42c6e10459ed7848a9227d5d) Importer(815301076,1909f56bfc062723c751e8b465ee728b)
Start importing Assets/IconesTOS/Orc Bow.png using Guid(50387b8a42c6e10459ed7848a9227d5d) Importer(815301076,1909f56bfc062723c751e8b465ee728b)  -> (artifact id: 'fed3de6bef2dbc71fba06b7334923be7') in 0.018310 seconds 
========================================================================
Received Import Request.
  Time since last request: 0.000055 seconds.
  path: Assets/IconesTOS/Human Slayer.png
  artifactKey: Guid(c7538cd6c737d4e4eadba25511c90e03) Importer(815301076,1909f56bfc062723c751e8b465ee728b)
Start importing Assets/IconesTOS/Human Slayer.png using Guid(c7538cd6c737d4e4eadba25511c90e03) Importer(815301076,1909f56bfc062723c751e8b465ee728b)  -> (artifact id: 'f33ee7a4270d2e1921916bd706535014') in 0.021539 seconds 
========================================================================
Received Import Request.
  Time since last request: 0.000040 seconds.
  path: Assets/IconesTOS/Court Magician Staff.png
  artifactKey: Guid(061aaa04a99c58146a69d9875c9e98f7) Importer(815301076,1909f56bfc062723c751e8b465ee728b)
Start importing Assets/IconesTOS/Court Magician Staff.png using Guid(061aaa04a99c58146a69d9875c9e98f7) Importer(815301076,1909f56bfc062723c751e8b465ee728b)  -> (artifact id: '2978bdeb9e70112874f7d0da9b955c48') in 0.016088 seconds 
========================================================================
Received Import Request.
  Time since last request: 0.000033 seconds.
  path: Assets/IconesTOS/Great Sword.png
  artifactKey: Guid(1b9b5e7fe6e2c8541aebdd7f0c9e9770) Importer(815301076,1909f56bfc062723c751e8b465ee728b)
Start importing Assets/IconesTOS/Great Sword.png using Guid(1b9b5e7fe6e2c8541aebdd7f0c9e9770) Importer(815301076,1909f56bfc062723c751e8b465ee728b)  -> (artifact id: '9ad17f6272886ae175d79ba84359e5d5') in 0.016733 seconds 
========================================================================
Received Import Request.
  Time since last request: 0.000032 seconds.
  path: Assets/IconesTOS/Composed Bow.png
  artifactKey: Guid(c1731320f644f54458ee17ae8015d1d9) Importer(815301076,1909f56bfc062723c751e8b465ee728b)
Start importing Assets/IconesTOS/Composed Bow.png using Guid(c1731320f644f54458ee17ae8015d1d9) Importer(815301076,1909f56bfc062723c751e8b465ee728b)  -> (artifact id: 'b6b96efe8768225365fd3bf2319bc089') in 0.013436 seconds 
========================================================================
Received Prepare
Registering precompiled user dll's ...
Registered in 0.019361 seconds.
Begin MonoManager ReloadAssembly
Symbol file LoadedFromMemory doesn't match image C:\Users\jonat\Documents\DevGames\UnityProjects\Tool\Tool\Library\PackageCache\com.unity.visualscripting@1.7.5\Editor\VisualScripting.Core\Dependencies\YamlDotNet\Unity.VisualScripting.YamlDotNet.dll
Symbol file LoadedFromMemory doesn't match image C:\Users\jonat\Documents\DevGames\UnityProjects\Tool\Tool\Library\PackageCache\com.unity.visualscripting@1.7.5\Editor\VisualScripting.Core\Dependencies\DotNetZip\Unity.VisualScripting.IonicZip.dll
Native extension for LinuxStandalone target not found
Native extension for WindowsStandalone target not found
Native extension for OSXStandalone target not found
Native extension for WebGL target not found
Refreshing native plugins compatible for Editor in 1.48 ms, found 3 plugins.
Preloading 0 native plugins for Editor in 0.00 ms.
Mono: successfully reloaded assembly
- Completed reload, in  2.539 seconds
Domain Reload Profiling:
	ReloadAssembly (2540ms)
		BeginReloadAssembly (281ms)
			ExecutionOrderSort (0ms)
			DisableScriptedObjects (13ms)
			BackupInstance (0ms)
			ReleaseScriptingObjects (0ms)
			CreateAndSetChildDomain (70ms)
		EndReloadAssembly (2043ms)
			LoadAssemblies (201ms)
			RebuildTransferFunctionScriptingTraits (0ms)
			SetupTypeCache (569ms)
			ReleaseScriptCaches (3ms)
			RebuildScriptCaches (117ms)
			SetupLoadedEditorAssemblies (988ms)
				LogAssemblyErrors (0ms)
				InitializePlatformSupportModulesInManaged (43ms)
				SetLoadedEditorAssemblies (1ms)
				RefreshPlugins (2ms)
				BeforeProcessingInitializeOnLoad (184ms)
				ProcessInitializeOnLoadAttributes (683ms)
				ProcessInitializeOnLoadMethodAttributes (53ms)
				AfterProcessingInitializeOnLoad (23ms)
				EditorAssembliesLoaded (0ms)
			ExecutionOrderSort2 (0ms)
			AwakeInstancesAfterBackupRestoration (40ms)
Platform modules already initialized, skipping
Refreshing native plugins compatible for Editor in 1.50 ms, found 3 plugins.
Preloading 0 native plugins for Editor in 0.00 ms.
Unloading 5664 Unused Serialized files (Serialized files now loaded: 0)
Unloading 47 unused Assets / (3.7 MB). Loaded Objects now: 6710.
Memory consumption went from 266.7 MB to 262.9 MB.
Total: 7.780800 ms (FindLiveObjects: 0.760700 ms CreateObjectMapping: 0.294700 ms MarkObjects: 5.621000 ms  DeleteObjects: 1.102600 ms)

AssetImportParameters requested are different than current active one (requested -> active):
  custom:video-decoder-ogg-theora: a1e56fd34408186e4bbccfd4996cb3dc -> 
  custom:container-muxer-webm: aa71ff27fc2769a1b78a27578f13a17b -> 
  custom:container-demuxer-webm: 4f35f7cbe854078d1ac9338744f61a02 -> 
  custom:video-encoder-webm-vp8: eb34c28f22e8b96e1ab97ce403110664 -> 
  custom:audio-encoder-webm-vorbis: bf7c407c2cedff20999df2af8eb42d56 -> 
  custom:framework-win-MediaFoundation: 216162199b28c13a410421893ffa2e32 -> 
  custom:container-demuxer-ogg: 62fdf1f143b41e24485cea50d1cbac27 -> 
  custom:video-decoder-webm-vp8: 9c59270c3fd7afecdb556c50c9e8de78 -> 
  custom:audio-decoder-ogg-vorbis: bf7c407c2cedff20999df2af8eb42d56 -> 
========================================================================
Received Import Request.
  Time since last request: 171.305669 seconds.
  path: Assets/IconesTOS/Blacksmith Hammer.png
  artifactKey: Guid(ca3900d762475ab4bbf5e93b7a4d9859) Importer(815301076,1909f56bfc062723c751e8b465ee728b)
Start importing Assets/IconesTOS/Blacksmith Hammer.png using Guid(ca3900d762475ab4bbf5e93b7a4d9859) Importer(815301076,1909f56bfc062723c751e8b465ee728b)  -> (artifact id: 'd147f816c8348ccf7a916b0fd5d649bc') in 0.086465 seconds 
========================================================================
Received Import Request.
  Time since last request: 0.000040 seconds.
  path: Assets/IconesTOS/Bow1.png
  artifactKey: Guid(97d5ce723c700c343805cd000c166335) Importer(815301076,1909f56bfc062723c751e8b465ee728b)
Start importing Assets/IconesTOS/Bow1.png using Guid(97d5ce723c700c343805cd000c166335) Importer(815301076,1909f56bfc062723c751e8b465ee728b)  -> (artifact id: 'dae75c49e38be5abc629ff884e8a0185') in 0.017197 seconds 
========================================================================
Received Import Request.
  Time since last request: 0.000060 seconds.
  path: Assets/IconesTOS/Gardening Sickle.png
  artifactKey: Guid(15b285a4be29cd64288096f814016ce0) Importer(815301076,1909f56bfc062723c751e8b465ee728b)
Start importing Assets/IconesTOS/Gardening Sickle.png using Guid(15b285a4be29cd64288096f814016ce0) Importer(815301076,1909f56bfc062723c751e8b465ee728b)  -> (artifact id: '15dc05d1f90e8795e89558156f49b217') in 0.015544 seconds 
========================================================================
Received Import Request.
  Time since last request: 0.000045 seconds.
  path: Assets/IconesTOS/Orc Bow.png
  artifactKey: Guid(50387b8a42c6e10459ed7848a9227d5d) Importer(815301076,1909f56bfc062723c751e8b465ee728b)
Start importing Assets/IconesTOS/Orc Bow.png using Guid(50387b8a42c6e10459ed7848a9227d5d) Importer(815301076,1909f56bfc062723c751e8b465ee728b)  -> (artifact id: 'f7ad176a5a52377e41eb2fb9ace1c343') in 0.015645 seconds 
========================================================================
Received Import Request.
  Time since last request: 0.000037 seconds.
  path: Assets/IconesTOS/Orc Staff.png
  artifactKey: Guid(0bafd9e1352aba440a23bbf3d258704f) Importer(815301076,1909f56bfc062723c751e8b465ee728b)
Start importing Assets/IconesTOS/Orc Staff.png using Guid(0bafd9e1352aba440a23bbf3d258704f) Importer(815301076,1909f56bfc062723c751e8b465ee728b)  -> (artifact id: '0edc5edd0e626decc60555daa8fb3a78') in 0.016581 seconds 
========================================================================
Received Import Request.
  Time since last request: 0.000059 seconds.
  path: Assets/IconesTOS/Demonic Flamberge.png
  artifactKey: Guid(523cd5b222153e34d98eb2ba6846d786) Importer(815301076,1909f56bfc062723c751e8b465ee728b)
Start importing Assets/IconesTOS/Demonic Flamberge.png using Guid(523cd5b222153e34d98eb2ba6846d786) Importer(815301076,1909f56bfc062723c751e8b465ee728b)  -> (artifact id: '39d0aaaaf83b15ea377e26f5470e044c') in 0.017293 seconds 
========================================================================
Received Import Request.
  Time since last request: 0.000045 seconds.
  path: Assets/IconesTOS/Crystal Staff.png
  artifactKey: Guid(7d0c9f5a5a4f26c4daafc27e01f134f9) Importer(815301076,1909f56bfc062723c751e8b465ee728b)
Start importing Assets/IconesTOS/Crystal Staff.png using Guid(7d0c9f5a5a4f26c4daafc27e01f134f9) Importer(815301076,1909f56bfc062723c751e8b465ee728b)  -> (artifact id: '187f76e316791d228a820b90f90c481a') in 0.021036 seconds 
========================================================================
Received Import Request.
  Time since last request: 0.000042 seconds.
  path: Assets/IconesTOS/Pickaxe.png
  artifactKey: Guid(c64649305b09fb4408386344696ecd77) Importer(815301076,1909f56bfc062723c751e8b465ee728b)
Start importing Assets/IconesTOS/Pickaxe.png using Guid(c64649305b09fb4408386344696ecd77) Importer(815301076,1909f56bfc062723c751e8b465ee728b)  -> (artifact id: '62c9ceee96121d88c1765032d884523d') in 0.021049 seconds 
========================================================================
Received Prepare
Registering precompiled user dll's ...
Registered in 0.021795 seconds.
Begin MonoManager ReloadAssembly
Symbol file LoadedFromMemory doesn't match image C:\Users\jonat\Documents\DevGames\UnityProjects\Tool\Tool\Library\PackageCache\com.unity.visualscripting@1.7.5\Editor\VisualScripting.Core\Dependencies\YamlDotNet\Unity.VisualScripting.YamlDotNet.dll
Symbol file LoadedFromMemory doesn't match image C:\Users\jonat\Documents\DevGames\UnityProjects\Tool\Tool\Library\PackageCache\com.unity.visualscripting@1.7.5\Editor\VisualScripting.Core\Dependencies\DotNetZip\Unity.VisualScripting.IonicZip.dll
Native extension for LinuxStandalone target not found
Native extension for WindowsStandalone target not found
Native extension for OSXStandalone target not found
Native extension for WebGL target not found
Refreshing native plugins compatible for Editor in 1.32 ms, found 3 plugins.
Preloading 0 native plugins for Editor in 0.00 ms.
Mono: successfully reloaded assembly
- Completed reload, in  2.606 seconds
Domain Reload Profiling:
	ReloadAssembly (2608ms)
		BeginReloadAssembly (264ms)
			ExecutionOrderSort (0ms)
			DisableScriptedObjects (14ms)
			BackupInstance (0ms)
			ReleaseScriptingObjects (0ms)
			CreateAndSetChildDomain (62ms)
		EndReloadAssembly (2133ms)
			LoadAssemblies (184ms)
			RebuildTransferFunctionScriptingTraits (0ms)
			SetupTypeCache (528ms)
			ReleaseScriptCaches (4ms)
			RebuildScriptCaches (132ms)
			SetupLoadedEditorAssemblies (1107ms)
				LogAssemblyErrors (0ms)
				InitializePlatformSupportModulesInManaged (83ms)
				SetLoadedEditorAssemblies (1ms)
				RefreshPlugins (1ms)
				BeforeProcessingInitializeOnLoad (197ms)
				ProcessInitializeOnLoadAttributes (733ms)
				ProcessInitializeOnLoadMethodAttributes (66ms)
				AfterProcessingInitializeOnLoad (26ms)
				EditorAssembliesLoaded (0ms)
			ExecutionOrderSort2 (0ms)
			AwakeInstancesAfterBackupRestoration (43ms)
Platform modules already initialized, skipping
Refreshing native plugins compatible for Editor in 1.46 ms, found 3 plugins.
Preloading 0 native plugins for Editor in 0.00 ms.
Unloading 5653 Unused Serialized files (Serialized files now loaded: 0)
Unloading 47 unused Assets / (3.7 MB). Loaded Objects now: 6824.
Memory consumption went from 269.4 MB to 265.7 MB.
Total: 8.064500 ms (FindLiveObjects: 0.790500 ms CreateObjectMapping: 0.285700 ms MarkObjects: 5.770800 ms  DeleteObjects: 1.215600 ms)

AssetImportParameters requested are different than current active one (requested -> active):
  custom:video-decoder-ogg-theora: a1e56fd34408186e4bbccfd4996cb3dc -> 
  custom:container-muxer-webm: aa71ff27fc2769a1b78a27578f13a17b -> 
  custom:container-demuxer-webm: 4f35f7cbe854078d1ac9338744f61a02 -> 
  custom:video-encoder-webm-vp8: eb34c28f22e8b96e1ab97ce403110664 -> 
  custom:audio-encoder-webm-vorbis: bf7c407c2cedff20999df2af8eb42d56 -> 
  custom:framework-win-MediaFoundation: 216162199b28c13a410421893ffa2e32 -> 
  custom:container-demuxer-ogg: 62fdf1f143b41e24485cea50d1cbac27 -> 
  custom:video-decoder-webm-vp8: 9c59270c3fd7afecdb556c50c9e8de78 -> 
  custom:audio-decoder-ogg-vorbis: bf7c407c2cedff20999df2af8eb42d56 -> 
========================================================================
Received Import Request.
  Time since last request: 115.057267 seconds.
  path: Assets/IconesTOS/Bow1.png
  artifactKey: Guid(97d5ce723c700c343805cd000c166335) Importer(815301076,1909f56bfc062723c751e8b465ee728b)
Start importing Assets/IconesTOS/Bow1.png using Guid(97d5ce723c700c343805cd000c166335) Importer(815301076,1909f56bfc062723c751e8b465ee728b)  -> (artifact id: '43c39be47f27021eba5763bf3a432eb6') in 0.081211 seconds 
========================================================================
Received Import Request.
  Time since last request: 0.000045 seconds.
  path: Assets/IconesTOS/Short Bow.png
  artifactKey: Guid(1292e19bdd2fe7c4cb5db97902d94e07) Importer(815301076,1909f56bfc062723c751e8b465ee728b)
Start importing Assets/IconesTOS/Short Bow.png using Guid(1292e19bdd2fe7c4cb5db97902d94e07) Importer(815301076,1909f56bfc062723c751e8b465ee728b)  -> (artifact id: '9e2e675a5c6d1a9c4da0dbd1559f96c6') in 0.021386 seconds 
========================================================================
Received Import Request.
  Time since last request: 0.000050 seconds.
  path: Assets/IconesTOS/Orc Bow.png
  artifactKey: Guid(50387b8a42c6e10459ed7848a9227d5d) Importer(815301076,1909f56bfc062723c751e8b465ee728b)
Start importing Assets/IconesTOS/Orc Bow.png using Guid(50387b8a42c6e10459ed7848a9227d5d) Importer(815301076,1909f56bfc062723c751e8b465ee728b)  -> (artifact id: '32d5b674922b57f0e0d35c5c22cb83c5') in 0.017750 seconds 
========================================================================
Received Import Request.
  Time since last request: 0.000050 seconds.
  path: Assets/IconesTOS/Orc Staff.png
  artifactKey: Guid(0bafd9e1352aba440a23bbf3d258704f) Importer(815301076,1909f56bfc062723c751e8b465ee728b)
Start importing Assets/IconesTOS/Orc Staff.png using Guid(0bafd9e1352aba440a23bbf3d258704f) Importer(815301076,1909f56bfc062723c751e8b465ee728b)  -> (artifact id: '4162acfb20303349b3fad6ea0be67c79') in 0.017254 seconds 
========================================================================
Received Import Request.
  Time since last request: 0.000040 seconds.
  path: Assets/IconesTOS/Crystal Staff.png
  artifactKey: Guid(7d0c9f5a5a4f26c4daafc27e01f134f9) Importer(815301076,1909f56bfc062723c751e8b465ee728b)
Start importing Assets/IconesTOS/Crystal Staff.png using Guid(7d0c9f5a5a4f26c4daafc27e01f134f9) Importer(815301076,1909f56bfc062723c751e8b465ee728b)  -> (artifact id: 'aaf7b2f71f4aa17be0ba9335938455e4') in 0.019074 seconds 
Editor requested this worker to shutdown with reason: Scaling down because of idle timeout
AssetImportWorker is now disconnected from the server
Process exiting
Exiting without the bug reporter. Application will terminate with return code 0