Using pre-set license
Built from '2021.2/staging' branch; Version is '2021.2.6f1 (8c4e826ba445) revision 9195138'; Using compiler version '192829333'; Build Type 'Release'
OS: 'Windows 10  (10.0.19041) 64bit Core' Language: 'pt' Physical Memory: 8144 MB
BatchMode: 1, IsHumanControllingUs: 0, StartBugReporterOnCrash: 0, Is64bit: 1, IsPro: 0

COMMAND LINE ARGUMENTS:
C:\Program Files\Unity\Hub\Editor\2021.2.6f1\Editor\Unity.exe
-adb2
-batchMode
-noUpm
-name
AssetImportWorker9
-projectPath
C:/Users/jonat/Documents/DevGames/UnityProjects/Tool/Tool
-logFile
Logs/AssetImportWorker9.log
-srvPort
63064
Successfully changed project path to: C:/Users/jonat/Documents/DevGames/UnityProjects/Tool/Tool
C:/Users/jonat/Documents/DevGames/UnityProjects/Tool/Tool
[UnityMemory] Configuration Parameters - Can be set up in boot.config
    "memorysetup-bucket-allocator-granularity=16"
    "memorysetup-bucket-allocator-bucket-count=8"
    "memorysetup-bucket-allocator-block-size=33554432"
    "memorysetup-bucket-allocator-block-count=8"
    "memorysetup-main-allocator-block-size=16777216"
    "memorysetup-thread-allocator-block-size=16777216"
    "memorysetup-gfx-main-allocator-block-size=16777216"
    "memorysetup-gfx-thread-allocator-block-size=16777216"
    "memorysetup-cache-allocator-block-size=4194304"
    "memorysetup-typetree-allocator-block-size=2097152"
    "memorysetup-profiler-bucket-allocator-granularity=16"
    "memorysetup-profiler-bucket-allocator-bucket-count=8"
    "memorysetup-profiler-bucket-allocator-block-size=33554432"
    "memorysetup-profiler-bucket-allocator-block-count=8"
    "memorysetup-profiler-allocator-block-size=16777216"
    "memorysetup-profiler-editor-allocator-block-size=1048576"
    "memorysetup-temp-allocator-size-main=16777216"
    "memorysetup-job-temp-allocator-block-size=2097152"
    "memorysetup-job-temp-allocator-block-size-background=1048576"
    "memorysetup-job-temp-allocator-reduction-small-platforms=262144"
    "memorysetup-temp-allocator-size-background-worker=32768"
    "memorysetup-temp-allocator-size-job-worker=262144"
    "memorysetup-temp-allocator-size-preload-manager=33554432"
    "memorysetup-temp-allocator-size-nav-mesh-worker=65536"
    "memorysetup-temp-allocator-size-audio-worker=65536"
    "memorysetup-temp-allocator-size-cloud-worker=32768"
    "memorysetup-temp-allocator-size-gi-baking-worker=262144"
    "memorysetup-temp-allocator-size-gfx=262144"
Refreshing native plugins compatible for Editor in 245.70 ms, found 3 plugins.
Preloading 0 native plugins for Editor in 0.00 ms.
Initialize engine version: 2021.2.6f1 (8c4e826ba445)
[Subsystems] Discovering subsystems at path C:/Program Files/Unity/Hub/Editor/2021.2.6f1/Editor/Data/Resources/UnitySubsystems
[Subsystems] Discovering subsystems at path C:/Users/jonat/Documents/DevGames/UnityProjects/Tool/Tool/Assets
GfxDevice: creating device client; threaded=0; jobified=0
Direct3D:
    Version:  Direct3D 11.0 [level 11.1]
    Renderer: NVIDIA GeForce GTX 1060 6GB (ID=0x1c03)
    Vendor:   NVIDIA
    VRAM:     6052 MB
    Driver:   27.21.14.5671
Initialize mono
Mono path[0] = 'C:/Program Files/Unity/Hub/Editor/2021.2.6f1/Editor/Data/Managed'
Mono path[1] = 'C:/Program Files/Unity/Hub/Editor/2021.2.6f1/Editor/Data/MonoBleedingEdge/lib/mono/unityjit-win32'
Mono config path = 'C:/Program Files/Unity/Hub/Editor/2021.2.6f1/Editor/Data/MonoBleedingEdge/etc'
Using monoOptions --debugger-agent=transport=dt_socket,embedding=1,server=y,suspend=n,address=127.0.0.1:56924
Begin MonoManager ReloadAssembly
Registering precompiled unity dll's ...
Register platform support module: C:/Program Files/Unity/Hub/Editor/2021.2.6f1/Editor/Data/PlaybackEngines/WebGLSupport/UnityEditor.WebGL.Extensions.dll
Register platform support module: C:/Program Files/Unity/Hub/Editor/2021.2.6f1/Editor/Data/PlaybackEngines/MacStandaloneSupport/UnityEditor.OSXStandalone.Extensions.dll
Register platform support module: C:/Program Files/Unity/Hub/Editor/2021.2.6f1/Editor/Data/PlaybackEngines/WindowsStandaloneSupport/UnityEditor.WindowsStandalone.Extensions.dll
Register platform support module: C:/Program Files/Unity/Hub/Editor/2021.2.6f1/Editor/Data/PlaybackEngines/LinuxStandaloneSupport/UnityEditor.LinuxStandalone.Extensions.dll
Registered in 0.027097 seconds.
Native extension for LinuxStandalone target not found
Native extension for WindowsStandalone target not found
Native extension for OSXStandalone target not found
Native extension for WebGL target not found
Refreshing native plugins compatible for Editor in 244.59 ms, found 3 plugins.
Preloading 0 native plugins for Editor in 0.00 ms.
Mono: successfully reloaded assembly
- Completed reload, in  1.302 seconds
Domain Reload Profiling:
	ReloadAssembly (1303ms)
		BeginReloadAssembly (154ms)
			ExecutionOrderSort (0ms)
			DisableScriptedObjects (0ms)
			BackupInstance (0ms)
			ReleaseScriptingObjects (0ms)
			CreateAndSetChildDomain (1ms)
		EndReloadAssembly (971ms)
			LoadAssemblies (149ms)
			RebuildTransferFunctionScriptingTraits (0ms)
			SetupTypeCache (190ms)
			ReleaseScriptCaches (0ms)
			RebuildScriptCaches (45ms)
			SetupLoadedEditorAssemblies (626ms)
				LogAssemblyErrors (0ms)
				InitializePlatformSupportModulesInManaged (46ms)
				SetLoadedEditorAssemblies (0ms)
				RefreshPlugins (245ms)
				BeforeProcessingInitializeOnLoad (2ms)
				ProcessInitializeOnLoadAttributes (252ms)
				ProcessInitializeOnLoadMethodAttributes (81ms)
				AfterProcessingInitializeOnLoad (0ms)
				EditorAssembliesLoaded (0ms)
			ExecutionOrderSort2 (0ms)
			AwakeInstancesAfterBackupRestoration (0ms)
Platform modules already initialized, skipping
Registering precompiled user dll's ...
Registered in 0.020472 seconds.
Begin MonoManager ReloadAssembly
Symbol file LoadedFromMemory doesn't match image C:\Users\jonat\Documents\DevGames\UnityProjects\Tool\Tool\Library\PackageCache\com.unity.visualscripting@1.7.5\Editor\VisualScripting.Core\Dependencies\YamlDotNet\Unity.VisualScripting.YamlDotNet.dll
Symbol file LoadedFromMemory doesn't match image C:\Users\jonat\Documents\DevGames\UnityProjects\Tool\Tool\Library\PackageCache\com.unity.visualscripting@1.7.5\Editor\VisualScripting.Core\Dependencies\DotNetZip\Unity.VisualScripting.IonicZip.dll
Native extension for LinuxStandalone target not found
Native extension for WindowsStandalone target not found
Native extension for OSXStandalone target not found
Native extension for WebGL target not found
Refreshing native plugins compatible for Editor in 221.89 ms, found 3 plugins.
Preloading 0 native plugins for Editor in 0.00 ms.
Mono: successfully reloaded assembly
- Completed reload, in  2.969 seconds
Domain Reload Profiling:
	ReloadAssembly (2970ms)
		BeginReloadAssembly (214ms)
			ExecutionOrderSort (0ms)
			DisableScriptedObjects (11ms)
			BackupInstance (0ms)
			ReleaseScriptingObjects (0ms)
			CreateAndSetChildDomain (32ms)
		EndReloadAssembly (2555ms)
			LoadAssemblies (185ms)
			RebuildTransferFunctionScriptingTraits (0ms)
			SetupTypeCache (529ms)
			ReleaseScriptCaches (1ms)
			RebuildScriptCaches (142ms)
			SetupLoadedEditorAssemblies (1629ms)
				LogAssemblyErrors (0ms)
				InitializePlatformSupportModulesInManaged (42ms)
				SetLoadedEditorAssemblies (0ms)
				RefreshPlugins (222ms)
				BeforeProcessingInitializeOnLoad (153ms)
				ProcessInitializeOnLoadAttributes (1000ms)
				ProcessInitializeOnLoadMethodAttributes (196ms)
				AfterProcessingInitializeOnLoad (16ms)
				EditorAssembliesLoaded (0ms)
			ExecutionOrderSort2 (0ms)
			AwakeInstancesAfterBackupRestoration (7ms)
Platform modules already initialized, skipping
========================================================================
Worker process is ready to serve import requests
Launched and connected shader compiler UnityShaderCompiler.exe after 0.16 seconds
Refreshing native plugins compatible for Editor in 1.43 ms, found 3 plugins.
Preloading 0 native plugins for Editor in 0.00 ms.
Unloading 5958 Unused Serialized files (Serialized files now loaded: 0)
Unloading 52 unused Assets / (3.8 MB). Loaded Objects now: 6406.
Memory consumption went from 272.3 MB to 268.5 MB.
Total: 8.420100 ms (FindLiveObjects: 0.799000 ms CreateObjectMapping: 0.294900 ms MarkObjects: 6.178800 ms  DeleteObjects: 1.145000 ms)

AssetImportParameters requested are different than current active one (requested -> active):
  custom:video-decoder-ogg-theora: a1e56fd34408186e4bbccfd4996cb3dc -> 
  custom:container-muxer-webm: aa71ff27fc2769a1b78a27578f13a17b -> 
  custom:container-demuxer-webm: 4f35f7cbe854078d1ac9338744f61a02 -> 
  custom:video-encoder-webm-vp8: eb34c28f22e8b96e1ab97ce403110664 -> 
  custom:audio-encoder-webm-vorbis: bf7c407c2cedff20999df2af8eb42d56 -> 
  custom:framework-win-MediaFoundation: 216162199b28c13a410421893ffa2e32 -> 
  custom:container-demuxer-ogg: 62fdf1f143b41e24485cea50d1cbac27 -> 
  custom:video-decoder-webm-vp8: 9c59270c3fd7afecdb556c50c9e8de78 -> 
  custom:audio-decoder-ogg-vorbis: bf7c407c2cedff20999df2af8eb42d56 -> 
========================================================================
Received Prepare
Registering precompiled user dll's ...
Registered in 0.019670 seconds.
Begin MonoManager ReloadAssembly
Symbol file LoadedFromMemory doesn't match image C:\Users\jonat\Documents\DevGames\UnityProjects\Tool\Tool\Library\PackageCache\com.unity.visualscripting@1.7.5\Editor\VisualScripting.Core\Dependencies\YamlDotNet\Unity.VisualScripting.YamlDotNet.dll
Symbol file LoadedFromMemory doesn't match image C:\Users\jonat\Documents\DevGames\UnityProjects\Tool\Tool\Library\PackageCache\com.unity.visualscripting@1.7.5\Editor\VisualScripting.Core\Dependencies\DotNetZip\Unity.VisualScripting.IonicZip.dll
Native extension for LinuxStandalone target not found
Native extension for WindowsStandalone target not found
Native extension for OSXStandalone target not found
Native extension for WebGL target not found
Refreshing native plugins compatible for Editor in 1.39 ms, found 3 plugins.
Preloading 0 native plugins for Editor in 0.00 ms.
Mono: successfully reloaded assembly
- Completed reload, in 15.792 seconds
Domain Reload Profiling:
	ReloadAssembly (15793ms)
		BeginReloadAssembly (282ms)
			ExecutionOrderSort (0ms)
			DisableScriptedObjects (11ms)
			BackupInstance (0ms)
			ReleaseScriptingObjects (0ms)
			CreateAndSetChildDomain (75ms)
		EndReloadAssembly (15315ms)
			LoadAssemblies (192ms)
			RebuildTransferFunctionScriptingTraits (0ms)
			SetupTypeCache (13830ms)
			ReleaseScriptCaches (3ms)
			RebuildScriptCaches (122ms)
			SetupLoadedEditorAssemblies (1023ms)
				LogAssemblyErrors (0ms)
				InitializePlatformSupportModulesInManaged (85ms)
				SetLoadedEditorAssemblies (1ms)
				RefreshPlugins (2ms)
				BeforeProcessingInitializeOnLoad (181ms)
				ProcessInitializeOnLoadAttributes (678ms)
				ProcessInitializeOnLoadMethodAttributes (53ms)
				AfterProcessingInitializeOnLoad (23ms)
				EditorAssembliesLoaded (0ms)
			ExecutionOrderSort2 (0ms)
			AwakeInstancesAfterBackupRestoration (26ms)
Platform modules already initialized, skipping
Refreshing native plugins compatible for Editor in 1.48 ms, found 3 plugins.
Preloading 0 native plugins for Editor in 0.00 ms.
Unloading 5653 Unused Serialized files (Serialized files now loaded: 0)
Unloading 47 unused Assets / (3.7 MB). Loaded Objects now: 6408.
Memory consumption went from 256.3 MB to 252.6 MB.
Total: 8.280600 ms (FindLiveObjects: 0.812300 ms CreateObjectMapping: 0.307900 ms MarkObjects: 5.845400 ms  DeleteObjects: 1.312900 ms)

AssetImportParameters requested are different than current active one (requested -> active):
  custom:video-decoder-ogg-theora: a1e56fd34408186e4bbccfd4996cb3dc -> 
  custom:container-muxer-webm: aa71ff27fc2769a1b78a27578f13a17b -> 
  custom:container-demuxer-webm: 4f35f7cbe854078d1ac9338744f61a02 -> 
  custom:video-encoder-webm-vp8: eb34c28f22e8b96e1ab97ce403110664 -> 
  custom:audio-encoder-webm-vorbis: bf7c407c2cedff20999df2af8eb42d56 -> 
  custom:framework-win-MediaFoundation: 216162199b28c13a410421893ffa2e32 -> 
  custom:container-demuxer-ogg: 62fdf1f143b41e24485cea50d1cbac27 -> 
  custom:video-decoder-webm-vp8: 9c59270c3fd7afecdb556c50c9e8de78 -> 
  custom:audio-decoder-ogg-vorbis: bf7c407c2cedff20999df2af8eb42d56 -> 
========================================================================
Received Import Request.
  Time since last request: 102984.395907 seconds.
  path: Assets/IconesTOS/Woodcutter Axe.png
  artifactKey: Guid(cee6c861574f6fb45a665ea2f09b1aea) Importer(815301076,1909f56bfc062723c751e8b465ee728b)
Start importing Assets/IconesTOS/Woodcutter Axe.png using Guid(cee6c861574f6fb45a665ea2f09b1aea) Importer(815301076,1909f56bfc062723c751e8b465ee728b)  -> (artifact id: '15d73669058c4bf202ead07062e7fb71') in 0.169372 seconds 
========================================================================
Received Import Request.
  Time since last request: 37.444049 seconds.
  path: Assets/IconesTOS/Bow1.png
  artifactKey: Guid(2f0b4e387cd8de34c8e2aead49e5f278) Importer(815301076,1909f56bfc062723c751e8b465ee728b)
Start importing Assets/IconesTOS/Bow1.png using Guid(2f0b4e387cd8de34c8e2aead49e5f278) Importer(815301076,1909f56bfc062723c751e8b465ee728b)  -> (artifact id: 'e59d6adbc495ee653d1be2c55162bd48') in 0.026582 seconds 
========================================================================
Received Import Request.
  Time since last request: 0.000056 seconds.
  path: Assets/IconesTOS/Great Sword.png
  artifactKey: Guid(cebb402538bf1fd4e9528ca1cfe5b627) Importer(815301076,1909f56bfc062723c751e8b465ee728b)
Start importing Assets/IconesTOS/Great Sword.png using Guid(cebb402538bf1fd4e9528ca1cfe5b627) Importer(815301076,1909f56bfc062723c751e8b465ee728b)  -> (artifact id: 'c5277831f2f73736260dab20280f4338') in 0.029504 seconds 
========================================================================
Received Import Request.
  Time since last request: 0.000044 seconds.
  path: Assets/IconesTOS/Crystal Staff.png
  artifactKey: Guid(154074c944be6ac4e89aacb35e1f5994) Importer(815301076,1909f56bfc062723c751e8b465ee728b)
Start importing Assets/IconesTOS/Crystal Staff.png using Guid(154074c944be6ac4e89aacb35e1f5994) Importer(815301076,1909f56bfc062723c751e8b465ee728b)  -> (artifact id: '60183e44d387777dc5cc5e2aa6006089') in 0.018715 seconds 
========================================================================
Received Import Request.
  Time since last request: 0.000054 seconds.
  path: Assets/IconesTOS/Pickaxe.png
  artifactKey: Guid(d226675d7d6bd084b80718297e25e90f) Importer(815301076,1909f56bfc062723c751e8b465ee728b)
Start importing Assets/IconesTOS/Pickaxe.png using Guid(d226675d7d6bd084b80718297e25e90f) Importer(815301076,1909f56bfc062723c751e8b465ee728b)  -> (artifact id: 'fd6a3c314fbb07c48a81f32f98ddf533') in 0.037160 seconds 
========================================================================
Received Import Request.
  Time since last request: 0.000039 seconds.
  path: Assets/IconesTOS/Gardening Sickle.png
  artifactKey: Guid(55dfa03615394a742a5733dbd6582d9e) Importer(815301076,1909f56bfc062723c751e8b465ee728b)
Start importing Assets/IconesTOS/Gardening Sickle.png using Guid(55dfa03615394a742a5733dbd6582d9e) Importer(815301076,1909f56bfc062723c751e8b465ee728b)  -> (artifact id: '5586585d1052f60ffed5627d166bd1be') in 0.028829 seconds 
========================================================================
Received Import Request.
  Time since last request: 0.000036 seconds.
  path: Assets/IconesTOS/Short Bow.png
  artifactKey: Guid(96a8878b427c0f147b89e421534a5548) Importer(815301076,1909f56bfc062723c751e8b465ee728b)
Start importing Assets/IconesTOS/Short Bow.png using Guid(96a8878b427c0f147b89e421534a5548) Importer(815301076,1909f56bfc062723c751e8b465ee728b)  -> (artifact id: '6f2eb3b8cbf6a794e4e4f70d7ef4b121') in 0.029832 seconds 
========================================================================
Received Import Request.
  Time since last request: 5.792067 seconds.
  path: Assets/IconesTOS/Woodcutter Axe.png
  artifactKey: Guid(cee6c861574f6fb45a665ea2f09b1aea) Importer(815301076,1909f56bfc062723c751e8b465ee728b)
Start importing Assets/IconesTOS/Woodcutter Axe.png using Guid(cee6c861574f6fb45a665ea2f09b1aea) Importer(815301076,1909f56bfc062723c751e8b465ee728b)  -> (artifact id: 'a769be3de8be3384368412d33ff4fb29') in 0.019300 seconds 
========================================================================
Received Prepare
Registering precompiled user dll's ...
Registered in 0.020755 seconds.
Begin MonoManager ReloadAssembly
Symbol file LoadedFromMemory doesn't match image C:\Users\jonat\Documents\DevGames\UnityProjects\Tool\Tool\Library\PackageCache\com.unity.visualscripting@1.7.5\Editor\VisualScripting.Core\Dependencies\YamlDotNet\Unity.VisualScripting.YamlDotNet.dll
Symbol file LoadedFromMemory doesn't match image C:\Users\jonat\Documents\DevGames\UnityProjects\Tool\Tool\Library\PackageCache\com.unity.visualscripting@1.7.5\Editor\VisualScripting.Core\Dependencies\DotNetZip\Unity.VisualScripting.IonicZip.dll
Native extension for LinuxStandalone target not found
Native extension for WindowsStandalone target not found
Native extension for OSXStandalone target not found
Native extension for WebGL target not found
Refreshing native plugins compatible for Editor in 1.40 ms, found 3 plugins.
Preloading 0 native plugins for Editor in 0.00 ms.
Mono: successfully reloaded assembly
- Completed reload, in  2.545 seconds
Domain Reload Profiling:
	ReloadAssembly (2547ms)
		BeginReloadAssembly (289ms)
			ExecutionOrderSort (0ms)
			DisableScriptedObjects (15ms)
			BackupInstance (0ms)
			ReleaseScriptingObjects (0ms)
			CreateAndSetChildDomain (70ms)
		EndReloadAssembly (2053ms)
			LoadAssemblies (201ms)
			RebuildTransferFunctionScriptingTraits (0ms)
			SetupTypeCache (551ms)
			ReleaseScriptCaches (3ms)
			RebuildScriptCaches (123ms)
			SetupLoadedEditorAssemblies (1005ms)
				LogAssemblyErrors (0ms)
				InitializePlatformSupportModulesInManaged (41ms)
				SetLoadedEditorAssemblies (1ms)
				RefreshPlugins (2ms)
				BeforeProcessingInitializeOnLoad (194ms)
				ProcessInitializeOnLoadAttributes (687ms)
				ProcessInitializeOnLoadMethodAttributes (57ms)
				AfterProcessingInitializeOnLoad (24ms)
				EditorAssembliesLoaded (0ms)
			ExecutionOrderSort2 (0ms)
			AwakeInstancesAfterBackupRestoration (38ms)
Platform modules already initialized, skipping
Refreshing native plugins compatible for Editor in 1.44 ms, found 3 plugins.
Preloading 0 native plugins for Editor in 0.00 ms.
Unloading 5660 Unused Serialized files (Serialized files now loaded: 0)
Unloading 47 unused Assets / (3.7 MB). Loaded Objects now: 6532.
Memory consumption went from 264.5 MB to 260.7 MB.
Total: 8.430400 ms (FindLiveObjects: 0.909300 ms CreateObjectMapping: 0.326900 ms MarkObjects: 5.952700 ms  DeleteObjects: 1.239200 ms)

AssetImportParameters requested are different than current active one (requested -> active):
  custom:video-decoder-ogg-theora: a1e56fd34408186e4bbccfd4996cb3dc -> 
  custom:container-muxer-webm: aa71ff27fc2769a1b78a27578f13a17b -> 
  custom:container-demuxer-webm: 4f35f7cbe854078d1ac9338744f61a02 -> 
  custom:video-encoder-webm-vp8: eb34c28f22e8b96e1ab97ce403110664 -> 
  custom:audio-encoder-webm-vorbis: bf7c407c2cedff20999df2af8eb42d56 -> 
  custom:framework-win-MediaFoundation: 216162199b28c13a410421893ffa2e32 -> 
  custom:container-demuxer-ogg: 62fdf1f143b41e24485cea50d1cbac27 -> 
  custom:video-decoder-webm-vp8: 9c59270c3fd7afecdb556c50c9e8de78 -> 
  custom:audio-decoder-ogg-vorbis: bf7c407c2cedff20999df2af8eb42d56 -> 
========================================================================
Received Import Request.
  Time since last request: 86.648865 seconds.
  path: Assets/IconesTOS/Bow1.png
  artifactKey: Guid(2f0b4e387cd8de34c8e2aead49e5f278) Importer(815301076,1909f56bfc062723c751e8b465ee728b)
Start importing Assets/IconesTOS/Bow1.png using Guid(2f0b4e387cd8de34c8e2aead49e5f278) Importer(815301076,1909f56bfc062723c751e8b465ee728b)  -> (artifact id: '915f77c5be02736be4422aea8948ddd1') in 0.073782 seconds 
========================================================================
Received Import Request.
  Time since last request: 0.000034 seconds.
  path: Assets/IconesTOS/Court Magician Staff.png
  artifactKey: Guid(6712c940b5243174c86ea46067db2cf2) Importer(815301076,1909f56bfc062723c751e8b465ee728b)
Start importing Assets/IconesTOS/Court Magician Staff.png using Guid(6712c940b5243174c86ea46067db2cf2) Importer(815301076,1909f56bfc062723c751e8b465ee728b)  -> (artifact id: '7b949973bf896724f64edd1a2e2d18f1') in 0.040481 seconds 
========================================================================
Received Import Request.
  Time since last request: 0.000038 seconds.
  path: Assets/IconesTOS/Great Sword.png
  artifactKey: Guid(cebb402538bf1fd4e9528ca1cfe5b627) Importer(815301076,1909f56bfc062723c751e8b465ee728b)
Start importing Assets/IconesTOS/Great Sword.png using Guid(cebb402538bf1fd4e9528ca1cfe5b627) Importer(815301076,1909f56bfc062723c751e8b465ee728b)  -> (artifact id: '2e3df0b1be6c4a4f42246845767970f6') in 0.052959 seconds 
========================================================================
Received Import Request.
  Time since last request: 0.000038 seconds.
  path: Assets/IconesTOS/Crystal Staff.png
  artifactKey: Guid(154074c944be6ac4e89aacb35e1f5994) Importer(815301076,1909f56bfc062723c751e8b465ee728b)
Start importing Assets/IconesTOS/Crystal Staff.png using Guid(154074c944be6ac4e89aacb35e1f5994) Importer(815301076,1909f56bfc062723c751e8b465ee728b)  -> (artifact id: '8a66d5813840328e5d8e082a937bfa72') in 0.019870 seconds 
========================================================================
Received Import Request.
  Time since last request: 0.000072 seconds.
  path: Assets/IconesTOS/Orc Staff.png
  artifactKey: Guid(90d72922eb15350489c6b5bc6f0ee5af) Importer(815301076,1909f56bfc062723c751e8b465ee728b)
Start importing Assets/IconesTOS/Orc Staff.png using Guid(90d72922eb15350489c6b5bc6f0ee5af) Importer(815301076,1909f56bfc062723c751e8b465ee728b)  -> (artifact id: 'bd9028300564390494025941389a7e35') in 0.041719 seconds 
========================================================================
Received Import Request.
  Time since last request: 0.000059 seconds.
  path: Assets/IconesTOS/Gardening Sickle.png
  artifactKey: Guid(55dfa03615394a742a5733dbd6582d9e) Importer(815301076,1909f56bfc062723c751e8b465ee728b)
Start importing Assets/IconesTOS/Gardening Sickle.png using Guid(55dfa03615394a742a5733dbd6582d9e) Importer(815301076,1909f56bfc062723c751e8b465ee728b)  -> (artifact id: '010b8d663f7481cc05a4458f6f8e59b6') in 0.018234 seconds 
========================================================================
Received Import Request.
  Time since last request: 0.000048 seconds.
  path: Assets/IconesTOS/Short Bow.png
  artifactKey: Guid(96a8878b427c0f147b89e421534a5548) Importer(815301076,1909f56bfc062723c751e8b465ee728b)
Start importing Assets/IconesTOS/Short Bow.png using Guid(96a8878b427c0f147b89e421534a5548) Importer(815301076,1909f56bfc062723c751e8b465ee728b)  -> (artifact id: 'a1b59fb03bf24cbbd26e5202b1897942') in 0.016518 seconds 
Editor requested this worker to shutdown with reason: Scaling down because of idle timeout
AssetImportWorker is now disconnected from the server
Process exiting
Exiting without the bug reporter. Application will terminate with return code 0