Using pre-set license
Built from '2021.2/staging' branch; Version is '2021.2.6f1 (8c4e826ba445) revision 9195138'; Using compiler version '192829333'; Build Type 'Release'
OS: 'Windows 10  (10.0.19041) 64bit Core' Language: 'pt' Physical Memory: 8144 MB
BatchMode: 1, IsHumanControllingUs: 0, StartBugReporterOnCrash: 0, Is64bit: 1, IsPro: 0

COMMAND LINE ARGUMENTS:
C:\Program Files\Unity\Hub\Editor\2021.2.6f1\Editor\Unity.exe
-adb2
-batchMode
-noUpm
-name
AssetImportWorker15
-projectPath
C:/Users/jonat/Documents/DevGames/UnityProjects/Tool/Tool
-logFile
Logs/AssetImportWorker15.log
-srvPort
63064
Successfully changed project path to: C:/Users/jonat/Documents/DevGames/UnityProjects/Tool/Tool
C:/Users/jonat/Documents/DevGames/UnityProjects/Tool/Tool
[UnityMemory] Configuration Parameters - Can be set up in boot.config
    "memorysetup-bucket-allocator-granularity=16"
    "memorysetup-bucket-allocator-bucket-count=8"
    "memorysetup-bucket-allocator-block-size=33554432"
    "memorysetup-bucket-allocator-block-count=8"
    "memorysetup-main-allocator-block-size=16777216"
    "memorysetup-thread-allocator-block-size=16777216"
    "memorysetup-gfx-main-allocator-block-size=16777216"
    "memorysetup-gfx-thread-allocator-block-size=16777216"
    "memorysetup-cache-allocator-block-size=4194304"
    "memorysetup-typetree-allocator-block-size=2097152"
    "memorysetup-profiler-bucket-allocator-granularity=16"
    "memorysetup-profiler-bucket-allocator-bucket-count=8"
    "memorysetup-profiler-bucket-allocator-block-size=33554432"
    "memorysetup-profiler-bucket-allocator-block-count=8"
    "memorysetup-profiler-allocator-block-size=16777216"
    "memorysetup-profiler-editor-allocator-block-size=1048576"
    "memorysetup-temp-allocator-size-main=16777216"
    "memorysetup-job-temp-allocator-block-size=2097152"
    "memorysetup-job-temp-allocator-block-size-background=1048576"
    "memorysetup-job-temp-allocator-reduction-small-platforms=262144"
    "memorysetup-temp-allocator-size-background-worker=32768"
    "memorysetup-temp-allocator-size-job-worker=262144"
    "memorysetup-temp-allocator-size-preload-manager=33554432"
    "memorysetup-temp-allocator-size-nav-mesh-worker=65536"
    "memorysetup-temp-allocator-size-audio-worker=65536"
    "memorysetup-temp-allocator-size-cloud-worker=32768"
    "memorysetup-temp-allocator-size-gi-baking-worker=262144"
    "memorysetup-temp-allocator-size-gfx=262144"
Refreshing native plugins compatible for Editor in 242.12 ms, found 3 plugins.
Preloading 0 native plugins for Editor in 0.00 ms.
Initialize engine version: 2021.2.6f1 (8c4e826ba445)
[Subsystems] Discovering subsystems at path C:/Program Files/Unity/Hub/Editor/2021.2.6f1/Editor/Data/Resources/UnitySubsystems
[Subsystems] Discovering subsystems at path C:/Users/jonat/Documents/DevGames/UnityProjects/Tool/Tool/Assets
GfxDevice: creating device client; threaded=0; jobified=0
Direct3D:
    Version:  Direct3D 11.0 [level 11.1]
    Renderer: NVIDIA GeForce GTX 1060 6GB (ID=0x1c03)
    Vendor:   NVIDIA
    VRAM:     6052 MB
    Driver:   27.21.14.5671
Initialize mono
Mono path[0] = 'C:/Program Files/Unity/Hub/Editor/2021.2.6f1/Editor/Data/Managed'
Mono path[1] = 'C:/Program Files/Unity/Hub/Editor/2021.2.6f1/Editor/Data/MonoBleedingEdge/lib/mono/unityjit-win32'
Mono config path = 'C:/Program Files/Unity/Hub/Editor/2021.2.6f1/Editor/Data/MonoBleedingEdge/etc'
Using monoOptions --debugger-agent=transport=dt_socket,embedding=1,server=y,suspend=n,address=127.0.0.1:56880
Begin MonoManager ReloadAssembly
Registering precompiled unity dll's ...
Register platform support module: C:/Program Files/Unity/Hub/Editor/2021.2.6f1/Editor/Data/PlaybackEngines/WebGLSupport/UnityEditor.WebGL.Extensions.dll
Register platform support module: C:/Program Files/Unity/Hub/Editor/2021.2.6f1/Editor/Data/PlaybackEngines/MacStandaloneSupport/UnityEditor.OSXStandalone.Extensions.dll
Register platform support module: C:/Program Files/Unity/Hub/Editor/2021.2.6f1/Editor/Data/PlaybackEngines/WindowsStandaloneSupport/UnityEditor.WindowsStandalone.Extensions.dll
Register platform support module: C:/Program Files/Unity/Hub/Editor/2021.2.6f1/Editor/Data/PlaybackEngines/LinuxStandaloneSupport/UnityEditor.LinuxStandalone.Extensions.dll
Registered in 0.027136 seconds.
Native extension for LinuxStandalone target not found
Native extension for WindowsStandalone target not found
Native extension for OSXStandalone target not found
Native extension for WebGL target not found
Refreshing native plugins compatible for Editor in 242.29 ms, found 3 plugins.
Preloading 0 native plugins for Editor in 0.00 ms.
Mono: successfully reloaded assembly
- Completed reload, in  1.272 seconds
Domain Reload Profiling:
	ReloadAssembly (1273ms)
		BeginReloadAssembly (150ms)
			ExecutionOrderSort (0ms)
			DisableScriptedObjects (0ms)
			BackupInstance (0ms)
			ReleaseScriptingObjects (0ms)
			CreateAndSetChildDomain (1ms)
		EndReloadAssembly (943ms)
			LoadAssemblies (146ms)
			RebuildTransferFunctionScriptingTraits (0ms)
			SetupTypeCache (189ms)
			ReleaseScriptCaches (0ms)
			RebuildScriptCaches (51ms)
			SetupLoadedEditorAssemblies (599ms)
				LogAssemblyErrors (0ms)
				InitializePlatformSupportModulesInManaged (46ms)
				SetLoadedEditorAssemblies (0ms)
				RefreshPlugins (242ms)
				BeforeProcessingInitializeOnLoad (2ms)
				ProcessInitializeOnLoadAttributes (227ms)
				ProcessInitializeOnLoadMethodAttributes (80ms)
				AfterProcessingInitializeOnLoad (0ms)
				EditorAssembliesLoaded (0ms)
			ExecutionOrderSort2 (0ms)
			AwakeInstancesAfterBackupRestoration (0ms)
Platform modules already initialized, skipping
Registering precompiled user dll's ...
Registered in 0.020280 seconds.
Begin MonoManager ReloadAssembly
Symbol file LoadedFromMemory doesn't match image C:\Users\jonat\Documents\DevGames\UnityProjects\Tool\Tool\Library\PackageCache\com.unity.visualscripting@1.7.5\Editor\VisualScripting.Core\Dependencies\YamlDotNet\Unity.VisualScripting.YamlDotNet.dll
Symbol file LoadedFromMemory doesn't match image C:\Users\jonat\Documents\DevGames\UnityProjects\Tool\Tool\Library\PackageCache\com.unity.visualscripting@1.7.5\Editor\VisualScripting.Core\Dependencies\DotNetZip\Unity.VisualScripting.IonicZip.dll
Native extension for LinuxStandalone target not found
Native extension for WindowsStandalone target not found
Native extension for OSXStandalone target not found
Native extension for WebGL target not found
Refreshing native plugins compatible for Editor in 248.82 ms, found 3 plugins.
Preloading 0 native plugins for Editor in 0.00 ms.
Mono: successfully reloaded assembly
- Completed reload, in  3.678 seconds
Domain Reload Profiling:
	ReloadAssembly (3679ms)
		BeginReloadAssembly (221ms)
			ExecutionOrderSort (0ms)
			DisableScriptedObjects (11ms)
			BackupInstance (0ms)
			ReleaseScriptingObjects (0ms)
			CreateAndSetChildDomain (30ms)
		EndReloadAssembly (3258ms)
			LoadAssemblies (175ms)
			RebuildTransferFunctionScriptingTraits (0ms)
			SetupTypeCache (547ms)
			ReleaseScriptCaches (1ms)
			RebuildScriptCaches (142ms)
			SetupLoadedEditorAssemblies (2322ms)
				LogAssemblyErrors (0ms)
				InitializePlatformSupportModulesInManaged (38ms)
				SetLoadedEditorAssemblies (0ms)
				RefreshPlugins (249ms)
				BeforeProcessingInitializeOnLoad (232ms)
				ProcessInitializeOnLoadAttributes (1494ms)
				ProcessInitializeOnLoadMethodAttributes (286ms)
				AfterProcessingInitializeOnLoad (22ms)
				EditorAssembliesLoaded (0ms)
			ExecutionOrderSort2 (0ms)
			AwakeInstancesAfterBackupRestoration (11ms)
Platform modules already initialized, skipping
========================================================================
Worker process is ready to serve import requests
Launched and connected shader compiler UnityShaderCompiler.exe after 0.22 seconds
Refreshing native plugins compatible for Editor in 1.42 ms, found 3 plugins.
Preloading 0 native plugins for Editor in 0.00 ms.
Unloading 5958 Unused Serialized files (Serialized files now loaded: 0)
Unloading 52 unused Assets / (3.8 MB). Loaded Objects now: 6406.
Memory consumption went from 272.3 MB to 268.5 MB.
Total: 7.904200 ms (FindLiveObjects: 0.794700 ms CreateObjectMapping: 0.300300 ms MarkObjects: 5.694000 ms  DeleteObjects: 1.113400 ms)

AssetImportParameters requested are different than current active one (requested -> active):
  custom:video-decoder-ogg-theora: a1e56fd34408186e4bbccfd4996cb3dc -> 
  custom:container-muxer-webm: aa71ff27fc2769a1b78a27578f13a17b -> 
  custom:container-demuxer-webm: 4f35f7cbe854078d1ac9338744f61a02 -> 
  custom:video-encoder-webm-vp8: eb34c28f22e8b96e1ab97ce403110664 -> 
  custom:audio-encoder-webm-vorbis: bf7c407c2cedff20999df2af8eb42d56 -> 
  custom:framework-win-MediaFoundation: 216162199b28c13a410421893ffa2e32 -> 
  custom:container-demuxer-ogg: 62fdf1f143b41e24485cea50d1cbac27 -> 
  custom:video-decoder-webm-vp8: 9c59270c3fd7afecdb556c50c9e8de78 -> 
  custom:audio-decoder-ogg-vorbis: bf7c407c2cedff20999df2af8eb42d56 -> 
========================================================================
Received Import Request.
  Time since last request: 104724.138499 seconds.
  path: Assets/IconesTOS/Bow1.png
  artifactKey: Guid(2f0b4e387cd8de34c8e2aead49e5f278) Importer(815301076,1909f56bfc062723c751e8b465ee728b)
Start importing Assets/IconesTOS/Bow1.png using Guid(2f0b4e387cd8de34c8e2aead49e5f278) Importer(815301076,1909f56bfc062723c751e8b465ee728b)  -> (artifact id: '4aa6b66fe7d63763130bdd731bea464f') in 0.175877 seconds 
========================================================================
Received Import Request.
  Time since last request: 9.269024 seconds.
  path: Assets/IconesTOS/Skinning Dagger.png
  artifactKey: Guid(77ff2b2e7622fd243959a4aefe71a36f) Importer(815301076,1909f56bfc062723c751e8b465ee728b)
Start importing Assets/IconesTOS/Skinning Dagger.png using Guid(77ff2b2e7622fd243959a4aefe71a36f) Importer(815301076,1909f56bfc062723c751e8b465ee728b)  -> (artifact id: '39117f1e20569e8d48430de8910a560c') in 0.024430 seconds 
========================================================================
Received Import Request.
  Time since last request: 25.468750 seconds.
  path: Assets/IconesTOS/AEscudo.png
  artifactKey: Guid(ecdb74ae81916b34ea215567de68f0bf) Importer(815301076,1909f56bfc062723c751e8b465ee728b)
Start importing Assets/IconesTOS/AEscudo.png using Guid(ecdb74ae81916b34ea215567de68f0bf) Importer(815301076,1909f56bfc062723c751e8b465ee728b)  -> (artifact id: '4efb7eda33f00ca42ae7c0d387235ca3') in 0.025254 seconds 
========================================================================
Received Import Request.
  Time since last request: 0.000041 seconds.
  path: Assets/IconesTOS/Great Sword.png
  artifactKey: Guid(cebb402538bf1fd4e9528ca1cfe5b627) Importer(815301076,1909f56bfc062723c751e8b465ee728b)
Start importing Assets/IconesTOS/Great Sword.png using Guid(cebb402538bf1fd4e9528ca1cfe5b627) Importer(815301076,1909f56bfc062723c751e8b465ee728b)  -> (artifact id: 'c57404a0e4aeea6749ab204e8f389ac7') in 0.020412 seconds 
========================================================================
Received Import Request.
  Time since last request: 0.000071 seconds.
  path: Assets/IconesTOS/Pickaxe.png
  artifactKey: Guid(d226675d7d6bd084b80718297e25e90f) Importer(815301076,1909f56bfc062723c751e8b465ee728b)
Start importing Assets/IconesTOS/Pickaxe.png using Guid(d226675d7d6bd084b80718297e25e90f) Importer(815301076,1909f56bfc062723c751e8b465ee728b)  -> (artifact id: 'd37f5ba56b729282b3deaaede8a1a88c') in 0.017922 seconds 
========================================================================
Received Import Request.
  Time since last request: 0.000123 seconds.
  path: Assets/IconesTOS/Human Slayer.png
  artifactKey: Guid(67ab920229f06754392df3e2b2d9eb35) Importer(815301076,1909f56bfc062723c751e8b465ee728b)
Start importing Assets/IconesTOS/Human Slayer.png using Guid(67ab920229f06754392df3e2b2d9eb35) Importer(815301076,1909f56bfc062723c751e8b465ee728b)  -> (artifact id: '3f476653de16dd138e5ca589909ea725') in 0.017824 seconds 
========================================================================
Received Import Request.
  Time since last request: 30.317800 seconds.
  path: Assets/_ToS/Resources/Items/Weapons/Bow/Bow1.prefab
  artifactKey: Guid(531bcc80eebe59a44b04f10a02c36da7) Importer(815301076,1909f56bfc062723c751e8b465ee728b)
Start importing Assets/_ToS/Resources/Items/Weapons/Bow/Bow1.prefab using Guid(531bcc80eebe59a44b04f10a02c36da7) Importer(815301076,1909f56bfc062723c751e8b465ee728b)  -> (artifact id: '677dbed3fb3a536091baf93e1069b9cc') in 2.795594 seconds 
========================================================================
Received Import Request.
  Time since last request: 0.000057 seconds.
  path: Assets/_ToS/Resources/Items/Weapons/Bow/Short Bow.prefab
  artifactKey: Guid(10addc2a62e45eb42bc0e3b1d3563bb5) Importer(815301076,1909f56bfc062723c751e8b465ee728b)
Start importing Assets/_ToS/Resources/Items/Weapons/Bow/Short Bow.prefab using Guid(10addc2a62e45eb42bc0e3b1d3563bb5) Importer(815301076,1909f56bfc062723c751e8b465ee728b)  -> (artifact id: '719adf11e70e91bad95968a298eb73d4') in 0.074997 seconds 
========================================================================
Received Import Request.
  Time since last request: 9.108764 seconds.
  path: Assets/_ToS/Resources/Items/Weapons/Bow/Orc Bow.prefab
  artifactKey: Guid(8e576bb137e3a194e8ddb665feac6dce) Importer(815301076,1909f56bfc062723c751e8b465ee728b)
Start importing Assets/_ToS/Resources/Items/Weapons/Bow/Orc Bow.prefab using Guid(8e576bb137e3a194e8ddb665feac6dce) Importer(815301076,1909f56bfc062723c751e8b465ee728b)  -> (artifact id: '98c72e8fd4ce19adfdaae0c5e5da54d6') in 0.039262 seconds 
========================================================================
Received Import Request.
  Time since last request: 8.570319 seconds.
  path: Assets/_ToS/Resources/Items/Weapons/Staff/Crystal Staff.prefab
  artifactKey: Guid(d7f9e2908f77cfd4f99b90d0627a9afc) Importer(815301076,1909f56bfc062723c751e8b465ee728b)
Start importing Assets/_ToS/Resources/Items/Weapons/Staff/Crystal Staff.prefab using Guid(d7f9e2908f77cfd4f99b90d0627a9afc) Importer(815301076,1909f56bfc062723c751e8b465ee728b)  -> (artifact id: '2332be226fe097b0d42495e9e1df3c06') in 0.151250 seconds 
========================================================================
Received Import Request.
  Time since last request: 8.744890 seconds.
  path: Assets/_ToS/Resources/Items/Weapons/Staff/Crystal Staff.prefab
  artifactKey: Guid(d7f9e2908f77cfd4f99b90d0627a9afc) Importer(815301076,1909f56bfc062723c751e8b465ee728b)
Start importing Assets/_ToS/Resources/Items/Weapons/Staff/Crystal Staff.prefab using Guid(d7f9e2908f77cfd4f99b90d0627a9afc) Importer(815301076,1909f56bfc062723c751e8b465ee728b)  -> (artifact id: '31b523ea29ee83efa4ee754a9320d31b') in 0.071104 seconds 
========================================================================
Received Import Request.
  Time since last request: 17.684298 seconds.
  path: Assets/_ToS/Resources/Items/Weapons/Tools/Blacksmith Tools/Blacksmith Hammer.prefab
  artifactKey: Guid(6d1ecd94dccaa8845a00187d97f33a71) Importer(815301076,1909f56bfc062723c751e8b465ee728b)
Start importing Assets/_ToS/Resources/Items/Weapons/Tools/Blacksmith Tools/Blacksmith Hammer.prefab using Guid(6d1ecd94dccaa8845a00187d97f33a71) Importer(815301076,1909f56bfc062723c751e8b465ee728b)  -> (artifact id: 'efa4c6cdba9e371445fb480e40f12b30') in 0.740660 seconds 
========================================================================
Received Import Request.
  Time since last request: 4.234256 seconds.
  path: Assets/_ToS/Resources/Items/Weapons/Tools/Lumberjack Tools/Woodcutter Axe.prefab
  artifactKey: Guid(9869592839b96d44b954d5c9b807ea8e) Importer(815301076,1909f56bfc062723c751e8b465ee728b)
Start importing Assets/_ToS/Resources/Items/Weapons/Tools/Lumberjack Tools/Woodcutter Axe.prefab using Guid(9869592839b96d44b954d5c9b807ea8e) Importer(815301076,1909f56bfc062723c751e8b465ee728b)  -> (artifact id: 'd5371a5ce608e1a897088e4108a5f2ae') in 0.135364 seconds 
========================================================================
Received Import Request.
  Time since last request: 3.295546 seconds.
  path: Assets/_ToS/Resources/Items/Weapons/Tools/Lumberjack Tools/Woodcutter Axe.prefab
  artifactKey: Guid(9869592839b96d44b954d5c9b807ea8e) Importer(815301076,1909f56bfc062723c751e8b465ee728b)
Start importing Assets/_ToS/Resources/Items/Weapons/Tools/Lumberjack Tools/Woodcutter Axe.prefab using Guid(9869592839b96d44b954d5c9b807ea8e) Importer(815301076,1909f56bfc062723c751e8b465ee728b)  -> (artifact id: '62d6d8c9d3170c19f8a537305d37ac49') in 0.048477 seconds 
========================================================================
Received Import Request.
  Time since last request: 6.191261 seconds.
  path: Assets/_ToS/Resources/Items/Weapons/Tools/Skinning Tools/Skinning Dagger.prefab
  artifactKey: Guid(f3b7dac23e600454091508e9755bfedd) Importer(815301076,1909f56bfc062723c751e8b465ee728b)
Start importing Assets/_ToS/Resources/Items/Weapons/Tools/Skinning Tools/Skinning Dagger.prefab using Guid(f3b7dac23e600454091508e9755bfedd) Importer(815301076,1909f56bfc062723c751e8b465ee728b)  -> (artifact id: '587d8aef347e55878d94876d21919793') in 0.177752 seconds 
========================================================================
Received Import Request.
  Time since last request: 8.226630 seconds.
  path: Assets/_ToS/Resources/Items/Weapons/Two Hand Sword/Demonic Flamberge.prefab
  artifactKey: Guid(f84e0336cafa8d24e9009cf8eb22d545) Importer(815301076,1909f56bfc062723c751e8b465ee728b)
Start importing Assets/_ToS/Resources/Items/Weapons/Two Hand Sword/Demonic Flamberge.prefab using Guid(f84e0336cafa8d24e9009cf8eb22d545) Importer(815301076,1909f56bfc062723c751e8b465ee728b)  -> (artifact id: 'f62b249df5c605ba2e7a6791de875444') in 0.228391 seconds 
========================================================================
Received Import Request.
  Time since last request: 4.517061 seconds.
  path: Assets/_ToS/Resources/Items/Weapons/Two Hand Sword/Demonic Flamberge.prefab
  artifactKey: Guid(f84e0336cafa8d24e9009cf8eb22d545) Importer(815301076,1909f56bfc062723c751e8b465ee728b)
Start importing Assets/_ToS/Resources/Items/Weapons/Two Hand Sword/Demonic Flamberge.prefab using Guid(f84e0336cafa8d24e9009cf8eb22d545) Importer(815301076,1909f56bfc062723c751e8b465ee728b)  -> (artifact id: '12cedea546fb349dcfb6dbac87efdec8') in 0.065505 seconds 
========================================================================
Received Import Request.
  Time since last request: 1.092389 seconds.
  path: Assets/_ToS/Resources/Items/Weapons/Two Hand Sword/Demonic Flamberge.prefab
  artifactKey: Guid(f84e0336cafa8d24e9009cf8eb22d545) Importer(815301076,1909f56bfc062723c751e8b465ee728b)
Start importing Assets/_ToS/Resources/Items/Weapons/Two Hand Sword/Demonic Flamberge.prefab using Guid(f84e0336cafa8d24e9009cf8eb22d545) Importer(815301076,1909f56bfc062723c751e8b465ee728b)  -> (artifact id: 'b60ddda7901438dfc26a60bd883dd3b1') in 0.067126 seconds 
========================================================================
Received Import Request.
  Time since last request: 3.945392 seconds.
  path: Assets/_ToS/Resources/Items/Weapons/Two Hand Sword/Great Sword.prefab
  artifactKey: Guid(c00741b8d4d6b794e991a942a6666cba) Importer(815301076,1909f56bfc062723c751e8b465ee728b)
Start importing Assets/_ToS/Resources/Items/Weapons/Two Hand Sword/Great Sword.prefab using Guid(c00741b8d4d6b794e991a942a6666cba) Importer(815301076,1909f56bfc062723c751e8b465ee728b)  -> (artifact id: 'a40c4e4c36d505cb5da6b907d295180b') in 0.042728 seconds 
========================================================================
Received Import Request.
  Time since last request: 4.947051 seconds.
  path: Assets/_ToS/Resources/Items/Weapons/Two Hand Sword/Human Slayer.prefab
  artifactKey: Guid(40ab2409bafb4ed4b8388a778d213228) Importer(815301076,1909f56bfc062723c751e8b465ee728b)
Start importing Assets/_ToS/Resources/Items/Weapons/Two Hand Sword/Human Slayer.prefab using Guid(40ab2409bafb4ed4b8388a778d213228) Importer(815301076,1909f56bfc062723c751e8b465ee728b)  -> (artifact id: '58910b422605b2d6cea3c0973e6925c5') in 0.046496 seconds 
========================================================================
Received Import Request.
  Time since last request: 11.127043 seconds.
  path: Assets/IconesTOS/Skinning Dagger.png
  artifactKey: Guid(77ff2b2e7622fd243959a4aefe71a36f) Importer(815301076,1909f56bfc062723c751e8b465ee728b)
Start importing Assets/IconesTOS/Skinning Dagger.png using Guid(77ff2b2e7622fd243959a4aefe71a36f) Importer(815301076,1909f56bfc062723c751e8b465ee728b)  -> (artifact id: 'e1c5821a08216d74e415f74ffe030136') in 0.033870 seconds 
========================================================================
Received Import Request.
  Time since last request: 20.562861 seconds.
  path: Assets/IconesTOS/AEscudo.png
  artifactKey: Guid(ecdb74ae81916b34ea215567de68f0bf) Importer(815301076,1909f56bfc062723c751e8b465ee728b)
Start importing Assets/IconesTOS/AEscudo.png using Guid(ecdb74ae81916b34ea215567de68f0bf) Importer(815301076,1909f56bfc062723c751e8b465ee728b)  -> (artifact id: '08fc7c2d9300e958a36683bf2da0dd3d') in 0.020225 seconds 
========================================================================
Received Import Request.
  Time since last request: 0.000088 seconds.
  path: Assets/IconesTOS/Court Magician Staff.png
  artifactKey: Guid(6712c940b5243174c86ea46067db2cf2) Importer(815301076,1909f56bfc062723c751e8b465ee728b)
Start importing Assets/IconesTOS/Court Magician Staff.png using Guid(6712c940b5243174c86ea46067db2cf2) Importer(815301076,1909f56bfc062723c751e8b465ee728b)  -> (artifact id: '2d7c4d4e05a30a5b0a870eeebf333e71') in 0.029968 seconds 
========================================================================
Received Import Request.
  Time since last request: 0.000067 seconds.
  path: Assets/IconesTOS/Crystal Staff.png
  artifactKey: Guid(154074c944be6ac4e89aacb35e1f5994) Importer(815301076,1909f56bfc062723c751e8b465ee728b)
Start importing Assets/IconesTOS/Crystal Staff.png using Guid(154074c944be6ac4e89aacb35e1f5994) Importer(815301076,1909f56bfc062723c751e8b465ee728b)  -> (artifact id: 'fefbecba62f1fc339c26b4920fc27a72') in 0.022942 seconds 
========================================================================
Received Import Request.
  Time since last request: 0.000082 seconds.
  path: Assets/IconesTOS/Pickaxe.png
  artifactKey: Guid(d226675d7d6bd084b80718297e25e90f) Importer(815301076,1909f56bfc062723c751e8b465ee728b)
Start importing Assets/IconesTOS/Pickaxe.png using Guid(d226675d7d6bd084b80718297e25e90f) Importer(815301076,1909f56bfc062723c751e8b465ee728b)  -> (artifact id: 'cffc7b3dff34b7f4ec3e8aac38c2bd98') in 0.024646 seconds 
========================================================================
Received Import Request.
  Time since last request: 0.000051 seconds.
  path: Assets/IconesTOS/Human Slayer.png
  artifactKey: Guid(67ab920229f06754392df3e2b2d9eb35) Importer(815301076,1909f56bfc062723c751e8b465ee728b)
Start importing Assets/IconesTOS/Human Slayer.png using Guid(67ab920229f06754392df3e2b2d9eb35) Importer(815301076,1909f56bfc062723c751e8b465ee728b)  -> (artifact id: '31447ddcdbac69f26961eb0f407c7225') in 0.028806 seconds 
========================================================================
Received Import Request.
  Time since last request: 0.000048 seconds.
  path: Assets/IconesTOS/Short Bow.png
  artifactKey: Guid(96a8878b427c0f147b89e421534a5548) Importer(815301076,1909f56bfc062723c751e8b465ee728b)
Start importing Assets/IconesTOS/Short Bow.png using Guid(96a8878b427c0f147b89e421534a5548) Importer(815301076,1909f56bfc062723c751e8b465ee728b)  -> (artifact id: '0bc94646a056d359d06508ea9622449d') in 0.031749 seconds 
========================================================================
Received Import Request.
  Time since last request: 0.000044 seconds.
  path: Assets/IconesTOS/Orc Bow.png
  artifactKey: Guid(a0e969b14c320c644b491a809dd59560) Importer(815301076,1909f56bfc062723c751e8b465ee728b)
Start importing Assets/IconesTOS/Orc Bow.png using Guid(a0e969b14c320c644b491a809dd59560) Importer(815301076,1909f56bfc062723c751e8b465ee728b)  -> (artifact id: '46e58beed22c8f1949d8098757cdefc5') in 0.016355 seconds 
========================================================================
Received Import Request.
  Time since last request: 144.143834 seconds.
  path: Assets/IconesTOS/AEscudo.png
  artifactKey: Guid(ecdb74ae81916b34ea215567de68f0bf) Importer(815301076,1909f56bfc062723c751e8b465ee728b)
Start importing Assets/IconesTOS/AEscudo.png using Guid(ecdb74ae81916b34ea215567de68f0bf) Importer(815301076,1909f56bfc062723c751e8b465ee728b)  -> (artifact id: '81264f9e7c43f7e55a369fb8545d0e93') in 0.025282 seconds 
========================================================================
Received Import Request.
  Time since last request: 0.000063 seconds.
  path: Assets/IconesTOS/Court Magician Staff.png
  artifactKey: Guid(6712c940b5243174c86ea46067db2cf2) Importer(815301076,1909f56bfc062723c751e8b465ee728b)
Start importing Assets/IconesTOS/Court Magician Staff.png using Guid(6712c940b5243174c86ea46067db2cf2) Importer(815301076,1909f56bfc062723c751e8b465ee728b)  -> (artifact id: '78c132670e2df537b016ea2790a01992') in 0.027422 seconds 
========================================================================
Received Import Request.
  Time since last request: 0.000084 seconds.
  path: Assets/IconesTOS/Great Sword.png
  artifactKey: Guid(cebb402538bf1fd4e9528ca1cfe5b627) Importer(815301076,1909f56bfc062723c751e8b465ee728b)
Start importing Assets/IconesTOS/Great Sword.png using Guid(cebb402538bf1fd4e9528ca1cfe5b627) Importer(815301076,1909f56bfc062723c751e8b465ee728b)  -> (artifact id: '54200fa5c13b4cecb1119d7c984ceb0c') in 0.042907 seconds 
========================================================================
Received Import Request.
  Time since last request: 0.000060 seconds.
  path: Assets/IconesTOS/Composed Bow.png
  artifactKey: Guid(c06eac0ce5e59054d8522c50f387c100) Importer(815301076,1909f56bfc062723c751e8b465ee728b)
Start importing Assets/IconesTOS/Composed Bow.png using Guid(c06eac0ce5e59054d8522c50f387c100) Importer(815301076,1909f56bfc062723c751e8b465ee728b)  -> (artifact id: '51d3d30542335aa036588047f7f45346') in 0.030645 seconds 
========================================================================
Received Import Request.
  Time since last request: 0.000044 seconds.
  path: Assets/IconesTOS/Crystal Staff.png
  artifactKey: Guid(154074c944be6ac4e89aacb35e1f5994) Importer(815301076,1909f56bfc062723c751e8b465ee728b)
Start importing Assets/IconesTOS/Crystal Staff.png using Guid(154074c944be6ac4e89aacb35e1f5994) Importer(815301076,1909f56bfc062723c751e8b465ee728b)  -> (artifact id: '0c4c43c67b7cda94c8332b1d934a3715') in 0.025139 seconds 
========================================================================
Received Import Request.
  Time since last request: 0.000055 seconds.
  path: Assets/IconesTOS/Orc Staff.png
  artifactKey: Guid(90d72922eb15350489c6b5bc6f0ee5af) Importer(815301076,1909f56bfc062723c751e8b465ee728b)
Start importing Assets/IconesTOS/Orc Staff.png using Guid(90d72922eb15350489c6b5bc6f0ee5af) Importer(815301076,1909f56bfc062723c751e8b465ee728b)  -> (artifact id: '19726fbb3c277c93714eb54e160e9660') in 0.037614 seconds 
========================================================================
Received Import Request.
  Time since last request: 0.000070 seconds.
  path: Assets/IconesTOS/Human Slayer.png
  artifactKey: Guid(67ab920229f06754392df3e2b2d9eb35) Importer(815301076,1909f56bfc062723c751e8b465ee728b)
Start importing Assets/IconesTOS/Human Slayer.png using Guid(67ab920229f06754392df3e2b2d9eb35) Importer(815301076,1909f56bfc062723c751e8b465ee728b)  -> (artifact id: '832c1ec41b2d003c50280e236bdfdbb8') in 0.019197 seconds 
========================================================================
Received Import Request.
  Time since last request: 0.000087 seconds.
  path: Assets/IconesTOS/Short Bow.png
  artifactKey: Guid(96a8878b427c0f147b89e421534a5548) Importer(815301076,1909f56bfc062723c751e8b465ee728b)
Start importing Assets/IconesTOS/Short Bow.png using Guid(96a8878b427c0f147b89e421534a5548) Importer(815301076,1909f56bfc062723c751e8b465ee728b)  -> (artifact id: '56262700bad24a425e7f9c880d589d9f') in 0.016158 seconds 
========================================================================
Received Import Request.
  Time since last request: 0.000066 seconds.
  path: Assets/IconesTOS/Orc Bow.png
  artifactKey: Guid(a0e969b14c320c644b491a809dd59560) Importer(815301076,1909f56bfc062723c751e8b465ee728b)
Start importing Assets/IconesTOS/Orc Bow.png using Guid(a0e969b14c320c644b491a809dd59560) Importer(815301076,1909f56bfc062723c751e8b465ee728b)  -> (artifact id: 'd8d579b10583a387afcb3647e1ffbd72') in 0.017432 seconds 
========================================================================
Received Import Request.
  Time since last request: 63.245022 seconds.
  path: Assets/IconesTOS/AEscudo.png
  artifactKey: Guid(ecdb74ae81916b34ea215567de68f0bf) Importer(815301076,1909f56bfc062723c751e8b465ee728b)
Start importing Assets/IconesTOS/AEscudo.png using Guid(ecdb74ae81916b34ea215567de68f0bf) Importer(815301076,1909f56bfc062723c751e8b465ee728b)  -> (artifact id: '59aa1f30d1efbd53dba3bfd6fce5ce96') in 0.021415 seconds 
========================================================================
Received Import Request.
  Time since last request: 0.025634 seconds.
  path: Assets/IconesTOS/Court Magician Staff.png
  artifactKey: Guid(6712c940b5243174c86ea46067db2cf2) Importer(815301076,1909f56bfc062723c751e8b465ee728b)
Start importing Assets/IconesTOS/Court Magician Staff.png using Guid(6712c940b5243174c86ea46067db2cf2) Importer(815301076,1909f56bfc062723c751e8b465ee728b)  -> (artifact id: '174d4c097b392bd93a353109b742a01e') in 0.021052 seconds 
========================================================================
Received Import Request.
  Time since last request: 0.000078 seconds.
  path: Assets/IconesTOS/Great Sword.png
  artifactKey: Guid(cebb402538bf1fd4e9528ca1cfe5b627) Importer(815301076,1909f56bfc062723c751e8b465ee728b)
Start importing Assets/IconesTOS/Great Sword.png using Guid(cebb402538bf1fd4e9528ca1cfe5b627) Importer(815301076,1909f56bfc062723c751e8b465ee728b)  -> (artifact id: '58bfa0599e0dfc064c8ca65d175b7c8b') in 0.028952 seconds 
========================================================================
Received Import Request.
  Time since last request: 0.000070 seconds.
  path: Assets/IconesTOS/Crystal Staff.png
  artifactKey: Guid(154074c944be6ac4e89aacb35e1f5994) Importer(815301076,1909f56bfc062723c751e8b465ee728b)
Start importing Assets/IconesTOS/Crystal Staff.png using Guid(154074c944be6ac4e89aacb35e1f5994) Importer(815301076,1909f56bfc062723c751e8b465ee728b)  -> (artifact id: 'da64eb3d34bb958e71d5e9152f623f73') in 0.023778 seconds 
========================================================================
Received Import Request.
  Time since last request: 0.000060 seconds.
  path: Assets/IconesTOS/Orc Staff.png
  artifactKey: Guid(90d72922eb15350489c6b5bc6f0ee5af) Importer(815301076,1909f56bfc062723c751e8b465ee728b)
Start importing Assets/IconesTOS/Orc Staff.png using Guid(90d72922eb15350489c6b5bc6f0ee5af) Importer(815301076,1909f56bfc062723c751e8b465ee728b)  -> (artifact id: '4e2a60efc3e805878f016fdd333d70b1') in 0.018120 seconds 
========================================================================
Received Import Request.
  Time since last request: 0.000052 seconds.
  path: Assets/IconesTOS/Human Slayer.png
  artifactKey: Guid(67ab920229f06754392df3e2b2d9eb35) Importer(815301076,1909f56bfc062723c751e8b465ee728b)
Start importing Assets/IconesTOS/Human Slayer.png using Guid(67ab920229f06754392df3e2b2d9eb35) Importer(815301076,1909f56bfc062723c751e8b465ee728b)  -> (artifact id: '270c23bc33664a27e29b3fce171acd8b') in 0.022536 seconds 
========================================================================
Received Import Request.
  Time since last request: 0.000051 seconds.
  path: Assets/IconesTOS/Bow1.png
  artifactKey: Guid(2f0b4e387cd8de34c8e2aead49e5f278) Importer(815301076,1909f56bfc062723c751e8b465ee728b)
Start importing Assets/IconesTOS/Bow1.png using Guid(2f0b4e387cd8de34c8e2aead49e5f278) Importer(815301076,1909f56bfc062723c751e8b465ee728b)  -> (artifact id: '792525f3326dd1b5d2db50734841ed7c') in 0.014006 seconds 
========================================================================
Received Import Request.
  Time since last request: 27.714971 seconds.
  path: Assets/IconesTOS/AEscudo.png
  artifactKey: Guid(ecdb74ae81916b34ea215567de68f0bf) Importer(815301076,1909f56bfc062723c751e8b465ee728b)
Start importing Assets/IconesTOS/AEscudo.png using Guid(ecdb74ae81916b34ea215567de68f0bf) Importer(815301076,1909f56bfc062723c751e8b465ee728b)  -> (artifact id: 'f4a9b54cdc7d1d59989ecfc7bb15f3d9') in 0.081411 seconds 
========================================================================
Received Import Request.
  Time since last request: 0.000049 seconds.
  path: Assets/IconesTOS/Great Sword.png
  artifactKey: Guid(cebb402538bf1fd4e9528ca1cfe5b627) Importer(815301076,1909f56bfc062723c751e8b465ee728b)
Start importing Assets/IconesTOS/Great Sword.png using Guid(cebb402538bf1fd4e9528ca1cfe5b627) Importer(815301076,1909f56bfc062723c751e8b465ee728b)  -> (artifact id: '6f8360445582ca798355d217c861b0ef') in 0.019044 seconds 
========================================================================
Received Import Request.
  Time since last request: 0.000107 seconds.
  path: Assets/IconesTOS/Crystal Staff.png
  artifactKey: Guid(154074c944be6ac4e89aacb35e1f5994) Importer(815301076,1909f56bfc062723c751e8b465ee728b)
Start importing Assets/IconesTOS/Crystal Staff.png using Guid(154074c944be6ac4e89aacb35e1f5994) Importer(815301076,1909f56bfc062723c751e8b465ee728b)  -> (artifact id: 'd1bcd9a1086318480f24dc094c107775') in 0.019974 seconds 
========================================================================
Received Import Request.
  Time since last request: 0.000067 seconds.
  path: Assets/IconesTOS/Orc Staff.png
  artifactKey: Guid(90d72922eb15350489c6b5bc6f0ee5af) Importer(815301076,1909f56bfc062723c751e8b465ee728b)
Start importing Assets/IconesTOS/Orc Staff.png using Guid(90d72922eb15350489c6b5bc6f0ee5af) Importer(815301076,1909f56bfc062723c751e8b465ee728b)  -> (artifact id: '474ed31467639138c0abd666655fe98b') in 0.014772 seconds 
========================================================================
Received Import Request.
  Time since last request: 0.000039 seconds.
  path: Assets/IconesTOS/Short Bow.png
  artifactKey: Guid(96a8878b427c0f147b89e421534a5548) Importer(815301076,1909f56bfc062723c751e8b465ee728b)
Start importing Assets/IconesTOS/Short Bow.png using Guid(96a8878b427c0f147b89e421534a5548) Importer(815301076,1909f56bfc062723c751e8b465ee728b)  -> (artifact id: '5f3cfdf2794e8eebdbaab6530e12423f') in 0.017663 seconds 
========================================================================
Received Import Request.
  Time since last request: 39.052606 seconds.
  path: Assets/IconesTOS/AEscudo.png
  artifactKey: Guid(ecdb74ae81916b34ea215567de68f0bf) Importer(815301076,1909f56bfc062723c751e8b465ee728b)
Start importing Assets/IconesTOS/AEscudo.png using Guid(ecdb74ae81916b34ea215567de68f0bf) Importer(815301076,1909f56bfc062723c751e8b465ee728b)  -> (artifact id: '5061cb01055b737af139e7cf946f5e46') in 0.026327 seconds 
========================================================================
Received Import Request.
  Time since last request: 0.000066 seconds.
  path: Assets/IconesTOS/Great Sword.png
  artifactKey: Guid(cebb402538bf1fd4e9528ca1cfe5b627) Importer(815301076,1909f56bfc062723c751e8b465ee728b)
Start importing Assets/IconesTOS/Great Sword.png using Guid(cebb402538bf1fd4e9528ca1cfe5b627) Importer(815301076,1909f56bfc062723c751e8b465ee728b)  -> (artifact id: 'e2555a9850cd9baf458e037004c207bb') in 0.022173 seconds 
========================================================================
Received Import Request.
  Time since last request: 0.000067 seconds.
  path: Assets/IconesTOS/Crystal Staff.png
  artifactKey: Guid(154074c944be6ac4e89aacb35e1f5994) Importer(815301076,1909f56bfc062723c751e8b465ee728b)
Start importing Assets/IconesTOS/Crystal Staff.png using Guid(154074c944be6ac4e89aacb35e1f5994) Importer(815301076,1909f56bfc062723c751e8b465ee728b)  -> (artifact id: '6bbb155ea1c7aee9c217b804326f25a8') in 0.022414 seconds 
========================================================================
Received Import Request.
  Time since last request: 0.000060 seconds.
  path: Assets/IconesTOS/Demonic Flamberge.png
  artifactKey: Guid(bab073f855c7ac24c83bb00425d71e4a) Importer(815301076,1909f56bfc062723c751e8b465ee728b)
Start importing Assets/IconesTOS/Demonic Flamberge.png using Guid(bab073f855c7ac24c83bb00425d71e4a) Importer(815301076,1909f56bfc062723c751e8b465ee728b)  -> (artifact id: '868e9e61b5778aac4f7aabc934a536e6') in 0.021439 seconds 
========================================================================
Received Import Request.
  Time since last request: 0.000051 seconds.
  path: Assets/IconesTOS/Orc Bow.png
  artifactKey: Guid(a0e969b14c320c644b491a809dd59560) Importer(815301076,1909f56bfc062723c751e8b465ee728b)
Start importing Assets/IconesTOS/Orc Bow.png using Guid(a0e969b14c320c644b491a809dd59560) Importer(815301076,1909f56bfc062723c751e8b465ee728b)  -> (artifact id: '7c2f31af979ea8f79de128b346a45c11') in 0.018611 seconds 
========================================================================
Received Import Request.
  Time since last request: 30.550034 seconds.
  path: Assets/IconesTOS/Skinning Dagger.png
  artifactKey: Guid(77ff2b2e7622fd243959a4aefe71a36f) Importer(815301076,1909f56bfc062723c751e8b465ee728b)
Start importing Assets/IconesTOS/Skinning Dagger.png using Guid(77ff2b2e7622fd243959a4aefe71a36f) Importer(815301076,1909f56bfc062723c751e8b465ee728b)  -> (artifact id: 'a7751d8e1691d63e53ca97a437eadc64') in 0.019220 seconds 
========================================================================
Received Import Request.
  Time since last request: 25.904860 seconds.
  path: Assets/IconesTOS/AEscudo.png
  artifactKey: Guid(ecdb74ae81916b34ea215567de68f0bf) Importer(815301076,1909f56bfc062723c751e8b465ee728b)
Start importing Assets/IconesTOS/AEscudo.png using Guid(ecdb74ae81916b34ea215567de68f0bf) Importer(815301076,1909f56bfc062723c751e8b465ee728b)  -> (artifact id: 'f4f0ee5de9d62b8f7a9705cfb3f0d470') in 0.030248 seconds 
========================================================================
Received Import Request.
  Time since last request: 0.000082 seconds.
  path: Assets/IconesTOS/Court Magician Staff.png
  artifactKey: Guid(6712c940b5243174c86ea46067db2cf2) Importer(815301076,1909f56bfc062723c751e8b465ee728b)
Start importing Assets/IconesTOS/Court Magician Staff.png using Guid(6712c940b5243174c86ea46067db2cf2) Importer(815301076,1909f56bfc062723c751e8b465ee728b)  -> (artifact id: 'bd6f64a525b914cd788290fbe90406db') in 0.024637 seconds 
========================================================================
Received Import Request.
  Time since last request: 0.000053 seconds.
  path: Assets/IconesTOS/Orc Staff.png
  artifactKey: Guid(90d72922eb15350489c6b5bc6f0ee5af) Importer(815301076,1909f56bfc062723c751e8b465ee728b)
Start importing Assets/IconesTOS/Orc Staff.png using Guid(90d72922eb15350489c6b5bc6f0ee5af) Importer(815301076,1909f56bfc062723c751e8b465ee728b)  -> (artifact id: '77fb45d79cbbadc9330076772dd84d07') in 0.024109 seconds 
========================================================================
Received Import Request.
  Time since last request: 0.000061 seconds.
  path: Assets/IconesTOS/Human Slayer.png
  artifactKey: Guid(67ab920229f06754392df3e2b2d9eb35) Importer(815301076,1909f56bfc062723c751e8b465ee728b)
Start importing Assets/IconesTOS/Human Slayer.png using Guid(67ab920229f06754392df3e2b2d9eb35) Importer(815301076,1909f56bfc062723c751e8b465ee728b)  -> (artifact id: '13a7313cf6e92503193478f6aea691d0') in 0.022623 seconds 
Editor requested this worker to shutdown with reason: Scaling down because of idle timeout
AssetImportWorker is now disconnected from the server
Process exiting
Exiting without the bug reporter. Application will terminate with return code 0