Using pre-set license
Built from '2021.2/staging' branch; Version is '2021.2.6f1 (8c4e826ba445) revision 9195138'; Using compiler version '192829333'; Build Type 'Release'
OS: 'Windows 10  (10.0.19041) 64bit Core' Language: 'pt' Physical Memory: 8144 MB
BatchMode: 1, IsHumanControllingUs: 0, StartBugReporterOnCrash: 0, Is64bit: 1, IsPro: 0

COMMAND LINE ARGUMENTS:
C:\Program Files\Unity\Hub\Editor\2021.2.6f1\Editor\Unity.exe
-adb2
-batchMode
-noUpm
-name
AssetImportWorker23
-projectPath
C:/Users/jonat/Documents/DevGames/UnityProjects/Tool/Tool
-logFile
Logs/AssetImportWorker23.log
-srvPort
53423
Successfully changed project path to: C:/Users/jonat/Documents/DevGames/UnityProjects/Tool/Tool
C:/Users/jonat/Documents/DevGames/UnityProjects/Tool/Tool
[UnityMemory] Configuration Parameters - Can be set up in boot.config
    "memorysetup-bucket-allocator-granularity=16"
    "memorysetup-bucket-allocator-bucket-count=8"
    "memorysetup-bucket-allocator-block-size=33554432"
    "memorysetup-bucket-allocator-block-count=8"
    "memorysetup-main-allocator-block-size=16777216"
    "memorysetup-thread-allocator-block-size=16777216"
    "memorysetup-gfx-main-allocator-block-size=16777216"
    "memorysetup-gfx-thread-allocator-block-size=16777216"
    "memorysetup-cache-allocator-block-size=4194304"
    "memorysetup-typetree-allocator-block-size=2097152"
    "memorysetup-profiler-bucket-allocator-granularity=16"
    "memorysetup-profiler-bucket-allocator-bucket-count=8"
    "memorysetup-profiler-bucket-allocator-block-size=33554432"
    "memorysetup-profiler-bucket-allocator-block-count=8"
    "memorysetup-profiler-allocator-block-size=16777216"
    "memorysetup-profiler-editor-allocator-block-size=1048576"
    "memorysetup-temp-allocator-size-main=16777216"
    "memorysetup-job-temp-allocator-block-size=2097152"
    "memorysetup-job-temp-allocator-block-size-background=1048576"
    "memorysetup-job-temp-allocator-reduction-small-platforms=262144"
    "memorysetup-temp-allocator-size-background-worker=32768"
    "memorysetup-temp-allocator-size-job-worker=262144"
    "memorysetup-temp-allocator-size-preload-manager=33554432"
    "memorysetup-temp-allocator-size-nav-mesh-worker=65536"
    "memorysetup-temp-allocator-size-audio-worker=65536"
    "memorysetup-temp-allocator-size-cloud-worker=32768"
    "memorysetup-temp-allocator-size-gi-baking-worker=262144"
    "memorysetup-temp-allocator-size-gfx=262144"
Refreshing native plugins compatible for Editor in 257.44 ms, found 3 plugins.
Preloading 0 native plugins for Editor in 0.00 ms.
Initialize engine version: 2021.2.6f1 (8c4e826ba445)
[Subsystems] Discovering subsystems at path C:/Program Files/Unity/Hub/Editor/2021.2.6f1/Editor/Data/Resources/UnitySubsystems
[Subsystems] Discovering subsystems at path C:/Users/jonat/Documents/DevGames/UnityProjects/Tool/Tool/Assets
GfxDevice: creating device client; threaded=0; jobified=0
Direct3D:
    Version:  Direct3D 11.0 [level 11.1]
    Renderer: NVIDIA GeForce GTX 1060 6GB (ID=0x1c03)
    Vendor:   NVIDIA
    VRAM:     6052 MB
    Driver:   27.21.14.5671
Initialize mono
Mono path[0] = 'C:/Program Files/Unity/Hub/Editor/2021.2.6f1/Editor/Data/Managed'
Mono path[1] = 'C:/Program Files/Unity/Hub/Editor/2021.2.6f1/Editor/Data/MonoBleedingEdge/lib/mono/unityjit-win32'
Mono config path = 'C:/Program Files/Unity/Hub/Editor/2021.2.6f1/Editor/Data/MonoBleedingEdge/etc'
Using monoOptions --debugger-agent=transport=dt_socket,embedding=1,server=y,suspend=n,address=127.0.0.1:56368
Begin MonoManager ReloadAssembly
Registering precompiled unity dll's ...
Register platform support module: C:/Program Files/Unity/Hub/Editor/2021.2.6f1/Editor/Data/PlaybackEngines/WebGLSupport/UnityEditor.WebGL.Extensions.dll
Register platform support module: C:/Program Files/Unity/Hub/Editor/2021.2.6f1/Editor/Data/PlaybackEngines/MacStandaloneSupport/UnityEditor.OSXStandalone.Extensions.dll
Register platform support module: C:/Program Files/Unity/Hub/Editor/2021.2.6f1/Editor/Data/PlaybackEngines/WindowsStandaloneSupport/UnityEditor.WindowsStandalone.Extensions.dll
Register platform support module: C:/Program Files/Unity/Hub/Editor/2021.2.6f1/Editor/Data/PlaybackEngines/LinuxStandaloneSupport/UnityEditor.LinuxStandalone.Extensions.dll
Registered in 0.026967 seconds.
Native extension for LinuxStandalone target not found
Native extension for WindowsStandalone target not found
Native extension for OSXStandalone target not found
Native extension for WebGL target not found
Refreshing native plugins compatible for Editor in 248.46 ms, found 3 plugins.
Preloading 0 native plugins for Editor in 0.00 ms.
Mono: successfully reloaded assembly
- Completed reload, in  1.307 seconds
Domain Reload Profiling:
	ReloadAssembly (1308ms)
		BeginReloadAssembly (162ms)
			ExecutionOrderSort (0ms)
			DisableScriptedObjects (0ms)
			BackupInstance (0ms)
			ReleaseScriptingObjects (0ms)
			CreateAndSetChildDomain (1ms)
		EndReloadAssembly (961ms)
			LoadAssemblies (157ms)
			RebuildTransferFunctionScriptingTraits (0ms)
			SetupTypeCache (196ms)
			ReleaseScriptCaches (0ms)
			RebuildScriptCaches (49ms)
			SetupLoadedEditorAssemblies (610ms)
				LogAssemblyErrors (0ms)
				InitializePlatformSupportModulesInManaged (49ms)
				SetLoadedEditorAssemblies (0ms)
				RefreshPlugins (249ms)
				BeforeProcessingInitializeOnLoad (2ms)
				ProcessInitializeOnLoadAttributes (227ms)
				ProcessInitializeOnLoadMethodAttributes (83ms)
				AfterProcessingInitializeOnLoad (0ms)
				EditorAssembliesLoaded (0ms)
			ExecutionOrderSort2 (0ms)
			AwakeInstancesAfterBackupRestoration (0ms)
Platform modules already initialized, skipping
Registering precompiled user dll's ...
Registered in 0.020568 seconds.
Begin MonoManager ReloadAssembly
Symbol file LoadedFromMemory doesn't match image C:\Users\jonat\Documents\DevGames\UnityProjects\Tool\Tool\Library\PackageCache\com.unity.visualscripting@1.7.5\Editor\VisualScripting.Core\Dependencies\YamlDotNet\Unity.VisualScripting.YamlDotNet.dll
Symbol file LoadedFromMemory doesn't match image C:\Users\jonat\Documents\DevGames\UnityProjects\Tool\Tool\Library\PackageCache\com.unity.visualscripting@1.7.5\Editor\VisualScripting.Core\Dependencies\DotNetZip\Unity.VisualScripting.IonicZip.dll
Native extension for LinuxStandalone target not found
Native extension for WindowsStandalone target not found
Native extension for OSXStandalone target not found
Native extension for WebGL target not found
Refreshing native plugins compatible for Editor in 260.94 ms, found 3 plugins.
Preloading 0 native plugins for Editor in 0.00 ms.
Mono: successfully reloaded assembly
- Completed reload, in  3.984 seconds
Domain Reload Profiling:
	ReloadAssembly (3986ms)
		BeginReloadAssembly (219ms)
			ExecutionOrderSort (0ms)
			DisableScriptedObjects (11ms)
			BackupInstance (0ms)
			ReleaseScriptingObjects (0ms)
			CreateAndSetChildDomain (33ms)
		EndReloadAssembly (3551ms)
			LoadAssemblies (182ms)
			RebuildTransferFunctionScriptingTraits (0ms)
			SetupTypeCache (551ms)
			ReleaseScriptCaches (1ms)
			RebuildScriptCaches (146ms)
			SetupLoadedEditorAssemblies (2584ms)
				LogAssemblyErrors (0ms)
				InitializePlatformSupportModulesInManaged (41ms)
				SetLoadedEditorAssemblies (0ms)
				RefreshPlugins (261ms)
				BeforeProcessingInitializeOnLoad (263ms)
				ProcessInitializeOnLoadAttributes (1670ms)
				ProcessInitializeOnLoadMethodAttributes (326ms)
				AfterProcessingInitializeOnLoad (23ms)
				EditorAssembliesLoaded (0ms)
			ExecutionOrderSort2 (0ms)
			AwakeInstancesAfterBackupRestoration (12ms)
Platform modules already initialized, skipping
========================================================================
Worker process is ready to serve import requests
Launched and connected shader compiler UnityShaderCompiler.exe after 0.19 seconds
Refreshing native plugins compatible for Editor in 2.14 ms, found 3 plugins.
Preloading 0 native plugins for Editor in 0.00 ms.
Unloading 5958 Unused Serialized files (Serialized files now loaded: 0)
Unloading 52 unused Assets / (3.8 MB). Loaded Objects now: 6406.
Memory consumption went from 272.2 MB to 268.5 MB.
Total: 11.985800 ms (FindLiveObjects: 1.000700 ms CreateObjectMapping: 0.785500 ms MarkObjects: 7.843400 ms  DeleteObjects: 2.350600 ms)

AssetImportParameters requested are different than current active one (requested -> active):
  custom:video-decoder-ogg-theora: a1e56fd34408186e4bbccfd4996cb3dc -> 
  custom:container-muxer-webm: aa71ff27fc2769a1b78a27578f13a17b -> 
  custom:container-demuxer-webm: 4f35f7cbe854078d1ac9338744f61a02 -> 
  custom:video-encoder-webm-vp8: eb34c28f22e8b96e1ab97ce403110664 -> 
  custom:audio-encoder-webm-vorbis: bf7c407c2cedff20999df2af8eb42d56 -> 
  custom:framework-win-MediaFoundation: 216162199b28c13a410421893ffa2e32 -> 
  custom:container-demuxer-ogg: 62fdf1f143b41e24485cea50d1cbac27 -> 
  custom:video-decoder-webm-vp8: 9c59270c3fd7afecdb556c50c9e8de78 -> 
  custom:audio-decoder-ogg-vorbis: bf7c407c2cedff20999df2af8eb42d56 -> 
========================================================================
Received Prepare
Registering precompiled user dll's ...
Registered in 0.019677 seconds.
Begin MonoManager ReloadAssembly
Symbol file LoadedFromMemory doesn't match image C:\Users\jonat\Documents\DevGames\UnityProjects\Tool\Tool\Library\PackageCache\com.unity.visualscripting@1.7.5\Editor\VisualScripting.Core\Dependencies\YamlDotNet\Unity.VisualScripting.YamlDotNet.dll
Symbol file LoadedFromMemory doesn't match image C:\Users\jonat\Documents\DevGames\UnityProjects\Tool\Tool\Library\PackageCache\com.unity.visualscripting@1.7.5\Editor\VisualScripting.Core\Dependencies\DotNetZip\Unity.VisualScripting.IonicZip.dll
Native extension for LinuxStandalone target not found
Native extension for WindowsStandalone target not found
Native extension for OSXStandalone target not found
Native extension for WebGL target not found
Refreshing native plugins compatible for Editor in 1.64 ms, found 3 plugins.
Preloading 0 native plugins for Editor in 0.00 ms.
Mono: successfully reloaded assembly
- Completed reload, in  2.567 seconds
Domain Reload Profiling:
	ReloadAssembly (2568ms)
		BeginReloadAssembly (264ms)
			ExecutionOrderSort (0ms)
			DisableScriptedObjects (11ms)
			BackupInstance (0ms)
			ReleaseScriptingObjects (0ms)
			CreateAndSetChildDomain (67ms)
		EndReloadAssembly (2086ms)
			LoadAssemblies (183ms)
			RebuildTransferFunctionScriptingTraits (0ms)
			SetupTypeCache (526ms)
			ReleaseScriptCaches (3ms)
			RebuildScriptCaches (126ms)
			SetupLoadedEditorAssemblies (1063ms)
				LogAssemblyErrors (0ms)
				InitializePlatformSupportModulesInManaged (44ms)
				SetLoadedEditorAssemblies (1ms)
				RefreshPlugins (2ms)
				BeforeProcessingInitializeOnLoad (194ms)
				ProcessInitializeOnLoadAttributes (744ms)
				ProcessInitializeOnLoadMethodAttributes (53ms)
				AfterProcessingInitializeOnLoad (24ms)
				EditorAssembliesLoaded (0ms)
			ExecutionOrderSort2 (0ms)
			AwakeInstancesAfterBackupRestoration (25ms)
Platform modules already initialized, skipping
Refreshing native plugins compatible for Editor in 1.46 ms, found 3 plugins.
Preloading 0 native plugins for Editor in 0.00 ms.
Unloading 5653 Unused Serialized files (Serialized files now loaded: 0)
Unloading 47 unused Assets / (3.7 MB). Loaded Objects now: 6408.
Memory consumption went from 256.3 MB to 252.6 MB.
Total: 8.186100 ms (FindLiveObjects: 0.768800 ms CreateObjectMapping: 0.277400 ms MarkObjects: 5.915100 ms  DeleteObjects: 1.222400 ms)

AssetImportParameters requested are different than current active one (requested -> active):
  custom:video-decoder-ogg-theora: a1e56fd34408186e4bbccfd4996cb3dc -> 
  custom:container-muxer-webm: aa71ff27fc2769a1b78a27578f13a17b -> 
  custom:container-demuxer-webm: 4f35f7cbe854078d1ac9338744f61a02 -> 
  custom:video-encoder-webm-vp8: eb34c28f22e8b96e1ab97ce403110664 -> 
  custom:audio-encoder-webm-vorbis: bf7c407c2cedff20999df2af8eb42d56 -> 
  custom:framework-win-MediaFoundation: 216162199b28c13a410421893ffa2e32 -> 
  custom:container-demuxer-ogg: 62fdf1f143b41e24485cea50d1cbac27 -> 
  custom:video-decoder-webm-vp8: 9c59270c3fd7afecdb556c50c9e8de78 -> 
  custom:audio-decoder-ogg-vorbis: bf7c407c2cedff20999df2af8eb42d56 -> 
========================================================================
Received Import Request.
  Time since last request: 27539.371430 seconds.
  path: Assets/IconesTOS/Skinning Dagger.png
  artifactKey: Guid(2a906ecfb1464df4db16de32e734368d) Importer(815301076,1909f56bfc062723c751e8b465ee728b)
Start importing Assets/IconesTOS/Skinning Dagger.png using Guid(2a906ecfb1464df4db16de32e734368d) Importer(815301076,1909f56bfc062723c751e8b465ee728b)  -> (artifact id: 'f88cd0fd25f5eacc0231824c86e9ab13') in 0.171245 seconds 
========================================================================
Received Import Request.
  Time since last request: 28.767016 seconds.
  path: Assets/IconesTOS/Blacksmith Hammer.png
  artifactKey: Guid(ca3900d762475ab4bbf5e93b7a4d9859) Importer(815301076,1909f56bfc062723c751e8b465ee728b)
Start importing Assets/IconesTOS/Blacksmith Hammer.png using Guid(ca3900d762475ab4bbf5e93b7a4d9859) Importer(815301076,1909f56bfc062723c751e8b465ee728b)  -> (artifact id: 'a2395bfa4371dbe83bd91753ccca199f') in 0.022849 seconds 
========================================================================
Received Import Request.
  Time since last request: 0.000038 seconds.
  path: Assets/IconesTOS/Gardening Sickle.png
  artifactKey: Guid(15b285a4be29cd64288096f814016ce0) Importer(815301076,1909f56bfc062723c751e8b465ee728b)
Start importing Assets/IconesTOS/Gardening Sickle.png using Guid(15b285a4be29cd64288096f814016ce0) Importer(815301076,1909f56bfc062723c751e8b465ee728b)  -> (artifact id: '9833903adba0165a0fc438dfc1cd2a68') in 0.017494 seconds 
========================================================================
Received Import Request.
  Time since last request: 0.000039 seconds.
  path: Assets/IconesTOS/Orc Staff.png
  artifactKey: Guid(0bafd9e1352aba440a23bbf3d258704f) Importer(815301076,1909f56bfc062723c751e8b465ee728b)
Start importing Assets/IconesTOS/Orc Staff.png using Guid(0bafd9e1352aba440a23bbf3d258704f) Importer(815301076,1909f56bfc062723c751e8b465ee728b)  -> (artifact id: '77ce6d6f45948c2fc3c45e127a68d58c') in 0.018149 seconds 
========================================================================
Received Import Request.
  Time since last request: 0.000035 seconds.
  path: Assets/IconesTOS/Demonic Flamberge.png
  artifactKey: Guid(523cd5b222153e34d98eb2ba6846d786) Importer(815301076,1909f56bfc062723c751e8b465ee728b)
Start importing Assets/IconesTOS/Demonic Flamberge.png using Guid(523cd5b222153e34d98eb2ba6846d786) Importer(815301076,1909f56bfc062723c751e8b465ee728b)  -> (artifact id: 'bc2eaafbeb83ce45056b6d417d39bb3f') in 0.018727 seconds 
========================================================================
Received Import Request.
  Time since last request: 0.000054 seconds.
  path: Assets/IconesTOS/Great Sword.png
  artifactKey: Guid(1b9b5e7fe6e2c8541aebdd7f0c9e9770) Importer(815301076,1909f56bfc062723c751e8b465ee728b)
Start importing Assets/IconesTOS/Great Sword.png using Guid(1b9b5e7fe6e2c8541aebdd7f0c9e9770) Importer(815301076,1909f56bfc062723c751e8b465ee728b)  -> (artifact id: '26fa3fe58854e5f649a10418bc5c719c') in 0.017784 seconds 
========================================================================
Received Import Request.
  Time since last request: 0.000067 seconds.
  path: Assets/IconesTOS/Composed Bow.png
  artifactKey: Guid(c1731320f644f54458ee17ae8015d1d9) Importer(815301076,1909f56bfc062723c751e8b465ee728b)
Start importing Assets/IconesTOS/Composed Bow.png using Guid(c1731320f644f54458ee17ae8015d1d9) Importer(815301076,1909f56bfc062723c751e8b465ee728b)  -> (artifact id: '44c2e1b32be7a405327fb3e1e3069d93') in 0.017180 seconds 
========================================================================
Received Import Request.
  Time since last request: 3.324629 seconds.
  path: Assets/IconesTOS/Skinning Dagger.png
  artifactKey: Guid(2a906ecfb1464df4db16de32e734368d) Importer(815301076,1909f56bfc062723c751e8b465ee728b)
Start importing Assets/IconesTOS/Skinning Dagger.png using Guid(2a906ecfb1464df4db16de32e734368d) Importer(815301076,1909f56bfc062723c751e8b465ee728b)  -> (artifact id: '15b8e44f6d8f8ebf94952c9002a1e3e6') in 0.019900 seconds 
Editor requested this worker to shutdown with reason: Scaling down because of idle timeout
AssetImportWorker is now disconnected from the server
Process exiting
Exiting without the bug reporter. Application will terminate with return code 0