Using pre-set license
Built from '2021.2/staging' branch; Version is '2021.2.6f1 (8c4e826ba445) revision 9195138'; Using compiler version '192829333'; Build Type 'Release'
OS: 'Windows 10  (10.0.19041) 64bit Core' Language: 'pt' Physical Memory: 8144 MB
BatchMode: 1, IsHumanControllingUs: 0, StartBugReporterOnCrash: 0, Is64bit: 1, IsPro: 0

COMMAND LINE ARGUMENTS:
C:\Program Files\Unity\Hub\Editor\2021.2.6f1\Editor\Unity.exe
-adb2
-batchMode
-noUpm
-name
AssetImportWorker18
-projectPath
C:/Users/jonat/Documents/DevGames/UnityProjects/Tool/Tool
-logFile
Logs/AssetImportWorker18.log
-srvPort
63064
Successfully changed project path to: C:/Users/jonat/Documents/DevGames/UnityProjects/Tool/Tool
C:/Users/jonat/Documents/DevGames/UnityProjects/Tool/Tool
[UnityMemory] Configuration Parameters - Can be set up in boot.config
    "memorysetup-bucket-allocator-granularity=16"
    "memorysetup-bucket-allocator-bucket-count=8"
    "memorysetup-bucket-allocator-block-size=33554432"
    "memorysetup-bucket-allocator-block-count=8"
    "memorysetup-main-allocator-block-size=16777216"
    "memorysetup-thread-allocator-block-size=16777216"
    "memorysetup-gfx-main-allocator-block-size=16777216"
    "memorysetup-gfx-thread-allocator-block-size=16777216"
    "memorysetup-cache-allocator-block-size=4194304"
    "memorysetup-typetree-allocator-block-size=2097152"
    "memorysetup-profiler-bucket-allocator-granularity=16"
    "memorysetup-profiler-bucket-allocator-bucket-count=8"
    "memorysetup-profiler-bucket-allocator-block-size=33554432"
    "memorysetup-profiler-bucket-allocator-block-count=8"
    "memorysetup-profiler-allocator-block-size=16777216"
    "memorysetup-profiler-editor-allocator-block-size=1048576"
    "memorysetup-temp-allocator-size-main=16777216"
    "memorysetup-job-temp-allocator-block-size=2097152"
    "memorysetup-job-temp-allocator-block-size-background=1048576"
    "memorysetup-job-temp-allocator-reduction-small-platforms=262144"
    "memorysetup-temp-allocator-size-background-worker=32768"
    "memorysetup-temp-allocator-size-job-worker=262144"
    "memorysetup-temp-allocator-size-preload-manager=33554432"
    "memorysetup-temp-allocator-size-nav-mesh-worker=65536"
    "memorysetup-temp-allocator-size-audio-worker=65536"
    "memorysetup-temp-allocator-size-cloud-worker=32768"
    "memorysetup-temp-allocator-size-gi-baking-worker=262144"
    "memorysetup-temp-allocator-size-gfx=262144"
Refreshing native plugins compatible for Editor in 241.77 ms, found 3 plugins.
Preloading 0 native plugins for Editor in 0.00 ms.
Initialize engine version: 2021.2.6f1 (8c4e826ba445)
[Subsystems] Discovering subsystems at path C:/Program Files/Unity/Hub/Editor/2021.2.6f1/Editor/Data/Resources/UnitySubsystems
[Subsystems] Discovering subsystems at path C:/Users/jonat/Documents/DevGames/UnityProjects/Tool/Tool/Assets
GfxDevice: creating device client; threaded=0; jobified=0
Direct3D:
    Version:  Direct3D 11.0 [level 11.1]
    Renderer: NVIDIA GeForce GTX 1060 6GB (ID=0x1c03)
    Vendor:   NVIDIA
    VRAM:     6052 MB
    Driver:   27.21.14.5671
Initialize mono
Mono path[0] = 'C:/Program Files/Unity/Hub/Editor/2021.2.6f1/Editor/Data/Managed'
Mono path[1] = 'C:/Program Files/Unity/Hub/Editor/2021.2.6f1/Editor/Data/MonoBleedingEdge/lib/mono/unityjit-win32'
Mono config path = 'C:/Program Files/Unity/Hub/Editor/2021.2.6f1/Editor/Data/MonoBleedingEdge/etc'
Using monoOptions --debugger-agent=transport=dt_socket,embedding=1,server=y,suspend=n,address=127.0.0.1:56604
Begin MonoManager ReloadAssembly
Registering precompiled unity dll's ...
Register platform support module: C:/Program Files/Unity/Hub/Editor/2021.2.6f1/Editor/Data/PlaybackEngines/WebGLSupport/UnityEditor.WebGL.Extensions.dll
Register platform support module: C:/Program Files/Unity/Hub/Editor/2021.2.6f1/Editor/Data/PlaybackEngines/MacStandaloneSupport/UnityEditor.OSXStandalone.Extensions.dll
Register platform support module: C:/Program Files/Unity/Hub/Editor/2021.2.6f1/Editor/Data/PlaybackEngines/WindowsStandaloneSupport/UnityEditor.WindowsStandalone.Extensions.dll
Register platform support module: C:/Program Files/Unity/Hub/Editor/2021.2.6f1/Editor/Data/PlaybackEngines/LinuxStandaloneSupport/UnityEditor.LinuxStandalone.Extensions.dll
Registered in 0.027554 seconds.
Native extension for LinuxStandalone target not found
Native extension for WindowsStandalone target not found
Native extension for OSXStandalone target not found
Native extension for WebGL target not found
Refreshing native plugins compatible for Editor in 249.05 ms, found 3 plugins.
Preloading 0 native plugins for Editor in 0.00 ms.
Mono: successfully reloaded assembly
- Completed reload, in  1.275 seconds
Domain Reload Profiling:
	ReloadAssembly (1276ms)
		BeginReloadAssembly (148ms)
			ExecutionOrderSort (0ms)
			DisableScriptedObjects (0ms)
			BackupInstance (0ms)
			ReleaseScriptingObjects (0ms)
			CreateAndSetChildDomain (1ms)
		EndReloadAssembly (949ms)
			LoadAssemblies (144ms)
			RebuildTransferFunctionScriptingTraits (0ms)
			SetupTypeCache (190ms)
			ReleaseScriptCaches (0ms)
			RebuildScriptCaches (45ms)
			SetupLoadedEditorAssemblies (606ms)
				LogAssemblyErrors (0ms)
				InitializePlatformSupportModulesInManaged (46ms)
				SetLoadedEditorAssemblies (0ms)
				RefreshPlugins (249ms)
				BeforeProcessingInitializeOnLoad (2ms)
				ProcessInitializeOnLoadAttributes (226ms)
				ProcessInitializeOnLoadMethodAttributes (82ms)
				AfterProcessingInitializeOnLoad (0ms)
				EditorAssembliesLoaded (0ms)
			ExecutionOrderSort2 (0ms)
			AwakeInstancesAfterBackupRestoration (0ms)
Platform modules already initialized, skipping
Registering precompiled user dll's ...
Registered in 0.020422 seconds.
Begin MonoManager ReloadAssembly
Symbol file LoadedFromMemory doesn't match image C:\Users\jonat\Documents\DevGames\UnityProjects\Tool\Tool\Library\PackageCache\com.unity.visualscripting@1.7.5\Editor\VisualScripting.Core\Dependencies\YamlDotNet\Unity.VisualScripting.YamlDotNet.dll
Symbol file LoadedFromMemory doesn't match image C:\Users\jonat\Documents\DevGames\UnityProjects\Tool\Tool\Library\PackageCache\com.unity.visualscripting@1.7.5\Editor\VisualScripting.Core\Dependencies\DotNetZip\Unity.VisualScripting.IonicZip.dll
Native extension for LinuxStandalone target not found
Native extension for WindowsStandalone target not found
Native extension for OSXStandalone target not found
Native extension for WebGL target not found
Refreshing native plugins compatible for Editor in 278.67 ms, found 3 plugins.
Preloading 0 native plugins for Editor in 0.00 ms.
Mono: successfully reloaded assembly
- Completed reload, in  3.855 seconds
Domain Reload Profiling:
	ReloadAssembly (3857ms)
		BeginReloadAssembly (216ms)
			ExecutionOrderSort (0ms)
			DisableScriptedObjects (11ms)
			BackupInstance (0ms)
			ReleaseScriptingObjects (0ms)
			CreateAndSetChildDomain (30ms)
		EndReloadAssembly (3401ms)
			LoadAssemblies (184ms)
			RebuildTransferFunctionScriptingTraits (0ms)
			SetupTypeCache (553ms)
			ReleaseScriptCaches (1ms)
			RebuildScriptCaches (142ms)
			SetupLoadedEditorAssemblies (2442ms)
				LogAssemblyErrors (0ms)
				InitializePlatformSupportModulesInManaged (38ms)
				SetLoadedEditorAssemblies (0ms)
				RefreshPlugins (279ms)
				BeforeProcessingInitializeOnLoad (232ms)
				ProcessInitializeOnLoadAttributes (1558ms)
				ProcessInitializeOnLoadMethodAttributes (310ms)
				AfterProcessingInitializeOnLoad (24ms)
				EditorAssembliesLoaded (0ms)
			ExecutionOrderSort2 (0ms)
			AwakeInstancesAfterBackupRestoration (13ms)
Platform modules already initialized, skipping
========================================================================
Worker process is ready to serve import requests
Launched and connected shader compiler UnityShaderCompiler.exe after 0.07 seconds
Refreshing native plugins compatible for Editor in 1.44 ms, found 3 plugins.
Preloading 0 native plugins for Editor in 0.00 ms.
Unloading 5958 Unused Serialized files (Serialized files now loaded: 0)
Unloading 52 unused Assets / (3.8 MB). Loaded Objects now: 6406.
Memory consumption went from 272.3 MB to 268.6 MB.
Total: 8.116200 ms (FindLiveObjects: 0.802500 ms CreateObjectMapping: 0.269600 ms MarkObjects: 5.787500 ms  DeleteObjects: 1.255200 ms)

AssetImportParameters requested are different than current active one (requested -> active):
  custom:video-decoder-ogg-theora: a1e56fd34408186e4bbccfd4996cb3dc -> 
  custom:container-muxer-webm: aa71ff27fc2769a1b78a27578f13a17b -> 
  custom:container-demuxer-webm: 4f35f7cbe854078d1ac9338744f61a02 -> 
  custom:video-encoder-webm-vp8: eb34c28f22e8b96e1ab97ce403110664 -> 
  custom:audio-encoder-webm-vorbis: bf7c407c2cedff20999df2af8eb42d56 -> 
  custom:framework-win-MediaFoundation: 216162199b28c13a410421893ffa2e32 -> 
  custom:container-demuxer-ogg: 62fdf1f143b41e24485cea50d1cbac27 -> 
  custom:video-decoder-webm-vp8: 9c59270c3fd7afecdb556c50c9e8de78 -> 
  custom:audio-decoder-ogg-vorbis: bf7c407c2cedff20999df2af8eb42d56 -> 
========================================================================
Received Import Request.
  Time since last request: 105143.408176 seconds.
  path: Assets/IconesTOS/Bow1.png
  artifactKey: Guid(2f0b4e387cd8de34c8e2aead49e5f278) Importer(815301076,1909f56bfc062723c751e8b465ee728b)
Start importing Assets/IconesTOS/Bow1.png using Guid(2f0b4e387cd8de34c8e2aead49e5f278) Importer(815301076,1909f56bfc062723c751e8b465ee728b)  -> (artifact id: 'd17fd1fec36dcd0e7bdc0b8171203611') in 0.191273 seconds 
========================================================================
Received Import Request.
  Time since last request: 0.000040 seconds.
  path: Assets/IconesTOS/Demonic Flamberge.png
  artifactKey: Guid(bab073f855c7ac24c83bb00425d71e4a) Importer(815301076,1909f56bfc062723c751e8b465ee728b)
Start importing Assets/IconesTOS/Demonic Flamberge.png using Guid(bab073f855c7ac24c83bb00425d71e4a) Importer(815301076,1909f56bfc062723c751e8b465ee728b)  -> (artifact id: '6b5daec8585b831b963c41ff81e826d7') in 0.015997 seconds 
========================================================================
Received Import Request.
  Time since last request: 0.000051 seconds.
  path: Assets/IconesTOS/Orc Bow.png
  artifactKey: Guid(a0e969b14c320c644b491a809dd59560) Importer(815301076,1909f56bfc062723c751e8b465ee728b)
Start importing Assets/IconesTOS/Orc Bow.png using Guid(a0e969b14c320c644b491a809dd59560) Importer(815301076,1909f56bfc062723c751e8b465ee728b)  -> (artifact id: '0fc1964fa1c84efdcc77afa370756842') in 0.016685 seconds 
========================================================================
Received Import Request.
  Time since last request: 39.054562 seconds.
  path: Assets/IconesTOS/Bow1.png
  artifactKey: Guid(2f0b4e387cd8de34c8e2aead49e5f278) Importer(815301076,1909f56bfc062723c751e8b465ee728b)
Start importing Assets/IconesTOS/Bow1.png using Guid(2f0b4e387cd8de34c8e2aead49e5f278) Importer(815301076,1909f56bfc062723c751e8b465ee728b)  -> (artifact id: 'a217492953142d23f4fed776ae7d02ad') in 0.023847 seconds 
========================================================================
Received Import Request.
  Time since last request: 0.000076 seconds.
  path: Assets/IconesTOS/Composed Bow.png
  artifactKey: Guid(c06eac0ce5e59054d8522c50f387c100) Importer(815301076,1909f56bfc062723c751e8b465ee728b)
Start importing Assets/IconesTOS/Composed Bow.png using Guid(c06eac0ce5e59054d8522c50f387c100) Importer(815301076,1909f56bfc062723c751e8b465ee728b)  -> (artifact id: '88c64edb412643102946c9404cebf7c0') in 0.018570 seconds 
========================================================================
Received Import Request.
  Time since last request: 0.000062 seconds.
  path: Assets/IconesTOS/Orc Staff.png
  artifactKey: Guid(90d72922eb15350489c6b5bc6f0ee5af) Importer(815301076,1909f56bfc062723c751e8b465ee728b)
Start importing Assets/IconesTOS/Orc Staff.png using Guid(90d72922eb15350489c6b5bc6f0ee5af) Importer(815301076,1909f56bfc062723c751e8b465ee728b)  -> (artifact id: '7d9ac286ed16ba7263cc3be7a200c0d8') in 0.018153 seconds 
========================================================================
Received Import Request.
  Time since last request: 0.000044 seconds.
  path: Assets/IconesTOS/Short Bow.png
  artifactKey: Guid(96a8878b427c0f147b89e421534a5548) Importer(815301076,1909f56bfc062723c751e8b465ee728b)
Start importing Assets/IconesTOS/Short Bow.png using Guid(96a8878b427c0f147b89e421534a5548) Importer(815301076,1909f56bfc062723c751e8b465ee728b)  -> (artifact id: '9f041c6cb07d8dd704dcc15c8d18066c') in 0.026175 seconds 
========================================================================
Received Import Request.
  Time since last request: 56.504692 seconds.
  path: Assets/IconesTOS/Bow1.png
  artifactKey: Guid(2f0b4e387cd8de34c8e2aead49e5f278) Importer(815301076,1909f56bfc062723c751e8b465ee728b)
Start importing Assets/IconesTOS/Bow1.png using Guid(2f0b4e387cd8de34c8e2aead49e5f278) Importer(815301076,1909f56bfc062723c751e8b465ee728b)  -> (artifact id: '29f26244d72e7070fef5dcbace6d913c') in 0.033953 seconds 
========================================================================
Received Import Request.
  Time since last request: 0.000053 seconds.
  path: Assets/IconesTOS/Great Sword.png
  artifactKey: Guid(cebb402538bf1fd4e9528ca1cfe5b627) Importer(815301076,1909f56bfc062723c751e8b465ee728b)
Start importing Assets/IconesTOS/Great Sword.png using Guid(cebb402538bf1fd4e9528ca1cfe5b627) Importer(815301076,1909f56bfc062723c751e8b465ee728b)  -> (artifact id: 'c3a27f03840160c85501cff9f874e4e4') in 0.028214 seconds 
========================================================================
Received Import Request.
  Time since last request: 0.000055 seconds.
  path: Assets/IconesTOS/Crystal Staff.png
  artifactKey: Guid(154074c944be6ac4e89aacb35e1f5994) Importer(815301076,1909f56bfc062723c751e8b465ee728b)
Start importing Assets/IconesTOS/Crystal Staff.png using Guid(154074c944be6ac4e89aacb35e1f5994) Importer(815301076,1909f56bfc062723c751e8b465ee728b)  -> (artifact id: '60b39abd2098becc237e12f8d3da4c9f') in 0.023842 seconds 
========================================================================
Received Import Request.
  Time since last request: 0.000042 seconds.
  path: Assets/IconesTOS/Demonic Flamberge.png
  artifactKey: Guid(bab073f855c7ac24c83bb00425d71e4a) Importer(815301076,1909f56bfc062723c751e8b465ee728b)
Start importing Assets/IconesTOS/Demonic Flamberge.png using Guid(bab073f855c7ac24c83bb00425d71e4a) Importer(815301076,1909f56bfc062723c751e8b465ee728b)  -> (artifact id: '34558e9db04e525afe431e65d81e82b5') in 0.018446 seconds 
========================================================================
Received Import Request.
  Time since last request: 0.000032 seconds.
  path: Assets/IconesTOS/Orc Bow.png
  artifactKey: Guid(a0e969b14c320c644b491a809dd59560) Importer(815301076,1909f56bfc062723c751e8b465ee728b)
Start importing Assets/IconesTOS/Orc Bow.png using Guid(a0e969b14c320c644b491a809dd59560) Importer(815301076,1909f56bfc062723c751e8b465ee728b)  -> (artifact id: '5301e0f956b0fcdb79532419224d1f87') in 0.021720 seconds 
========================================================================
Received Import Request.
  Time since last request: 94.603692 seconds.
  path: Assets/IconesTOS/Woodcutter Axe.png
  artifactKey: Guid(cee6c861574f6fb45a665ea2f09b1aea) Importer(815301076,1909f56bfc062723c751e8b465ee728b)
Start importing Assets/IconesTOS/Woodcutter Axe.png using Guid(cee6c861574f6fb45a665ea2f09b1aea) Importer(815301076,1909f56bfc062723c751e8b465ee728b)  -> (artifact id: '1c7456e73a94c5ffcc9796e451008946') in 0.021030 seconds 
========================================================================
Received Import Request.
  Time since last request: 5.841716 seconds.
  path: Assets/IconesTOS/Bow1.png
  artifactKey: Guid(2f0b4e387cd8de34c8e2aead49e5f278) Importer(815301076,1909f56bfc062723c751e8b465ee728b)
Start importing Assets/IconesTOS/Bow1.png using Guid(2f0b4e387cd8de34c8e2aead49e5f278) Importer(815301076,1909f56bfc062723c751e8b465ee728b)  -> (artifact id: '2a921fb311e77839d61b725e568561e1') in 0.035980 seconds 
========================================================================
Received Import Request.
  Time since last request: 80.963563 seconds.
  path: Assets/IconesTOS/Bow1.png
  artifactKey: Guid(2f0b4e387cd8de34c8e2aead49e5f278) Importer(815301076,1909f56bfc062723c751e8b465ee728b)
Start importing Assets/IconesTOS/Bow1.png using Guid(2f0b4e387cd8de34c8e2aead49e5f278) Importer(815301076,1909f56bfc062723c751e8b465ee728b)  -> (artifact id: 'fe76218d6379e02d35b5d19bab074f4b') in 0.024545 seconds 
========================================================================
Received Import Request.
  Time since last request: 0.000057 seconds.
  path: Assets/IconesTOS/Composed Bow.png
  artifactKey: Guid(c06eac0ce5e59054d8522c50f387c100) Importer(815301076,1909f56bfc062723c751e8b465ee728b)
Start importing Assets/IconesTOS/Composed Bow.png using Guid(c06eac0ce5e59054d8522c50f387c100) Importer(815301076,1909f56bfc062723c751e8b465ee728b)  -> (artifact id: '06f2c39da9e1dd7d2f6b6f49e419e176') in 0.029435 seconds 
========================================================================
Received Import Request.
  Time since last request: 0.000040 seconds.
  path: Assets/IconesTOS/Crystal Staff.png
  artifactKey: Guid(154074c944be6ac4e89aacb35e1f5994) Importer(815301076,1909f56bfc062723c751e8b465ee728b)
Start importing Assets/IconesTOS/Crystal Staff.png using Guid(154074c944be6ac4e89aacb35e1f5994) Importer(815301076,1909f56bfc062723c751e8b465ee728b)  -> (artifact id: '17d0b6e86ba22d518806dd918e061c4c') in 0.031237 seconds 
========================================================================
Received Import Request.
  Time since last request: 0.000035 seconds.
  path: Assets/IconesTOS/Orc Bow.png
  artifactKey: Guid(a0e969b14c320c644b491a809dd59560) Importer(815301076,1909f56bfc062723c751e8b465ee728b)
Start importing Assets/IconesTOS/Orc Bow.png using Guid(a0e969b14c320c644b491a809dd59560) Importer(815301076,1909f56bfc062723c751e8b465ee728b)  -> (artifact id: '39a000141679c095bb9b455da9a7d65c') in 0.018823 seconds 
========================================================================
Received Import Request.
  Time since last request: 47.433250 seconds.
  path: Assets/IconesTOS/Composed Bow.png
  artifactKey: Guid(c06eac0ce5e59054d8522c50f387c100) Importer(815301076,1909f56bfc062723c751e8b465ee728b)
Start importing Assets/IconesTOS/Composed Bow.png using Guid(c06eac0ce5e59054d8522c50f387c100) Importer(815301076,1909f56bfc062723c751e8b465ee728b)  -> (artifact id: '952ac09af8d52be61964a55cd9c8c832') in 0.022355 seconds 
========================================================================
Received Import Request.
  Time since last request: 0.000037 seconds.
  path: Assets/IconesTOS/Crystal Staff.png
  artifactKey: Guid(154074c944be6ac4e89aacb35e1f5994) Importer(815301076,1909f56bfc062723c751e8b465ee728b)
Start importing Assets/IconesTOS/Crystal Staff.png using Guid(154074c944be6ac4e89aacb35e1f5994) Importer(815301076,1909f56bfc062723c751e8b465ee728b)  -> (artifact id: 'f55a5c18230296dc522f176b37526ff7') in 0.018763 seconds 
========================================================================
Received Import Request.
  Time since last request: 0.000048 seconds.
  path: Assets/IconesTOS/Short Bow.png
  artifactKey: Guid(96a8878b427c0f147b89e421534a5548) Importer(815301076,1909f56bfc062723c751e8b465ee728b)
Start importing Assets/IconesTOS/Short Bow.png using Guid(96a8878b427c0f147b89e421534a5548) Importer(815301076,1909f56bfc062723c751e8b465ee728b)  -> (artifact id: '70217697294f16d4216667490aa67b4a') in 0.020046 seconds 
========================================================================
Received Import Request.
  Time since last request: 0.000056 seconds.
  path: Assets/IconesTOS/Orc Bow.png
  artifactKey: Guid(a0e969b14c320c644b491a809dd59560) Importer(815301076,1909f56bfc062723c751e8b465ee728b)
Start importing Assets/IconesTOS/Orc Bow.png using Guid(a0e969b14c320c644b491a809dd59560) Importer(815301076,1909f56bfc062723c751e8b465ee728b)  -> (artifact id: '4f7a258336219c107290e8e02ff3a61f') in 0.018330 seconds 
========================================================================
Received Import Request.
  Time since last request: 54.071030 seconds.
  path: Assets/IconesTOS/Composed Bow.png
  artifactKey: Guid(c06eac0ce5e59054d8522c50f387c100) Importer(815301076,1909f56bfc062723c751e8b465ee728b)
Start importing Assets/IconesTOS/Composed Bow.png using Guid(c06eac0ce5e59054d8522c50f387c100) Importer(815301076,1909f56bfc062723c751e8b465ee728b)  -> (artifact id: '626fe1c035c548c4568ebd147ab1e230') in 0.022782 seconds 
========================================================================
Received Import Request.
  Time since last request: 0.000037 seconds.
  path: Assets/IconesTOS/Crystal Staff.png
  artifactKey: Guid(154074c944be6ac4e89aacb35e1f5994) Importer(815301076,1909f56bfc062723c751e8b465ee728b)
Start importing Assets/IconesTOS/Crystal Staff.png using Guid(154074c944be6ac4e89aacb35e1f5994) Importer(815301076,1909f56bfc062723c751e8b465ee728b)  -> (artifact id: 'd47d4c8a947a6744691c30107fbf5e05') in 0.052279 seconds 
========================================================================
Received Import Request.
  Time since last request: 0.000063 seconds.
  path: Assets/IconesTOS/Orc Bow.png
  artifactKey: Guid(a0e969b14c320c644b491a809dd59560) Importer(815301076,1909f56bfc062723c751e8b465ee728b)
Start importing Assets/IconesTOS/Orc Bow.png using Guid(a0e969b14c320c644b491a809dd59560) Importer(815301076,1909f56bfc062723c751e8b465ee728b)  -> (artifact id: '6ffafec164f2cb60d95ef5a2ebe78300') in 0.023457 seconds 
