Using pre-set license
Built from '2021.2/staging' branch; Version is '2021.2.6f1 (8c4e826ba445) revision 9195138'; Using compiler version '192829333'; Build Type 'Release'
OS: 'Windows 10  (10.0.19041) 64bit Core' Language: 'pt' Physical Memory: 8144 MB
BatchMode: 1, IsHumanControllingUs: 0, StartBugReporterOnCrash: 0, Is64bit: 1, IsPro: 0

COMMAND LINE ARGUMENTS:
C:\Program Files\Unity\Hub\Editor\2021.2.6f1\Editor\Unity.exe
-adb2
-batchMode
-noUpm
-name
AssetImportWorker4
-projectPath
C:/Users/jonat/Documents/DevGames/UnityProjects/Tool/Tool
-logFile
Logs/AssetImportWorker4.log
-srvPort
50912
Successfully changed project path to: C:/Users/jonat/Documents/DevGames/UnityProjects/Tool/Tool
C:/Users/jonat/Documents/DevGames/UnityProjects/Tool/Tool
[UnityMemory] Configuration Parameters - Can be set up in boot.config
    "memorysetup-bucket-allocator-granularity=16"
    "memorysetup-bucket-allocator-bucket-count=8"
    "memorysetup-bucket-allocator-block-size=33554432"
    "memorysetup-bucket-allocator-block-count=8"
    "memorysetup-main-allocator-block-size=16777216"
    "memorysetup-thread-allocator-block-size=16777216"
    "memorysetup-gfx-main-allocator-block-size=16777216"
    "memorysetup-gfx-thread-allocator-block-size=16777216"
    "memorysetup-cache-allocator-block-size=4194304"
    "memorysetup-typetree-allocator-block-size=2097152"
    "memorysetup-profiler-bucket-allocator-granularity=16"
    "memorysetup-profiler-bucket-allocator-bucket-count=8"
    "memorysetup-profiler-bucket-allocator-block-size=33554432"
    "memorysetup-profiler-bucket-allocator-block-count=8"
    "memorysetup-profiler-allocator-block-size=16777216"
    "memorysetup-profiler-editor-allocator-block-size=1048576"
    "memorysetup-temp-allocator-size-main=16777216"
    "memorysetup-job-temp-allocator-block-size=2097152"
    "memorysetup-job-temp-allocator-block-size-background=1048576"
    "memorysetup-job-temp-allocator-reduction-small-platforms=262144"
    "memorysetup-temp-allocator-size-background-worker=32768"
    "memorysetup-temp-allocator-size-job-worker=262144"
    "memorysetup-temp-allocator-size-preload-manager=33554432"
    "memorysetup-temp-allocator-size-nav-mesh-worker=65536"
    "memorysetup-temp-allocator-size-audio-worker=65536"
    "memorysetup-temp-allocator-size-cloud-worker=32768"
    "memorysetup-temp-allocator-size-gi-baking-worker=262144"
    "memorysetup-temp-allocator-size-gfx=262144"
Refreshing native plugins compatible for Editor in 230.37 ms, found 3 plugins.
Preloading 0 native plugins for Editor in 0.00 ms.
Initialize engine version: 2021.2.6f1 (8c4e826ba445)
[Subsystems] Discovering subsystems at path C:/Program Files/Unity/Hub/Editor/2021.2.6f1/Editor/Data/Resources/UnitySubsystems
[Subsystems] Discovering subsystems at path C:/Users/jonat/Documents/DevGames/UnityProjects/Tool/Tool/Assets
GfxDevice: creating device client; threaded=0; jobified=0
Direct3D:
    Version:  Direct3D 11.0 [level 11.1]
    Renderer: NVIDIA GeForce GTX 1060 6GB (ID=0x1c03)
    Vendor:   NVIDIA
    VRAM:     6052 MB
    Driver:   27.21.14.5671
Initialize mono
Mono path[0] = 'C:/Program Files/Unity/Hub/Editor/2021.2.6f1/Editor/Data/Managed'
Mono path[1] = 'C:/Program Files/Unity/Hub/Editor/2021.2.6f1/Editor/Data/MonoBleedingEdge/lib/mono/unityjit-win32'
Mono config path = 'C:/Program Files/Unity/Hub/Editor/2021.2.6f1/Editor/Data/MonoBleedingEdge/etc'
Using monoOptions --debugger-agent=transport=dt_socket,embedding=1,server=y,suspend=n,address=127.0.0.1:56252
Begin MonoManager ReloadAssembly
Registering precompiled unity dll's ...
Register platform support module: C:/Program Files/Unity/Hub/Editor/2021.2.6f1/Editor/Data/PlaybackEngines/WebGLSupport/UnityEditor.WebGL.Extensions.dll
Register platform support module: C:/Program Files/Unity/Hub/Editor/2021.2.6f1/Editor/Data/PlaybackEngines/MacStandaloneSupport/UnityEditor.OSXStandalone.Extensions.dll
Register platform support module: C:/Program Files/Unity/Hub/Editor/2021.2.6f1/Editor/Data/PlaybackEngines/WindowsStandaloneSupport/UnityEditor.WindowsStandalone.Extensions.dll
Register platform support module: C:/Program Files/Unity/Hub/Editor/2021.2.6f1/Editor/Data/PlaybackEngines/LinuxStandaloneSupport/UnityEditor.LinuxStandalone.Extensions.dll
Registered in 0.026946 seconds.
Native extension for LinuxStandalone target not found
Native extension for WindowsStandalone target not found
Native extension for OSXStandalone target not found
Native extension for WebGL target not found
Refreshing native plugins compatible for Editor in 234.21 ms, found 3 plugins.
Preloading 0 native plugins for Editor in 0.00 ms.
Mono: successfully reloaded assembly
- Completed reload, in  1.259 seconds
Domain Reload Profiling:
	ReloadAssembly (1260ms)
		BeginReloadAssembly (155ms)
			ExecutionOrderSort (0ms)
			DisableScriptedObjects (0ms)
			BackupInstance (0ms)
			ReleaseScriptingObjects (0ms)
			CreateAndSetChildDomain (1ms)
		EndReloadAssembly (927ms)
			LoadAssemblies (149ms)
			RebuildTransferFunctionScriptingTraits (0ms)
			SetupTypeCache (189ms)
			ReleaseScriptCaches (0ms)
			RebuildScriptCaches (45ms)
			SetupLoadedEditorAssemblies (589ms)
				LogAssemblyErrors (0ms)
				InitializePlatformSupportModulesInManaged (47ms)
				SetLoadedEditorAssemblies (0ms)
				RefreshPlugins (234ms)
				BeforeProcessingInitializeOnLoad (2ms)
				ProcessInitializeOnLoadAttributes (226ms)
				ProcessInitializeOnLoadMethodAttributes (80ms)
				AfterProcessingInitializeOnLoad (0ms)
				EditorAssembliesLoaded (0ms)
			ExecutionOrderSort2 (0ms)
			AwakeInstancesAfterBackupRestoration (0ms)
Platform modules already initialized, skipping
Registering precompiled user dll's ...
Registered in 0.020215 seconds.
Begin MonoManager ReloadAssembly
Symbol file LoadedFromMemory doesn't match image C:\Users\jonat\Documents\DevGames\UnityProjects\Tool\Tool\Library\PackageCache\com.unity.visualscripting@1.7.5\Editor\VisualScripting.Core\Dependencies\YamlDotNet\Unity.VisualScripting.YamlDotNet.dll
Symbol file LoadedFromMemory doesn't match image C:\Users\jonat\Documents\DevGames\UnityProjects\Tool\Tool\Library\PackageCache\com.unity.visualscripting@1.7.5\Editor\VisualScripting.Core\Dependencies\DotNetZip\Unity.VisualScripting.IonicZip.dll
Native extension for LinuxStandalone target not found
Native extension for WindowsStandalone target not found
Native extension for OSXStandalone target not found
Native extension for WebGL target not found
Refreshing native plugins compatible for Editor in 239.36 ms, found 3 plugins.
Preloading 0 native plugins for Editor in 0.00 ms.
Mono: successfully reloaded assembly
- Completed reload, in  3.646 seconds
Domain Reload Profiling:
	ReloadAssembly (3648ms)
		BeginReloadAssembly (213ms)
			ExecutionOrderSort (0ms)
			DisableScriptedObjects (11ms)
			BackupInstance (0ms)
			ReleaseScriptingObjects (0ms)
			CreateAndSetChildDomain (30ms)
		EndReloadAssembly (3235ms)
			LoadAssemblies (178ms)
			RebuildTransferFunctionScriptingTraits (0ms)
			SetupTypeCache (524ms)
			ReleaseScriptCaches (1ms)
			RebuildScriptCaches (140ms)
			SetupLoadedEditorAssemblies (2323ms)
				LogAssemblyErrors (0ms)
				InitializePlatformSupportModulesInManaged (38ms)
				SetLoadedEditorAssemblies (0ms)
				RefreshPlugins (240ms)
				BeforeProcessingInitializeOnLoad (236ms)
				ProcessInitializeOnLoadAttributes (1490ms)
				ProcessInitializeOnLoadMethodAttributes (295ms)
				AfterProcessingInitializeOnLoad (23ms)
				EditorAssembliesLoaded (0ms)
			ExecutionOrderSort2 (0ms)
			AwakeInstancesAfterBackupRestoration (12ms)
Platform modules already initialized, skipping
========================================================================
Worker process is ready to serve import requests
Launched and connected shader compiler UnityShaderCompiler.exe after 0.14 seconds
Refreshing native plugins compatible for Editor in 1.42 ms, found 3 plugins.
Preloading 0 native plugins for Editor in 0.00 ms.
Unloading 5958 Unused Serialized files (Serialized files now loaded: 0)
Unloading 52 unused Assets / (3.8 MB). Loaded Objects now: 6406.
Memory consumption went from 272.2 MB to 268.4 MB.
Total: 8.081000 ms (FindLiveObjects: 0.780000 ms CreateObjectMapping: 0.284300 ms MarkObjects: 5.904900 ms  DeleteObjects: 1.109800 ms)

AssetImportParameters requested are different than current active one (requested -> active):
  custom:video-decoder-ogg-theora: a1e56fd34408186e4bbccfd4996cb3dc -> 
  custom:container-muxer-webm: aa71ff27fc2769a1b78a27578f13a17b -> 
  custom:container-demuxer-webm: 4f35f7cbe854078d1ac9338744f61a02 -> 
  custom:video-encoder-webm-vp8: eb34c28f22e8b96e1ab97ce403110664 -> 
  custom:audio-encoder-webm-vorbis: bf7c407c2cedff20999df2af8eb42d56 -> 
  custom:framework-win-MediaFoundation: 216162199b28c13a410421893ffa2e32 -> 
  custom:container-demuxer-ogg: 62fdf1f143b41e24485cea50d1cbac27 -> 
  custom:video-decoder-webm-vp8: 9c59270c3fd7afecdb556c50c9e8de78 -> 
  custom:audio-decoder-ogg-vorbis: bf7c407c2cedff20999df2af8eb42d56 -> 
========================================================================
Received Import Request.
  Time since last request: 17290.439171 seconds.
  path: Assets/IconesTOS/Bow1.png
  artifactKey: Guid(97d5ce723c700c343805cd000c166335) Importer(815301076,1909f56bfc062723c751e8b465ee728b)
Start importing Assets/IconesTOS/Bow1.png using Guid(97d5ce723c700c343805cd000c166335) Importer(815301076,1909f56bfc062723c751e8b465ee728b)  -> (artifact id: '5f9b6795f680a4ae328b300deb29e31a') in 0.194279 seconds 
========================================================================
Received Import Request.
  Time since last request: 70.998852 seconds.
  path: Assets/IconesTOS/Bow1.png
  artifactKey: Guid(97d5ce723c700c343805cd000c166335) Importer(815301076,1909f56bfc062723c751e8b465ee728b)
Start importing Assets/IconesTOS/Bow1.png using Guid(97d5ce723c700c343805cd000c166335) Importer(815301076,1909f56bfc062723c751e8b465ee728b)  -> (artifact id: 'b10fe402325494bfbce82c1edc7e28a2') in 0.021645 seconds 
========================================================================
Received Import Request.
  Time since last request: 54.990410 seconds.
  path: Assets/IconesTOS/Bow1.png
  artifactKey: Guid(97d5ce723c700c343805cd000c166335) Importer(815301076,1909f56bfc062723c751e8b465ee728b)
Start importing Assets/IconesTOS/Bow1.png using Guid(97d5ce723c700c343805cd000c166335) Importer(815301076,1909f56bfc062723c751e8b465ee728b)  -> (artifact id: '8471479670369a4605077f674ae9ff0f') in 0.019641 seconds 
========================================================================
Received Import Request.
  Time since last request: 93.194133 seconds.
  path: Assets/IconesTOS/Court Magician Staff.png
  artifactKey: Guid(061aaa04a99c58146a69d9875c9e98f7) Importer(815301076,1909f56bfc062723c751e8b465ee728b)
Start importing Assets/IconesTOS/Court Magician Staff.png using Guid(061aaa04a99c58146a69d9875c9e98f7) Importer(815301076,1909f56bfc062723c751e8b465ee728b)  -> (artifact id: 'cab2be06436dcedbbd29751a675bbdf4') in 0.019918 seconds 
========================================================================
Received Import Request.
  Time since last request: 52.565008 seconds.
  path: Assets/IconesTOS/Bow1.png
  artifactKey: Guid(97d5ce723c700c343805cd000c166335) Importer(815301076,1909f56bfc062723c751e8b465ee728b)
Start importing Assets/IconesTOS/Bow1.png using Guid(97d5ce723c700c343805cd000c166335) Importer(815301076,1909f56bfc062723c751e8b465ee728b)  -> (artifact id: '289e054a305631d0aa163c8329eb15ae') in 0.018671 seconds 
========================================================================
Received Import Request.
  Time since last request: 0.000035 seconds.
  path: Assets/IconesTOS/Short Bow.png
  artifactKey: Guid(1292e19bdd2fe7c4cb5db97902d94e07) Importer(815301076,1909f56bfc062723c751e8b465ee728b)
Start importing Assets/IconesTOS/Short Bow.png using Guid(1292e19bdd2fe7c4cb5db97902d94e07) Importer(815301076,1909f56bfc062723c751e8b465ee728b)  -> (artifact id: 'b45a418c44dd419034ff7263b24c211a') in 0.016345 seconds 
========================================================================
Received Import Request.
  Time since last request: 82.246425 seconds.
  path: Assets/_ToS
  artifactKey: Guid(bcfdc215a3366a34ba73db646cc78f44) Importer(815301076,1909f56bfc062723c751e8b465ee728b)
Start importing Assets/_ToS using Guid(bcfdc215a3366a34ba73db646cc78f44) Importer(815301076,1909f56bfc062723c751e8b465ee728b)  -> (artifact id: 'eac90fdb7d45019d0dc15e3aa9eeb055') in 0.004438 seconds 
========================================================================
Received Import Request.
  Time since last request: 0.752839 seconds.
  path: Assets/_ToS/Resources
  artifactKey: Guid(bc5c6b23683d5364c9d44e13670d7af6) Importer(815301076,1909f56bfc062723c751e8b465ee728b)
Start importing Assets/_ToS/Resources using Guid(bc5c6b23683d5364c9d44e13670d7af6) Importer(815301076,1909f56bfc062723c751e8b465ee728b)  -> (artifact id: 'b8695e6ec82e2cf00592222c677dd4ef') in 0.004955 seconds 
========================================================================
Received Import Request.
  Time since last request: 0.619563 seconds.
  path: Assets/_ToS/Resources/Items
  artifactKey: Guid(ae304490f20bc524da63e8b5a4679bb1) Importer(815301076,1909f56bfc062723c751e8b465ee728b)
Start importing Assets/_ToS/Resources/Items using Guid(ae304490f20bc524da63e8b5a4679bb1) Importer(815301076,1909f56bfc062723c751e8b465ee728b)  -> (artifact id: '8f044a402add96ee415caa1fb045c4a2') in 0.003951 seconds 
========================================================================
Received Import Request.
  Time since last request: 0.638190 seconds.
  path: Assets/_ToS/Resources/Items/Weapons
  artifactKey: Guid(468c76ef31187264b8e885741dffce44) Importer(815301076,1909f56bfc062723c751e8b465ee728b)
Start importing Assets/_ToS/Resources/Items/Weapons using Guid(468c76ef31187264b8e885741dffce44) Importer(815301076,1909f56bfc062723c751e8b465ee728b)  -> (artifact id: '47b9eb04cd5086e21f6bd35af5251b0a') in 0.004092 seconds 
========================================================================
Received Import Request.
  Time since last request: 0.591688 seconds.
  path: Assets/_ToS/Resources/Items/Weapons/Bow
  artifactKey: Guid(232df088fe74bde49aad7b4d69c48b89) Importer(815301076,1909f56bfc062723c751e8b465ee728b)
Start importing Assets/_ToS/Resources/Items/Weapons/Bow using Guid(232df088fe74bde49aad7b4d69c48b89) Importer(815301076,1909f56bfc062723c751e8b465ee728b)  -> (artifact id: 'c8cbf2aef96d03f8859bd9e6b34606ae') in 0.020962 seconds 
========================================================================
Received Import Request.
  Time since last request: 0.035839 seconds.
  path: Assets/_ToS/Resources/Items/Weapons/Bow/Bow1.prefab
  artifactKey: Guid(531bcc80eebe59a44b04f10a02c36da7) Importer(815301076,1909f56bfc062723c751e8b465ee728b)
Start importing Assets/_ToS/Resources/Items/Weapons/Bow/Bow1.prefab using Guid(531bcc80eebe59a44b04f10a02c36da7) Importer(815301076,1909f56bfc062723c751e8b465ee728b)  -> (artifact id: '18a15cf3c3422cf2a02a9af80be92ced') in 4.536180 seconds 
========================================================================
Received Import Request.
  Time since last request: 0.000056 seconds.
  path: Assets/_ToS/Resources/Items/Weapons/Bow/Short Bow.prefab
  artifactKey: Guid(10addc2a62e45eb42bc0e3b1d3563bb5) Importer(815301076,1909f56bfc062723c751e8b465ee728b)
Start importing Assets/_ToS/Resources/Items/Weapons/Bow/Short Bow.prefab using Guid(10addc2a62e45eb42bc0e3b1d3563bb5) Importer(815301076,1909f56bfc062723c751e8b465ee728b)  -> (artifact id: '973c91eeb4929b9e0f521898cb04af41') in 0.056950 seconds 
========================================================================
Received Import Request.
  Time since last request: 0.000058 seconds.
  path: Assets/_ToS/Resources/Items/Weapons/Bow/Orc Bow.prefab
  artifactKey: Guid(8e576bb137e3a194e8ddb665feac6dce) Importer(815301076,1909f56bfc062723c751e8b465ee728b)
Start importing Assets/_ToS/Resources/Items/Weapons/Bow/Orc Bow.prefab using Guid(8e576bb137e3a194e8ddb665feac6dce) Importer(815301076,1909f56bfc062723c751e8b465ee728b)  -> (artifact id: '1e0a115b1b8c3daf62f186d574b5deca') in 0.074537 seconds 
========================================================================
Received Import Request.
  Time since last request: 113.360676 seconds.
  path: Assets/IconesTOS/Bidenhander.png
  artifactKey: Guid(68cbecd0aa0a0c54a831525eaf632183) Importer(815301076,1909f56bfc062723c751e8b465ee728b)
Start importing Assets/IconesTOS/Bidenhander.png using Guid(68cbecd0aa0a0c54a831525eaf632183) Importer(815301076,1909f56bfc062723c751e8b465ee728b)  -> (artifact id: '0e90120b11309778ec49cff685381690') in 0.021124 seconds 
========================================================================
Received Import Request.
  Time since last request: 0.000115 seconds.
  path: Assets/IconesTOS/Bow1.png
  artifactKey: Guid(97d5ce723c700c343805cd000c166335) Importer(815301076,1909f56bfc062723c751e8b465ee728b)
Start importing Assets/IconesTOS/Bow1.png using Guid(97d5ce723c700c343805cd000c166335) Importer(815301076,1909f56bfc062723c751e8b465ee728b)  -> (artifact id: 'ef20301adcd40ae1376db7dcb3bb5bd5') in 0.019372 seconds 
========================================================================
Received Import Request.
  Time since last request: 0.000057 seconds.
  path: Assets/IconesTOS/Orc Staff.png
  artifactKey: Guid(0bafd9e1352aba440a23bbf3d258704f) Importer(815301076,1909f56bfc062723c751e8b465ee728b)
Start importing Assets/IconesTOS/Orc Staff.png using Guid(0bafd9e1352aba440a23bbf3d258704f) Importer(815301076,1909f56bfc062723c751e8b465ee728b)  -> (artifact id: 'b50def39fdc85034e73aff9e7ebe4e9d') in 0.019743 seconds 
========================================================================
Received Import Request.
  Time since last request: 0.000080 seconds.
  path: Assets/IconesTOS/Demonic Flamberge.png
  artifactKey: Guid(523cd5b222153e34d98eb2ba6846d786) Importer(815301076,1909f56bfc062723c751e8b465ee728b)
Start importing Assets/IconesTOS/Demonic Flamberge.png using Guid(523cd5b222153e34d98eb2ba6846d786) Importer(815301076,1909f56bfc062723c751e8b465ee728b)  -> (artifact id: '9aaaab53a1bae244d440fae4f718e1ea') in 0.018031 seconds 
========================================================================
Received Import Request.
  Time since last request: 0.000059 seconds.
  path: Assets/IconesTOS/Crystal Staff.png
  artifactKey: Guid(7d0c9f5a5a4f26c4daafc27e01f134f9) Importer(815301076,1909f56bfc062723c751e8b465ee728b)
Start importing Assets/IconesTOS/Crystal Staff.png using Guid(7d0c9f5a5a4f26c4daafc27e01f134f9) Importer(815301076,1909f56bfc062723c751e8b465ee728b)  -> (artifact id: 'dd58e814820bdc654f07863e08c7b3f6') in 0.015334 seconds 
========================================================================
Received Import Request.
  Time since last request: 0.000053 seconds.
  path: Assets/IconesTOS/Great Sword.png
  artifactKey: Guid(1b9b5e7fe6e2c8541aebdd7f0c9e9770) Importer(815301076,1909f56bfc062723c751e8b465ee728b)
Start importing Assets/IconesTOS/Great Sword.png using Guid(1b9b5e7fe6e2c8541aebdd7f0c9e9770) Importer(815301076,1909f56bfc062723c751e8b465ee728b)  -> (artifact id: '3fea1e9f9c77089ea6538bbb0252ebad') in 0.016248 seconds 
========================================================================
Received Import Request.
  Time since last request: 0.000051 seconds.
  path: Assets/IconesTOS/Woodcutter Axe.png
  artifactKey: Guid(be40a268ea5831e47ac4ac7cf8f27733) Importer(815301076,1909f56bfc062723c751e8b465ee728b)
Start importing Assets/IconesTOS/Woodcutter Axe.png using Guid(be40a268ea5831e47ac4ac7cf8f27733) Importer(815301076,1909f56bfc062723c751e8b465ee728b)  -> (artifact id: 'cfb064332f3efd254a720c54f8dced50') in 0.016858 seconds 
Editor requested this worker to shutdown with reason: Scaling down because of idle timeout
AssetImportWorker is now disconnected from the server
Process exiting
Exiting without the bug reporter. Application will terminate with return code 0